<?xml version="1.0" encoding="UTF-8"?>
<!-- Generated by org.testng.reporters.JUnitXMLReporter -->
<testsuite hostname="LAPTOP-7HUNRUID" ignored="0" name="Surefire test" tests="11" failures="3" timestamp="2020-04-22T12:23:38 BST" time="527.604" errors="0">
  <testcase name="verifyUserAbleToNavigateToComputersPage" time="2.41" classname="com.demo.nopcommerce.testsuite.ComputerTest"/>
  <testcase name="verifyUserIsAbleToNavigateToDesktopPageViaComputersPage" time="55.337" classname="com.demo.nopcommerce.testsuite.ComputerTest"/>
  <testcase name="verifyUserFailedTestToNavigateToDesktopPage" time="54.364" classname="com.demo.nopcommerce.testsuite.ComputerTest">
    <failure type="java.lang.AssertionError" message="The following asserts failed:
	expected [Desk] but found [Desktops]">
      <![CDATA[java.lang.AssertionError: The following asserts failed:
expected [Desk] but found [Desktops]
at com.demo.nopcommerce.testsuite.ComputerTest.verifyUserFailedTestToNavigateToDesktopPage(ComputerTest.java:61)
at java.util.ArrayList.forEach(ArrayList.java:1249)
... Removed 34 stack frames]]>
    </failure>
  </testcase> <!-- verifyUserFailedTestToNavigateToDesktopPage -->
  <testcase name="verifyUserIsAbleToNavigatetoLoginPage" time="1.678" classname="com.demo.nopcommerce.testsuite.LoginTest"/>
  <testcase name="verifyUserIsAbleToLoginSuccessfully" time="54.744" classname="com.demo.nopcommerce.testsuite.LoginTest"/>
  <testcase name="verifyUserFailedLoginWithWrongDetails" time="4.016" classname="com.demo.nopcommerce.testsuite.LoginTest">
    <failure type="java.lang.AssertionError" message="expected [Wrong email] but found [About login / registration]">
      <![CDATA[java.lang.AssertionError: expected [Wrong email] but found [About login / registration]
at com.demo.nopcommerce.testsuite.LoginTest.verifyUserFailedLoginWithWrongDetails(LoginTest.java:78)
at java.util.ArrayList.forEach(ArrayList.java:1249)
... Removed 37 stack frames]]>
    </failure>
  </testcase> <!-- verifyUserFailedLoginWithWrongDetails -->
  <testcase name="verifyUserIsNotAbleToLoginWithInvalidCredentials" time="3.83" classname="com.demo.nopcommerce.testsuite.LoginTest"/>
  <testcase name="verifyThatUserIsAbleToNavigateToRegisterPage" time="1.65" classname="com.demo.nopcommerce.testsuite.RegistrationTest"/>
  <testcase name="verifyThatNewUserIsAbleToRegisterSuccessfully" time="89.47" classname="com.demo.nopcommerce.testsuite.RegistrationTest"/>
  <testcase name="verifyThatNewUserFailedTestToRegister" time="59.685" classname="com.demo.nopcommerce.testsuite.RegistrationTest">
    <failure type="java.lang.AssertionError" message="expected [Your registration] but found [Your registration completed]">
      <![CDATA[java.lang.AssertionError: expected [Your registration] but found [Your registration completed]
at com.demo.nopcommerce.testsuite.RegistrationTest.verifyThatNewUserFailedTestToRegister(RegistrationTest.java:103)
at java.util.ArrayList.forEach(ArrayList.java:1249)
... Removed 37 stack frames]]>
    </failure>
  </testcase> <!-- verifyThatNewUserFailedTestToRegister -->
  <testcase name="verifyUserisNotBeAbleToRegisterWithInvalidCredentials" time="6.291" classname="com.demo.nopcommerce.testsuite.RegistrationTest"/>
</testsuite> <!-- Surefire test -->
