<?xml version="1.0" encoding="utf-8" ?>
<!DOCTYPE html PUBLIC "-//W3C//DTD XHTML 1.0 Strict//EN"
        "http://www.w3.org/TR/xhtml1/DTD/xhtml1-strict.dtd">
<html xmlns="http://www.w3.org/1999/xhtml" xml:lang="" lang="">
<head>
  <title>Test Results Report - Login Test</title>
  <meta http-equiv="Content-Type" content="text/html;charset=utf-8" />
  <meta name="description" content="TestNG unit test results." />
  <link href="reportng.css" rel="stylesheet" type="text/css" />
    <script type="text/javascript" src="reportng.js"></script>
</head>
<body>
<h1>Login Test</h1>
<p>
  Test duration: 630.558s
</p>



  <table class="resultsTable">
    <tr><th colspan="3" class="header failed">Failed Tests</th></tr>
          <tr>
        <td colspan="3" class="group">com.demo.nopcommerce.testsuite.LoginTest</td>
      </tr>
            
<tr>
  <td class="method">
                  verifyUserFailedLoginWithWrongDetails
      </td>
  <td class="duration">
    2.693s
  </td>
  <td class="result">
        
    
            <div class="testOutput">
                        Clicking on Login Link : [[ChromeDriver: chrome on WINDOWS (dfc3269518243fc3b1b6be9843d750f4)] -> link text: Log in]<br>
                                Entering Email Id : Roger123@gmail.com On Email Field [[ChromeDriver: chrome on WINDOWS (dfc3269518243fc3b1b6be9843d750f4)] -> id: Email]<br>
                                Entering Password : Roger197777 On Password Field [[ChromeDriver: chrome on WINDOWS (dfc3269518243fc3b1b6be9843d750f4)] -> xpath: //input[@name='Password']]<br>
                                 Clicking on Login Button : [[ChromeDriver: chrome on WINDOWS (dfc3269518243fc3b1b6be9843d750f4)] -> xpath: //input[@class='button-1 login-button']]<br>
                                Getting Welcome Store Text[[ChromeDriver: chrome on WINDOWS (dfc3269518243fc3b1b6be9843d750f4)] -> xpath: //div[@class='topic-block-title']//h2]<br>
                                Click to see screenshot
                                <a target = "_blank" href=C:\Users\srini\IdeaProjects\nopcommerce-page-factory-project/test-output/html/verifyUserFailedLoginWithWrongDetailsWed_Apr_22_11_59_07_BST_2020.jpg>Screenshot</a>
                                <br>
                                <br>
                                <a target = "_blank" href=C:\Users\srini\IdeaProjects\nopcommerce-page-factory-project/test-output/html/verifyUserFailedLoginWithWrongDetailsWed_Apr_22_11_59_07_BST_2020.jpg><img src=C:\Users\srini\IdeaProjects\nopcommerce-page-factory-project/test-output/html/verifyUserFailedLoginWithWrongDetailsWed_Apr_22_11_59_07_BST_2020.jpg height=200 width=200></img></a>
                  </div>
    

        <a href="javascript:toggleElement('exception-0', 'block')" title="Click to expand/collapse"><b>java.lang.AssertionError: expected [Wrong email] but found [About login / registration]</b></a><br />
    <div class="stackTrace" id="exception-0">
              org.testng.Assert.fail(Assert.java:97)<br />
              org.testng.Assert.assertEqualsImpl(Assert.java:136)<br />
              org.testng.Assert.assertEquals(Assert.java:118)<br />
              org.testng.Assert.assertEquals(Assert.java:575)<br />
              org.testng.Assert.assertEquals(Assert.java:585)<br />
              com.demo.nopcommerce.testsuite.LoginTest.verifyUserFailedLoginWithWrongDetails(LoginTest.java:78)<br />
              sun.reflect.NativeMethodAccessorImpl.invoke0(Native Method)<br />
              sun.reflect.NativeMethodAccessorImpl.invoke(NativeMethodAccessorImpl.java:62)<br />
              sun.reflect.DelegatingMethodAccessorImpl.invoke(DelegatingMethodAccessorImpl.java:43)<br />
              java.lang.reflect.Method.invoke(Method.java:498)<br />
              org.testng.internal.MethodInvocationHelper.invokeMethod(MethodInvocationHelper.java:134)<br />
              org.testng.internal.TestInvoker.invokeMethod(TestInvoker.java:597)<br />
              org.testng.internal.TestInvoker.invokeTestMethod(TestInvoker.java:173)<br />
              org.testng.internal.MethodRunner.runInSequence(MethodRunner.java:46)<br />
              org.testng.internal.TestInvoker$MethodInvocationAgent.invoke(TestInvoker.java:816)<br />
              org.testng.internal.TestInvoker.invokeTestMethods(TestInvoker.java:146)<br />
              org.testng.internal.TestMethodWorker.invokeTestMethods(TestMethodWorker.java:146)<br />
              org.testng.internal.TestMethodWorker.run(TestMethodWorker.java:128)<br />
              java.util.ArrayList.forEach(ArrayList.java:1249)<br />
              org.testng.TestRunner.privateRun(TestRunner.java:766)<br />
              org.testng.TestRunner.run(TestRunner.java:587)<br />
              org.testng.SuiteRunner.runTest(SuiteRunner.java:384)<br />
              org.testng.SuiteRunner.runSequentially(SuiteRunner.java:378)<br />
              org.testng.SuiteRunner.privateRun(SuiteRunner.java:337)<br />
              org.testng.SuiteRunner.run(SuiteRunner.java:286)<br />
              org.testng.SuiteRunnerWorker.runSuite(SuiteRunnerWorker.java:53)<br />
              org.testng.SuiteRunnerWorker.run(SuiteRunnerWorker.java:96)<br />
              org.testng.TestNG.runSuitesSequentially(TestNG.java:1187)<br />
              org.testng.TestNG.runSuitesLocally(TestNG.java:1109)<br />
              org.testng.TestNG.runSuites(TestNG.java:1039)<br />
              org.testng.TestNG.run(TestNG.java:1007)<br />
              com.intellij.rt.testng.IDEARemoteTestNG.run(IDEARemoteTestNG.java:66)<br />
              com.intellij.rt.testng.RemoteTestNGStarter.main(RemoteTestNGStarter.java:110)<br />
                </div>
      </td>
</tr>
<tr>
  <td class="method">
                  verifyUserIsAbleToLoginSuccessfully
      </td>
  <td class="duration">
    3.784s
  </td>
  <td class="result">
        
    
            <div class="testOutput">
                        Clicking on Login Link : [[ChromeDriver: chrome on WINDOWS (d74134fc69cb7f8accabf4acc7d76dae)] -> link text: Log in]<br>
                                Entering Email Id : Roger123@gmail.com On Email Field [[ChromeDriver: chrome on WINDOWS (d74134fc69cb7f8accabf4acc7d76dae)] -> id: Email]<br>
                                Entering Password : Roger1980 On Password Field [[ChromeDriver: chrome on WINDOWS (d74134fc69cb7f8accabf4acc7d76dae)] -> xpath: //input[@name='Password']]<br>
                                 Clicking on Login Button : [[ChromeDriver: chrome on WINDOWS (d74134fc69cb7f8accabf4acc7d76dae)] -> xpath: //input[@class='button-1 login-button']]<br>
                                Getting Welcome Store Text[[ChromeDriver: chrome on WINDOWS (d74134fc69cb7f8accabf4acc7d76dae)] -> xpath: //div[@class='topic-block-title']//h2]<br>
                                Click to see screenshot
                                <a target = "_blank" href=C:\Users\srini\IdeaProjects\nopcommerce-page-factory-project/test-output/html/verifyUserIsAbleToLoginSuccessfullyWed_Apr_22_11_58_48_BST_2020.jpg>Screenshot</a>
                                <br>
                                <br>
                                <a target = "_blank" href=C:\Users\srini\IdeaProjects\nopcommerce-page-factory-project/test-output/html/verifyUserIsAbleToLoginSuccessfullyWed_Apr_22_11_58_48_BST_2020.jpg><img src=C:\Users\srini\IdeaProjects\nopcommerce-page-factory-project/test-output/html/verifyUserIsAbleToLoginSuccessfullyWed_Apr_22_11_58_48_BST_2020.jpg height=200 width=200></img></a>
                  </div>
    

        <a href="javascript:toggleElement('exception-1', 'block')" title="Click to expand/collapse"><b>java.lang.AssertionError: The following asserts failed:<br/>
	expected [true] but found [false]</b></a><br />
    <div class="stackTrace" id="exception-1">
              org.testng.asserts.SoftAssert.assertAll(SoftAssert.java:47)<br />
              org.testng.asserts.SoftAssert.assertAll(SoftAssert.java:31)<br />
              com.demo.nopcommerce.testsuite.LoginTest.verifyUserIsAbleToLoginSuccessfully(LoginTest.java:68)<br />
              sun.reflect.NativeMethodAccessorImpl.invoke0(Native Method)<br />
              sun.reflect.NativeMethodAccessorImpl.invoke(NativeMethodAccessorImpl.java:62)<br />
              sun.reflect.DelegatingMethodAccessorImpl.invoke(DelegatingMethodAccessorImpl.java:43)<br />
              java.lang.reflect.Method.invoke(Method.java:498)<br />
              org.testng.internal.MethodInvocationHelper.invokeMethod(MethodInvocationHelper.java:134)<br />
              org.testng.internal.TestInvoker.invokeMethod(TestInvoker.java:597)<br />
              org.testng.internal.TestInvoker.invokeTestMethod(TestInvoker.java:173)<br />
              org.testng.internal.MethodRunner.runInSequence(MethodRunner.java:46)<br />
              org.testng.internal.TestInvoker$MethodInvocationAgent.invoke(TestInvoker.java:816)<br />
              org.testng.internal.TestInvoker.invokeTestMethods(TestInvoker.java:146)<br />
              org.testng.internal.TestMethodWorker.invokeTestMethods(TestMethodWorker.java:146)<br />
              org.testng.internal.TestMethodWorker.run(TestMethodWorker.java:128)<br />
              java.util.ArrayList.forEach(ArrayList.java:1249)<br />
              org.testng.TestRunner.privateRun(TestRunner.java:766)<br />
              org.testng.TestRunner.run(TestRunner.java:587)<br />
              org.testng.SuiteRunner.runTest(SuiteRunner.java:384)<br />
              org.testng.SuiteRunner.runSequentially(SuiteRunner.java:378)<br />
              org.testng.SuiteRunner.privateRun(SuiteRunner.java:337)<br />
              org.testng.SuiteRunner.run(SuiteRunner.java:286)<br />
              org.testng.SuiteRunnerWorker.runSuite(SuiteRunnerWorker.java:53)<br />
              org.testng.SuiteRunnerWorker.run(SuiteRunnerWorker.java:96)<br />
              org.testng.TestNG.runSuitesSequentially(TestNG.java:1187)<br />
              org.testng.TestNG.runSuitesLocally(TestNG.java:1109)<br />
              org.testng.TestNG.runSuites(TestNG.java:1039)<br />
              org.testng.TestNG.run(TestNG.java:1007)<br />
              com.intellij.rt.testng.IDEARemoteTestNG.run(IDEARemoteTestNG.java:66)<br />
              com.intellij.rt.testng.RemoteTestNGStarter.main(RemoteTestNGStarter.java:110)<br />
                </div>
      </td>
</tr>
<tr>
  <td class="method">
                  verifyUserIsNotAbleToLoginWithInvalidCredentials
      </td>
  <td class="duration">
    152.087s
  </td>
  <td class="result">
        
    
            <div class="testOutput">
                        Clicking on Login Link : [[ChromeDriver: chrome on WINDOWS (4d57ac40592a77d1fa020374a89efaeb)] -> link text: Log in]<br>
                                Entering Email Id : Roger123@gmail.com On Email Field [[ChromeDriver: chrome on WINDOWS (4d57ac40592a77d1fa020374a89efaeb)] -> id: Email]<br>
                                Entering A Wrong Password : Roger197777 On Password Field [[ChromeDriver: chrome on WINDOWS (4d57ac40592a77d1fa020374a89efaeb)] -> xpath: //input[@name='Password']]<br>
                                 Clicking on Login Button : [[ChromeDriver: chrome on WINDOWS (4d57ac40592a77d1fa020374a89efaeb)] -> xpath: //input[@class='button-1 login-button']]<br>
                                 Getting Error Message Text : Proxy element for: DefaultElementLocator 'By.xpath: //div[@class='message-error validation-summary-errors']'<br>
                                Click to see screenshot
                                <a target = "_blank" href=C:\Users\srini\IdeaProjects\nopcommerce-page-factory-project/test-output/html/verifyUserIsNotAbleToLoginWithInvalidCredentialsWed_Apr_22_12_01_54_BST_2020.jpg>Screenshot</a>
                                <br>
                                <br>
                                <a target = "_blank" href=C:\Users\srini\IdeaProjects\nopcommerce-page-factory-project/test-output/html/verifyUserIsNotAbleToLoginWithInvalidCredentialsWed_Apr_22_12_01_54_BST_2020.jpg><img src=C:\Users\srini\IdeaProjects\nopcommerce-page-factory-project/test-output/html/verifyUserIsNotAbleToLoginWithInvalidCredentialsWed_Apr_22_12_01_54_BST_2020.jpg height=200 width=200></img></a>
                  </div>
    

        <a href="javascript:toggleElement('exception-2', 'block')" title="Click to expand/collapse"><b>org.openqa.selenium.NoSuchElementException: no such element: Unable to locate element: {&quot;method&quot;:&quot;xpath&quot;,&quot;selector&quot;:&quot;//div[@class=&apos;message-error validation-summary-errors&apos;]&quot;}<br/>
&nbsp; (Session info: chrome=80.0.3987.163)<br/>
For documentation on this error, please visit: https://www.seleniumhq.org/exceptions/no_such_element.html<br/>
Build info: version: &apos;3.141.59&apos;, revision: &apos;e82be7d358&apos;, time: &apos;2018-11-14T08:17:03&apos;<br/>
System info: host: &apos;LAPTOP-7HUNRUID&apos;, ip: &apos;192.168.0.8&apos;, os.name: &apos;Windows 10&apos;, os.arch: &apos;amd64&apos;, os.version: &apos;10.0&apos;, java.version: &apos;1.8.0_121&apos;<br/>
Driver info: org.openqa.selenium.chrome.ChromeDriver<br/>
Capabilities {acceptInsecureCerts: false, browserName: chrome, browserVersion: 80.0.3987.163, chrome: {chromedriverVersion: 80.0.3987.106 (f68069574609..., userDataDir: C:\Users\srini\AppData\Loca...}, goog:chromeOptions: {debuggerAddress: localhost:57009}, javascriptEnabled: true, networkConnectionEnabled: false, pageLoadStrategy: normal, platform: WINDOWS, platformName: WINDOWS, proxy: Proxy(), setWindowRect: true, strictFileInteractability: false, timeouts: {implicit: 0, pageLoad: 300000, script: 30000}, unhandledPromptBehavior: dismiss and notify}<br/>
Session ID: 4d57ac40592a77d1fa020374a89efaeb<br/>
*** Element info: {Using=xpath, value=//div[@class=&apos;message-error validation-summary-errors&apos;]}</b></a><br />
    <div class="stackTrace" id="exception-2">
              sun.reflect.GeneratedConstructorAccessor32.newInstance(Unknown Source)<br />
              sun.reflect.DelegatingConstructorAccessorImpl.newInstance(DelegatingConstructorAccessorImpl.java:45)<br />
              java.lang.reflect.Constructor.newInstance(Constructor.java:423)<br />
              org.openqa.selenium.remote.http.W3CHttpResponseCodec.createException(W3CHttpResponseCodec.java:187)<br />
              org.openqa.selenium.remote.http.W3CHttpResponseCodec.decode(W3CHttpResponseCodec.java:122)<br />
              org.openqa.selenium.remote.http.W3CHttpResponseCodec.decode(W3CHttpResponseCodec.java:49)<br />
              org.openqa.selenium.remote.HttpCommandExecutor.execute(HttpCommandExecutor.java:158)<br />
              org.openqa.selenium.remote.service.DriverCommandExecutor.execute(DriverCommandExecutor.java:83)<br />
              org.openqa.selenium.remote.RemoteWebDriver.execute(RemoteWebDriver.java:552)<br />
              org.openqa.selenium.remote.RemoteWebDriver.findElement(RemoteWebDriver.java:323)<br />
              org.openqa.selenium.remote.RemoteWebDriver.findElementByXPath(RemoteWebDriver.java:428)<br />
              org.openqa.selenium.By$ByXPath.findElement(By.java:353)<br />
              org.openqa.selenium.remote.RemoteWebDriver.findElement(RemoteWebDriver.java:315)<br />
              org.openqa.selenium.support.pagefactory.DefaultElementLocator.findElement(DefaultElementLocator.java:69)<br />
              org.openqa.selenium.support.pagefactory.internal.LocatingElementHandler.invoke(LocatingElementHandler.java:38)<br />
              com.sun.proxy.$Proxy10.getText(Unknown Source)<br />
              com.demo.nopcommerce.utility.Utility.getTextFromElement(Utility.java:54)<br />
              com.demo.nopcommerce.pages.LoginErrorMessagePage.getErrorMessageText(LoginErrorMessagePage.java:32)<br />
              com.demo.nopcommerce.testsuite.LoginTest.verifyUserIsNotAbleToLoginWithInvalidCredentials(LoginTest.java:93)<br />
              sun.reflect.NativeMethodAccessorImpl.invoke0(Native Method)<br />
              sun.reflect.NativeMethodAccessorImpl.invoke(NativeMethodAccessorImpl.java:62)<br />
              sun.reflect.DelegatingMethodAccessorImpl.invoke(DelegatingMethodAccessorImpl.java:43)<br />
              java.lang.reflect.Method.invoke(Method.java:498)<br />
              org.testng.internal.MethodInvocationHelper.invokeMethod(MethodInvocationHelper.java:134)<br />
              org.testng.internal.TestInvoker.invokeMethod(TestInvoker.java:597)<br />
              org.testng.internal.TestInvoker.invokeTestMethod(TestInvoker.java:173)<br />
              org.testng.internal.MethodRunner.runInSequence(MethodRunner.java:46)<br />
              org.testng.internal.TestInvoker$MethodInvocationAgent.invoke(TestInvoker.java:816)<br />
              org.testng.internal.TestInvoker.invokeTestMethods(TestInvoker.java:146)<br />
              org.testng.internal.TestMethodWorker.invokeTestMethods(TestMethodWorker.java:146)<br />
              org.testng.internal.TestMethodWorker.run(TestMethodWorker.java:128)<br />
              java.util.ArrayList.forEach(ArrayList.java:1249)<br />
              org.testng.TestRunner.privateRun(TestRunner.java:766)<br />
              org.testng.TestRunner.run(TestRunner.java:587)<br />
              org.testng.SuiteRunner.runTest(SuiteRunner.java:384)<br />
              org.testng.SuiteRunner.runSequentially(SuiteRunner.java:378)<br />
              org.testng.SuiteRunner.privateRun(SuiteRunner.java:337)<br />
              org.testng.SuiteRunner.run(SuiteRunner.java:286)<br />
              org.testng.SuiteRunnerWorker.runSuite(SuiteRunnerWorker.java:53)<br />
              org.testng.SuiteRunnerWorker.run(SuiteRunnerWorker.java:96)<br />
              org.testng.TestNG.runSuitesSequentially(TestNG.java:1187)<br />
              org.testng.TestNG.runSuitesLocally(TestNG.java:1109)<br />
              org.testng.TestNG.runSuites(TestNG.java:1039)<br />
              org.testng.TestNG.run(TestNG.java:1007)<br />
              com.intellij.rt.testng.IDEARemoteTestNG.run(IDEARemoteTestNG.java:66)<br />
              com.intellij.rt.testng.RemoteTestNGStarter.main(RemoteTestNGStarter.java:110)<br />
                </div>
      </td>
</tr>
          <tr>
        <td colspan="3" class="group">com.demo.nopcommerce.testsuite.LoginTestWithDataProvider</td>
      </tr>
            
<tr>
  <td class="method">
                  verifyUserFailedLoginTest
      </td>
  <td class="duration">
    2.044s
  </td>
  <td class="result">
        
          <i>Method arguments: </i><span class="arguments">" Roger123gmail.com", "Roger1980"</span><br />
    
            <div class="testOutput">
                        Clicking on Login Link : [[ChromeDriver: chrome on WINDOWS (bee3b93ab064cef20acf768cddd4afd3)] -> link text: Log in]<br>
                                Entering Email Id :  Roger123gmail.com On Email Field [[ChromeDriver: chrome on WINDOWS (bee3b93ab064cef20acf768cddd4afd3)] -> id: Email]<br>
                                Entering Password : Roger1980 On Password Field [[ChromeDriver: chrome on WINDOWS (bee3b93ab064cef20acf768cddd4afd3)] -> xpath: //input[@name='Password']]<br>
                                 Clicking on Login Button : [[ChromeDriver: chrome on WINDOWS (bee3b93ab064cef20acf768cddd4afd3)] -> xpath: //input[@class='button-1 login-button']]<br>
                                Getting Welcome Store Text[[ChromeDriver: chrome on WINDOWS (bee3b93ab064cef20acf768cddd4afd3)] -> xpath: //div[@class='topic-block-title']//h2]<br>
                                Click to see screenshot
                                <a target = "_blank" href=C:\Users\srini\IdeaProjects\nopcommerce-page-factory-project/test-output/html/verifyUserFailedLoginTestWed_Apr_22_12_05_46_BST_2020.jpg>Screenshot</a>
                                <br>
                                <br>
                                <a target = "_blank" href=C:\Users\srini\IdeaProjects\nopcommerce-page-factory-project/test-output/html/verifyUserFailedLoginTestWed_Apr_22_12_05_46_BST_2020.jpg><img src=C:\Users\srini\IdeaProjects\nopcommerce-page-factory-project/test-output/html/verifyUserFailedLoginTestWed_Apr_22_12_05_46_BST_2020.jpg height=200 width=200></img></a>
                  </div>
    

        <a href="javascript:toggleElement('exception-3', 'block')" title="Click to expand/collapse"><b>java.lang.AssertionError: expected [Wrong email] but found [About login / registration]</b></a><br />
    <div class="stackTrace" id="exception-3">
              org.testng.Assert.fail(Assert.java:97)<br />
              org.testng.Assert.assertEqualsImpl(Assert.java:136)<br />
              org.testng.Assert.assertEquals(Assert.java:118)<br />
              org.testng.Assert.assertEquals(Assert.java:575)<br />
              org.testng.Assert.assertEquals(Assert.java:585)<br />
              com.demo.nopcommerce.testsuite.LoginTestWithDataProvider.verifyUserFailedLoginTest(LoginTestWithDataProvider.java:85)<br />
              sun.reflect.NativeMethodAccessorImpl.invoke0(Native Method)<br />
              sun.reflect.NativeMethodAccessorImpl.invoke(NativeMethodAccessorImpl.java:62)<br />
              sun.reflect.DelegatingMethodAccessorImpl.invoke(DelegatingMethodAccessorImpl.java:43)<br />
              java.lang.reflect.Method.invoke(Method.java:498)<br />
              org.testng.internal.MethodInvocationHelper.invokeMethod(MethodInvocationHelper.java:134)<br />
              org.testng.internal.TestInvoker.invokeMethod(TestInvoker.java:597)<br />
              org.testng.internal.TestInvoker.invokeTestMethod(TestInvoker.java:173)<br />
              org.testng.internal.MethodRunner.runInSequence(MethodRunner.java:46)<br />
              org.testng.internal.TestInvoker$MethodInvocationAgent.invoke(TestInvoker.java:816)<br />
              org.testng.internal.TestInvoker.invokeTestMethods(TestInvoker.java:146)<br />
              org.testng.internal.TestMethodWorker.invokeTestMethods(TestMethodWorker.java:146)<br />
              org.testng.internal.TestMethodWorker.run(TestMethodWorker.java:128)<br />
              java.util.ArrayList.forEach(ArrayList.java:1249)<br />
              org.testng.TestRunner.privateRun(TestRunner.java:766)<br />
              org.testng.TestRunner.run(TestRunner.java:587)<br />
              org.testng.SuiteRunner.runTest(SuiteRunner.java:384)<br />
              org.testng.SuiteRunner.runSequentially(SuiteRunner.java:378)<br />
              org.testng.SuiteRunner.privateRun(SuiteRunner.java:337)<br />
              org.testng.SuiteRunner.run(SuiteRunner.java:286)<br />
              org.testng.SuiteRunnerWorker.runSuite(SuiteRunnerWorker.java:53)<br />
              org.testng.SuiteRunnerWorker.run(SuiteRunnerWorker.java:96)<br />
              org.testng.TestNG.runSuitesSequentially(TestNG.java:1187)<br />
              org.testng.TestNG.runSuitesLocally(TestNG.java:1109)<br />
              org.testng.TestNG.runSuites(TestNG.java:1039)<br />
              org.testng.TestNG.run(TestNG.java:1007)<br />
              com.intellij.rt.testng.IDEARemoteTestNG.run(IDEARemoteTestNG.java:66)<br />
              com.intellij.rt.testng.RemoteTestNGStarter.main(RemoteTestNGStarter.java:110)<br />
                </div>
      </td>
</tr>
<tr>
  <td class="method">
                  verifyUserFailedLoginTest
      </td>
  <td class="duration">
    3.278s
  </td>
  <td class="result">
        
          <i>Method arguments: </i><span class="arguments">" jamesbondaol.com", "bond123"</span><br />
    
            <div class="testOutput">
                        Clicking on Login Link : [[ChromeDriver: chrome on WINDOWS (94346da24e829a2d680a09abab9b57b8)] -> link text: Log in]<br>
                                Entering Email Id :  jamesbondaol.com On Email Field [[ChromeDriver: chrome on WINDOWS (94346da24e829a2d680a09abab9b57b8)] -> id: Email]<br>
                                Entering Password : bond123 On Password Field [[ChromeDriver: chrome on WINDOWS (94346da24e829a2d680a09abab9b57b8)] -> xpath: //input[@name='Password']]<br>
                                 Clicking on Login Button : [[ChromeDriver: chrome on WINDOWS (94346da24e829a2d680a09abab9b57b8)] -> xpath: //input[@class='button-1 login-button']]<br>
                                Getting Welcome Store Text[[ChromeDriver: chrome on WINDOWS (94346da24e829a2d680a09abab9b57b8)] -> xpath: //div[@class='topic-block-title']//h2]<br>
                                Click to see screenshot
                                <a target = "_blank" href=C:\Users\srini\IdeaProjects\nopcommerce-page-factory-project/test-output/html/verifyUserFailedLoginTestWed_Apr_22_12_05_31_BST_2020.jpg>Screenshot</a>
                                <br>
                                <br>
                                <a target = "_blank" href=C:\Users\srini\IdeaProjects\nopcommerce-page-factory-project/test-output/html/verifyUserFailedLoginTestWed_Apr_22_12_05_31_BST_2020.jpg><img src=C:\Users\srini\IdeaProjects\nopcommerce-page-factory-project/test-output/html/verifyUserFailedLoginTestWed_Apr_22_12_05_31_BST_2020.jpg height=200 width=200></img></a>
                  </div>
    

        <a href="javascript:toggleElement('exception-4', 'block')" title="Click to expand/collapse"><b>java.lang.AssertionError: expected [Wrong email] but found [About login / registration]</b></a><br />
    <div class="stackTrace" id="exception-4">
              org.testng.Assert.fail(Assert.java:97)<br />
              org.testng.Assert.assertEqualsImpl(Assert.java:136)<br />
              org.testng.Assert.assertEquals(Assert.java:118)<br />
              org.testng.Assert.assertEquals(Assert.java:575)<br />
              org.testng.Assert.assertEquals(Assert.java:585)<br />
              com.demo.nopcommerce.testsuite.LoginTestWithDataProvider.verifyUserFailedLoginTest(LoginTestWithDataProvider.java:85)<br />
              sun.reflect.NativeMethodAccessorImpl.invoke0(Native Method)<br />
              sun.reflect.NativeMethodAccessorImpl.invoke(NativeMethodAccessorImpl.java:62)<br />
              sun.reflect.DelegatingMethodAccessorImpl.invoke(DelegatingMethodAccessorImpl.java:43)<br />
              java.lang.reflect.Method.invoke(Method.java:498)<br />
              org.testng.internal.MethodInvocationHelper.invokeMethod(MethodInvocationHelper.java:134)<br />
              org.testng.internal.TestInvoker.invokeMethod(TestInvoker.java:597)<br />
              org.testng.internal.TestInvoker.invokeTestMethod(TestInvoker.java:173)<br />
              org.testng.internal.MethodRunner.runInSequence(MethodRunner.java:46)<br />
              org.testng.internal.TestInvoker$MethodInvocationAgent.invoke(TestInvoker.java:816)<br />
              org.testng.internal.TestInvoker.invokeTestMethods(TestInvoker.java:146)<br />
              org.testng.internal.TestMethodWorker.invokeTestMethods(TestMethodWorker.java:146)<br />
              org.testng.internal.TestMethodWorker.run(TestMethodWorker.java:128)<br />
              java.util.ArrayList.forEach(ArrayList.java:1249)<br />
              org.testng.TestRunner.privateRun(TestRunner.java:766)<br />
              org.testng.TestRunner.run(TestRunner.java:587)<br />
              org.testng.SuiteRunner.runTest(SuiteRunner.java:384)<br />
              org.testng.SuiteRunner.runSequentially(SuiteRunner.java:378)<br />
              org.testng.SuiteRunner.privateRun(SuiteRunner.java:337)<br />
              org.testng.SuiteRunner.run(SuiteRunner.java:286)<br />
              org.testng.SuiteRunnerWorker.runSuite(SuiteRunnerWorker.java:53)<br />
              org.testng.SuiteRunnerWorker.run(SuiteRunnerWorker.java:96)<br />
              org.testng.TestNG.runSuitesSequentially(TestNG.java:1187)<br />
              org.testng.TestNG.runSuitesLocally(TestNG.java:1109)<br />
              org.testng.TestNG.runSuites(TestNG.java:1039)<br />
              org.testng.TestNG.run(TestNG.java:1007)<br />
              com.intellij.rt.testng.IDEARemoteTestNG.run(IDEARemoteTestNG.java:66)<br />
              com.intellij.rt.testng.RemoteTestNGStarter.main(RemoteTestNGStarter.java:110)<br />
                </div>
      </td>
</tr>
          <tr>
        <td colspan="3" class="group">com.demo.nopcommerce.testsuite.LoginTestWithExcelData</td>
      </tr>
            
<tr>
  <td class="method">
                  verifyUserIsAbleToLoginSuccessfully
      </td>
  <td class="duration">
    5.463s
  </td>
  <td class="result">
        
          <i>Method arguments: </i><span class="arguments">"TestEmail@aol.com", "Test1234"</span><br />
    
            <div class="testOutput">
                        Clicking on Login Link : [[ChromeDriver: chrome on WINDOWS (e8bb7ca034c301bc406a8f8670497658)] -> link text: Log in]<br>
                                Entering Email Id : TestEmail@aol.com On Email Field [[ChromeDriver: chrome on WINDOWS (e8bb7ca034c301bc406a8f8670497658)] -> id: Email]<br>
                                Entering Password : Test1234 On Password Field [[ChromeDriver: chrome on WINDOWS (e8bb7ca034c301bc406a8f8670497658)] -> xpath: //input[@name='Password']]<br>
                                 Clicking on Login Button : [[ChromeDriver: chrome on WINDOWS (e8bb7ca034c301bc406a8f8670497658)] -> xpath: //input[@class='button-1 login-button']]<br>
                                Getting Welcome Store Text[[ChromeDriver: chrome on WINDOWS (e8bb7ca034c301bc406a8f8670497658)] -> xpath: //div[@class='topic-block-title']//h2]<br>
                                Click to see screenshot
                                <a target = "_blank" href=C:\Users\srini\IdeaProjects\nopcommerce-page-factory-project/test-output/html/verifyUserIsAbleToLoginSuccessfullyWed_Apr_22_12_08_29_BST_2020.jpg>Screenshot</a>
                                <br>
                                <br>
                                <a target = "_blank" href=C:\Users\srini\IdeaProjects\nopcommerce-page-factory-project/test-output/html/verifyUserIsAbleToLoginSuccessfullyWed_Apr_22_12_08_29_BST_2020.jpg><img src=C:\Users\srini\IdeaProjects\nopcommerce-page-factory-project/test-output/html/verifyUserIsAbleToLoginSuccessfullyWed_Apr_22_12_08_29_BST_2020.jpg height=200 width=200></img></a>
                  </div>
    

        <a href="javascript:toggleElement('exception-5', 'block')" title="Click to expand/collapse"><b>java.lang.AssertionError: The following asserts failed:<br/>
	expected [Welcome to our store] but found [About login / registration]</b></a><br />
    <div class="stackTrace" id="exception-5">
              org.testng.asserts.SoftAssert.assertAll(SoftAssert.java:47)<br />
              org.testng.asserts.SoftAssert.assertAll(SoftAssert.java:31)<br />
              com.demo.nopcommerce.testsuite.LoginTestWithExcelData.verifyUserIsAbleToLoginSuccessfully(LoginTestWithExcelData.java:68)<br />
              sun.reflect.NativeMethodAccessorImpl.invoke0(Native Method)<br />
              sun.reflect.NativeMethodAccessorImpl.invoke(NativeMethodAccessorImpl.java:62)<br />
              sun.reflect.DelegatingMethodAccessorImpl.invoke(DelegatingMethodAccessorImpl.java:43)<br />
              java.lang.reflect.Method.invoke(Method.java:498)<br />
              org.testng.internal.MethodInvocationHelper.invokeMethod(MethodInvocationHelper.java:134)<br />
              org.testng.internal.TestInvoker.invokeMethod(TestInvoker.java:597)<br />
              org.testng.internal.TestInvoker.invokeTestMethod(TestInvoker.java:173)<br />
              org.testng.internal.MethodRunner.runInSequence(MethodRunner.java:46)<br />
              org.testng.internal.TestInvoker$MethodInvocationAgent.invoke(TestInvoker.java:816)<br />
              org.testng.internal.TestInvoker.invokeTestMethods(TestInvoker.java:146)<br />
              org.testng.internal.TestMethodWorker.invokeTestMethods(TestMethodWorker.java:146)<br />
              org.testng.internal.TestMethodWorker.run(TestMethodWorker.java:128)<br />
              java.util.ArrayList.forEach(ArrayList.java:1249)<br />
              org.testng.TestRunner.privateRun(TestRunner.java:766)<br />
              org.testng.TestRunner.run(TestRunner.java:587)<br />
              org.testng.SuiteRunner.runTest(SuiteRunner.java:384)<br />
              org.testng.SuiteRunner.runSequentially(SuiteRunner.java:378)<br />
              org.testng.SuiteRunner.privateRun(SuiteRunner.java:337)<br />
              org.testng.SuiteRunner.run(SuiteRunner.java:286)<br />
              org.testng.SuiteRunnerWorker.runSuite(SuiteRunnerWorker.java:53)<br />
              org.testng.SuiteRunnerWorker.run(SuiteRunnerWorker.java:96)<br />
              org.testng.TestNG.runSuitesSequentially(TestNG.java:1187)<br />
              org.testng.TestNG.runSuitesLocally(TestNG.java:1109)<br />
              org.testng.TestNG.runSuites(TestNG.java:1039)<br />
              org.testng.TestNG.run(TestNG.java:1007)<br />
              com.intellij.rt.testng.IDEARemoteTestNG.run(IDEARemoteTestNG.java:66)<br />
              com.intellij.rt.testng.RemoteTestNGStarter.main(RemoteTestNGStarter.java:110)<br />
                </div>
      </td>
</tr>
<tr>
  <td class="method">
                  verifyUserIsAbleToLoginSuccessfully
      </td>
  <td class="duration">
    3.689s
  </td>
  <td class="result">
        
          <i>Method arguments: </i><span class="arguments">"EmaiLTest@test.com", "Emailtest1234"</span><br />
    
            <div class="testOutput">
                        Clicking on Login Link : [[ChromeDriver: chrome on WINDOWS (9ab05eb5c4d0cbe361a71c59eb26d134)] -> link text: Log in]<br>
                                Entering Email Id : EmaiLTest@test.com On Email Field [[ChromeDriver: chrome on WINDOWS (9ab05eb5c4d0cbe361a71c59eb26d134)] -> id: Email]<br>
                                Entering Password : Emailtest1234 On Password Field [[ChromeDriver: chrome on WINDOWS (9ab05eb5c4d0cbe361a71c59eb26d134)] -> xpath: //input[@name='Password']]<br>
                                 Clicking on Login Button : [[ChromeDriver: chrome on WINDOWS (9ab05eb5c4d0cbe361a71c59eb26d134)] -> xpath: //input[@class='button-1 login-button']]<br>
                                Getting Welcome Store Text[[ChromeDriver: chrome on WINDOWS (9ab05eb5c4d0cbe361a71c59eb26d134)] -> xpath: //div[@class='topic-block-title']//h2]<br>
                                Click to see screenshot
                                <a target = "_blank" href=C:\Users\srini\IdeaProjects\nopcommerce-page-factory-project/test-output/html/verifyUserIsAbleToLoginSuccessfullyWed_Apr_22_12_08_47_BST_2020.jpg>Screenshot</a>
                                <br>
                                <br>
                                <a target = "_blank" href=C:\Users\srini\IdeaProjects\nopcommerce-page-factory-project/test-output/html/verifyUserIsAbleToLoginSuccessfullyWed_Apr_22_12_08_47_BST_2020.jpg><img src=C:\Users\srini\IdeaProjects\nopcommerce-page-factory-project/test-output/html/verifyUserIsAbleToLoginSuccessfullyWed_Apr_22_12_08_47_BST_2020.jpg height=200 width=200></img></a>
                  </div>
    

        <a href="javascript:toggleElement('exception-6', 'block')" title="Click to expand/collapse"><b>java.lang.AssertionError: The following asserts failed:<br/>
	expected [Welcome to our store] but found [About login / registration],<br/>
	expected [Welcome to our store] but found [About login / registration]</b></a><br />
    <div class="stackTrace" id="exception-6">
              org.testng.asserts.SoftAssert.assertAll(SoftAssert.java:47)<br />
              org.testng.asserts.SoftAssert.assertAll(SoftAssert.java:31)<br />
              com.demo.nopcommerce.testsuite.LoginTestWithExcelData.verifyUserIsAbleToLoginSuccessfully(LoginTestWithExcelData.java:68)<br />
              sun.reflect.NativeMethodAccessorImpl.invoke0(Native Method)<br />
              sun.reflect.NativeMethodAccessorImpl.invoke(NativeMethodAccessorImpl.java:62)<br />
              sun.reflect.DelegatingMethodAccessorImpl.invoke(DelegatingMethodAccessorImpl.java:43)<br />
              java.lang.reflect.Method.invoke(Method.java:498)<br />
              org.testng.internal.MethodInvocationHelper.invokeMethod(MethodInvocationHelper.java:134)<br />
              org.testng.internal.TestInvoker.invokeMethod(TestInvoker.java:597)<br />
              org.testng.internal.TestInvoker.invokeTestMethod(TestInvoker.java:173)<br />
              org.testng.internal.MethodRunner.runInSequence(MethodRunner.java:46)<br />
              org.testng.internal.TestInvoker$MethodInvocationAgent.invoke(TestInvoker.java:816)<br />
              org.testng.internal.TestInvoker.invokeTestMethods(TestInvoker.java:146)<br />
              org.testng.internal.TestMethodWorker.invokeTestMethods(TestMethodWorker.java:146)<br />
              org.testng.internal.TestMethodWorker.run(TestMethodWorker.java:128)<br />
              java.util.ArrayList.forEach(ArrayList.java:1249)<br />
              org.testng.TestRunner.privateRun(TestRunner.java:766)<br />
              org.testng.TestRunner.run(TestRunner.java:587)<br />
              org.testng.SuiteRunner.runTest(SuiteRunner.java:384)<br />
              org.testng.SuiteRunner.runSequentially(SuiteRunner.java:378)<br />
              org.testng.SuiteRunner.privateRun(SuiteRunner.java:337)<br />
              org.testng.SuiteRunner.run(SuiteRunner.java:286)<br />
              org.testng.SuiteRunnerWorker.runSuite(SuiteRunnerWorker.java:53)<br />
              org.testng.SuiteRunnerWorker.run(SuiteRunnerWorker.java:96)<br />
              org.testng.TestNG.runSuitesSequentially(TestNG.java:1187)<br />
              org.testng.TestNG.runSuitesLocally(TestNG.java:1109)<br />
              org.testng.TestNG.runSuites(TestNG.java:1039)<br />
              org.testng.TestNG.run(TestNG.java:1007)<br />
              com.intellij.rt.testng.IDEARemoteTestNG.run(IDEARemoteTestNG.java:66)<br />
              com.intellij.rt.testng.RemoteTestNGStarter.main(RemoteTestNGStarter.java:110)<br />
                </div>
      </td>
</tr>
      </table>


  <table class="resultsTable">
    <tr><th colspan="3" class="header passed">Passed Tests</th></tr>
          <tr>
        <td colspan="3" class="group">com.demo.nopcommerce.testsuite.LoginTest</td>
      </tr>
            
<tr>
  <td class="method">
                  verifyUserIsAbleToNavigatetoLoginPage
      </td>
  <td class="duration">
    1.770s
  </td>
  <td class="result">
        
    
            <div class="testOutput">
                        Clicking on Login Link : [[ChromeDriver: chrome on WINDOWS (e361a60ad661dbece707a8cce3bbe8ce)] -> link text: Log in]<br>
                                 Getting Login Welcome Text Message : [[ChromeDriver: chrome on WINDOWS (e361a60ad661dbece707a8cce3bbe8ce)] -> xpath: //h1[contains(text(),'Welcome, Please Sign In!')]]<br>
                  </div>
    

      </td>
</tr>
          <tr>
        <td colspan="3" class="group">com.demo.nopcommerce.testsuite.LoginTestWithDataProvider</td>
      </tr>
            
<tr>
  <td class="method">
                  verifyUserIsAbleToLoginSuccessfully
      </td>
  <td class="duration">
    55.876s
  </td>
  <td class="result">
        
          <i>Method arguments: </i><span class="arguments">" jamesbond@aol.com", "bond123"</span><br />
    
            <div class="testOutput">
                        Clicking on Login Link : [[ChromeDriver: chrome on WINDOWS (7d03385de050b1809e24a3d4b9fe488c)] -> link text: Log in]<br>
                                Entering Email Id :  jamesbond@aol.com On Email Field [[ChromeDriver: chrome on WINDOWS (7d03385de050b1809e24a3d4b9fe488c)] -> id: Email]<br>
                                Entering Password : bond123 On Password Field [[ChromeDriver: chrome on WINDOWS (7d03385de050b1809e24a3d4b9fe488c)] -> xpath: //input[@name='Password']]<br>
                                 Clicking on Login Button : [[ChromeDriver: chrome on WINDOWS (7d03385de050b1809e24a3d4b9fe488c)] -> xpath: //input[@class='button-1 login-button']]<br>
                                Getting Welcome Store Text[[ChromeDriver: chrome on WINDOWS (7d03385de050b1809e24a3d4b9fe488c)] -> xpath: //div[@class='topic-block-title']//h2]<br>
                  </div>
    

      </td>
</tr>
<tr>
  <td class="method">
                  verifyUserIsAbleToLoginSuccessfully
      </td>
  <td class="duration">
    54.361s
  </td>
  <td class="result">
        
          <i>Method arguments: </i><span class="arguments">" Roger123@gmail.com", "Roger1980"</span><br />
    
            <div class="testOutput">
                        Clicking on Login Link : [[ChromeDriver: chrome on WINDOWS (7d2f2ee8364234040810f72c48d96e5f)] -> link text: Log in]<br>
                                Entering Email Id :  Roger123@gmail.com On Email Field [[ChromeDriver: chrome on WINDOWS (7d2f2ee8364234040810f72c48d96e5f)] -> id: Email]<br>
                                Entering Password : Roger1980 On Password Field [[ChromeDriver: chrome on WINDOWS (7d2f2ee8364234040810f72c48d96e5f)] -> xpath: //input[@name='Password']]<br>
                                 Clicking on Login Button : [[ChromeDriver: chrome on WINDOWS (7d2f2ee8364234040810f72c48d96e5f)] -> xpath: //input[@class='button-1 login-button']]<br>
                                Getting Welcome Store Text[[ChromeDriver: chrome on WINDOWS (7d2f2ee8364234040810f72c48d96e5f)] -> xpath: //div[@class='topic-block-title']//h2]<br>
                  </div>
    

      </td>
</tr>
<tr>
  <td class="method">
                  verifyUserIsAbleToNavigatetoLoginPage
      </td>
  <td class="duration">
    1.373s
  </td>
  <td class="result">
        
    
            <div class="testOutput">
                        Clicking on Login Link : [[ChromeDriver: chrome on WINDOWS (161012ae2b0e1be052af8025c717ac4c)] -> link text: Log in]<br>
                                 Getting Login Welcome Text Message : [[ChromeDriver: chrome on WINDOWS (161012ae2b0e1be052af8025c717ac4c)] -> xpath: //h1[contains(text(),'Welcome, Please Sign In!')]]<br>
                  </div>
    

      </td>
</tr>
<tr>
  <td class="method">
                  verifyUserIsNotAbleToLoginWithInvalidCredentials
      </td>
  <td class="duration">
    4.186s
  </td>
  <td class="result">
        
          <i>Method arguments: </i><span class="arguments">" jamesbond@aol.com", "bondage123"</span><br />
    
            <div class="testOutput">
                        Clicking on Login Link : [[ChromeDriver: chrome on WINDOWS (a9531665a4d778ce028bbf7c3ac46c48)] -> link text: Log in]<br>
                                Entering Email Id :  jamesbond@aol.com On Email Field [[ChromeDriver: chrome on WINDOWS (a9531665a4d778ce028bbf7c3ac46c48)] -> id: Email]<br>
                                Entering Password : bondage123 On Password Field [[ChromeDriver: chrome on WINDOWS (a9531665a4d778ce028bbf7c3ac46c48)] -> xpath: //input[@name='Password']]<br>
                                 Clicking on Login Button : [[ChromeDriver: chrome on WINDOWS (a9531665a4d778ce028bbf7c3ac46c48)] -> xpath: //input[@class='button-1 login-button']]<br>
                                 Getting Error Message Text : [[ChromeDriver: chrome on WINDOWS (a9531665a4d778ce028bbf7c3ac46c48)] -> xpath: //div[@class='message-error validation-summary-errors']]<br>
                  </div>
    

      </td>
</tr>
<tr>
  <td class="method">
                  verifyUserIsNotAbleToLoginWithInvalidCredentials
      </td>
  <td class="duration">
    4.953s
  </td>
  <td class="result">
        
          <i>Method arguments: </i><span class="arguments">" Roger123@gmail.com", "roger123"</span><br />
    
            <div class="testOutput">
                        Clicking on Login Link : [[ChromeDriver: chrome on WINDOWS (4e9b2ef3e21e7f60543f2e2d27e08de2)] -> link text: Log in]<br>
                                Entering Email Id :  Roger123@gmail.com On Email Field [[ChromeDriver: chrome on WINDOWS (4e9b2ef3e21e7f60543f2e2d27e08de2)] -> id: Email]<br>
                                Entering Password : roger123 On Password Field [[ChromeDriver: chrome on WINDOWS (4e9b2ef3e21e7f60543f2e2d27e08de2)] -> xpath: //input[@name='Password']]<br>
                                 Clicking on Login Button : [[ChromeDriver: chrome on WINDOWS (4e9b2ef3e21e7f60543f2e2d27e08de2)] -> xpath: //input[@class='button-1 login-button']]<br>
                                 Getting Error Message Text : [[ChromeDriver: chrome on WINDOWS (4e9b2ef3e21e7f60543f2e2d27e08de2)] -> xpath: //div[@class='message-error validation-summary-errors']]<br>
                  </div>
    

      </td>
</tr>
          <tr>
        <td colspan="3" class="group">com.demo.nopcommerce.testsuite.LoginTestWithExcelData</td>
      </tr>
            
<tr>
  <td class="method">
                  verifyUserIsAbleToLoginSuccessfully
      </td>
  <td class="duration">
    55.257s
  </td>
  <td class="result">
        
          <i>Method arguments: </i><span class="arguments">"Roger123@gmail.com", "Roger1980"</span><br />
    
            <div class="testOutput">
                        Clicking on Login Link : [[ChromeDriver: chrome on WINDOWS (d2e5892fcc7dffb6344465f2cd1a9400)] -> link text: Log in]<br>
                                Entering Email Id : Roger123@gmail.com On Email Field [[ChromeDriver: chrome on WINDOWS (d2e5892fcc7dffb6344465f2cd1a9400)] -> id: Email]<br>
                                Entering Password : Roger1980 On Password Field [[ChromeDriver: chrome on WINDOWS (d2e5892fcc7dffb6344465f2cd1a9400)] -> xpath: //input[@name='Password']]<br>
                                 Clicking on Login Button : [[ChromeDriver: chrome on WINDOWS (d2e5892fcc7dffb6344465f2cd1a9400)] -> xpath: //input[@class='button-1 login-button']]<br>
                                Getting Welcome Store Text[[ChromeDriver: chrome on WINDOWS (d2e5892fcc7dffb6344465f2cd1a9400)] -> xpath: //div[@class='topic-block-title']//h2]<br>
                  </div>
    

      </td>
</tr>
<tr>
  <td class="method">
                  verifyUserIsAbleToLoginSuccessfully
      </td>
  <td class="duration">
    55.283s
  </td>
  <td class="result">
        
          <i>Method arguments: </i><span class="arguments">"jamesbond@aol.com", "bond123"</span><br />
    
            <div class="testOutput">
                        Clicking on Login Link : [[ChromeDriver: chrome on WINDOWS (0d7b1653611d973e45c68a84dfd3911c)] -> link text: Log in]<br>
                                Entering Email Id : jamesbond@aol.com On Email Field [[ChromeDriver: chrome on WINDOWS (0d7b1653611d973e45c68a84dfd3911c)] -> id: Email]<br>
                                Entering Password : bond123 On Password Field [[ChromeDriver: chrome on WINDOWS (0d7b1653611d973e45c68a84dfd3911c)] -> xpath: //input[@name='Password']]<br>
                                 Clicking on Login Button : [[ChromeDriver: chrome on WINDOWS (0d7b1653611d973e45c68a84dfd3911c)] -> xpath: //input[@class='button-1 login-button']]<br>
                                Getting Welcome Store Text[[ChromeDriver: chrome on WINDOWS (0d7b1653611d973e45c68a84dfd3911c)] -> xpath: //div[@class='topic-block-title']//h2]<br>
                  </div>
    

      </td>
</tr>
      </table>
  
</body>
</html>
