<?xml version="1.0" encoding="utf-8" ?>
<!DOCTYPE html PUBLIC "-//W3C//DTD XHTML 1.0 Strict//EN"
        "http://www.w3.org/TR/xhtml1/DTD/xhtml1-strict.dtd">
<html xmlns="http://www.w3.org/1999/xhtml" xml:lang="" lang="">
<head>
  <title>Test Results Report - Registration Test</title>
  <meta http-equiv="Content-Type" content="text/html;charset=utf-8" />
  <meta name="description" content="TestNG unit test results." />
  <link href="reportng.css" rel="stylesheet" type="text/css" />
    <script type="text/javascript" src="reportng.js"></script>
</head>
<body>
<h1>Registration Test</h1>
<p>
  Test duration: 1503.657s
</p>



  <table class="resultsTable">
    <tr><th colspan="3" class="header failed">Failed Tests</th></tr>
          <tr>
        <td colspan="3" class="group">com.demo.nopcommerce.testsuite.RegistrationTest</td>
      </tr>
            
<tr>
  <td class="method">
                  verifyThatNewUserFailedTestToRegister
      </td>
  <td class="duration">
    57.437s
  </td>
  <td class="result">
        
    
            <div class="testOutput">
                        Clicking on Register Link : [[ChromeDriver: chrome on WINDOWS (7cc028b11eab07acecb8674bd692efc1)] -> link text: Register]<br>
                                Clicking on Male Gender Radio Button  : [[ChromeDriver: chrome on WINDOWS (7cc028b11eab07acecb8674bd692efc1)] -> id: gender-male]<br>
                                Entering First Name : Roger On First Name Field : [[ChromeDriver: chrome on WINDOWS (7cc028b11eab07acecb8674bd692efc1)] -> xpath: //input[@name='FirstName']]<br>
                                Entering Last Name : Moore On Last Name Field : [[ChromeDriver: chrome on WINDOWS (7cc028b11eab07acecb8674bd692efc1)] -> xpath: //input[@name='LastName']]<br>
                                Selecting Day of Birth : 1 On Day of Birth Field : [[ChromeDriver: chrome on WINDOWS (7cc028b11eab07acecb8674bd692efc1)] -> xpath: //select[@name='DateOfBirthDay']]<br>
                                Selecting Month of Birth : January On Month of Birth Field : [[ChromeDriver: chrome on WINDOWS (7cc028b11eab07acecb8674bd692efc1)] -> xpath: //select[@name='DateOfBirthMonth']]<br>
                                Selecting Year of Birth : 1980 On Year of Birth Field : [[ChromeDriver: chrome on WINDOWS (7cc028b11eab07acecb8674bd692efc1)] -> xpath: //select[@name='DateOfBirthYear']]<br>
                                Entering Email ID : Roger7zPj@gmail.com On Email Field : [[ChromeDriver: chrome on WINDOWS (7cc028b11eab07acecb8674bd692efc1)] -> xpath: //input[@name='Email']]<br>
                                Entering Company Name : Roger Moore International On Company Name Field : [[ChromeDriver: chrome on WINDOWS (7cc028b11eab07acecb8674bd692efc1)] -> xpath: //input[@name='Company']]<br>
                                Entering Password : RogerfWu On Password Field : [[ChromeDriver: chrome on WINDOWS (7cc028b11eab07acecb8674bd692efc1)] -> xpath: //input[@name='Password']]<br>
                                Confirming Password : RogerfWu On Confirm Password Field : [[ChromeDriver: chrome on WINDOWS (7cc028b11eab07acecb8674bd692efc1)] -> xpath: //input[@name='ConfirmPassword']]<br>
                                Clicking on Register Button  : [[ChromeDriver: chrome on WINDOWS (7cc028b11eab07acecb8674bd692efc1)] -> xpath: //input[@name='register-button']]<br>
                                Getting Registration Confirmation Text[[ChromeDriver: chrome on WINDOWS (7cc028b11eab07acecb8674bd692efc1)] -> xpath: //div[@class='result']]<br>
                                Click to see screenshot
                                <a target = "_blank" href=C:\Users\srini\IdeaProjects\nopcommerce-page-factory-project/test-output/html/verifyThatNewUserFailedTestToRegisterWed_Apr_22_11_35_41_BST_2020.jpg>Screenshot</a>
                                <br>
                                <br>
                                <a target = "_blank" href=C:\Users\srini\IdeaProjects\nopcommerce-page-factory-project/test-output/html/verifyThatNewUserFailedTestToRegisterWed_Apr_22_11_35_41_BST_2020.jpg><img src=C:\Users\srini\IdeaProjects\nopcommerce-page-factory-project/test-output/html/verifyThatNewUserFailedTestToRegisterWed_Apr_22_11_35_41_BST_2020.jpg height=200 width=200></img></a>
                  </div>
    

        <a href="javascript:toggleElement('exception-0', 'block')" title="Click to expand/collapse"><b>java.lang.AssertionError: expected [Your registration] but found [Your registration completed]</b></a><br />
    <div class="stackTrace" id="exception-0">
              org.testng.Assert.fail(Assert.java:97)<br />
              org.testng.Assert.assertEqualsImpl(Assert.java:136)<br />
              org.testng.Assert.assertEquals(Assert.java:118)<br />
              org.testng.Assert.assertEquals(Assert.java:575)<br />
              org.testng.Assert.assertEquals(Assert.java:585)<br />
              com.demo.nopcommerce.testsuite.RegistrationTest.verifyThatNewUserFailedTestToRegister(RegistrationTest.java:103)<br />
              sun.reflect.NativeMethodAccessorImpl.invoke0(Native Method)<br />
              sun.reflect.NativeMethodAccessorImpl.invoke(NativeMethodAccessorImpl.java:62)<br />
              sun.reflect.DelegatingMethodAccessorImpl.invoke(DelegatingMethodAccessorImpl.java:43)<br />
              java.lang.reflect.Method.invoke(Method.java:498)<br />
              org.testng.internal.MethodInvocationHelper.invokeMethod(MethodInvocationHelper.java:134)<br />
              org.testng.internal.TestInvoker.invokeMethod(TestInvoker.java:597)<br />
              org.testng.internal.TestInvoker.invokeTestMethod(TestInvoker.java:173)<br />
              org.testng.internal.MethodRunner.runInSequence(MethodRunner.java:46)<br />
              org.testng.internal.TestInvoker$MethodInvocationAgent.invoke(TestInvoker.java:816)<br />
              org.testng.internal.TestInvoker.invokeTestMethods(TestInvoker.java:146)<br />
              org.testng.internal.TestMethodWorker.invokeTestMethods(TestMethodWorker.java:146)<br />
              org.testng.internal.TestMethodWorker.run(TestMethodWorker.java:128)<br />
              java.util.ArrayList.forEach(ArrayList.java:1249)<br />
              org.testng.TestRunner.privateRun(TestRunner.java:766)<br />
              org.testng.TestRunner.run(TestRunner.java:587)<br />
              org.testng.SuiteRunner.runTest(SuiteRunner.java:384)<br />
              org.testng.SuiteRunner.runSequentially(SuiteRunner.java:378)<br />
              org.testng.SuiteRunner.privateRun(SuiteRunner.java:337)<br />
              org.testng.SuiteRunner.run(SuiteRunner.java:286)<br />
              org.testng.SuiteRunnerWorker.runSuite(SuiteRunnerWorker.java:53)<br />
              org.testng.SuiteRunnerWorker.run(SuiteRunnerWorker.java:96)<br />
              org.testng.TestNG.runSuitesSequentially(TestNG.java:1187)<br />
              org.testng.TestNG.runSuitesLocally(TestNG.java:1109)<br />
              org.testng.TestNG.runSuites(TestNG.java:1039)<br />
              org.testng.TestNG.run(TestNG.java:1007)<br />
              com.intellij.rt.testng.IDEARemoteTestNG.run(IDEARemoteTestNG.java:66)<br />
              com.intellij.rt.testng.RemoteTestNGStarter.main(RemoteTestNGStarter.java:110)<br />
                </div>
      </td>
</tr>
          <tr>
        <td colspan="3" class="group">com.demo.nopcommerce.testsuite.RegistrationTestWithDataProvider</td>
      </tr>
            
<tr>
  <td class="method">
                  verifyThatNewUserFailedTestToRegister
      </td>
  <td class="duration">
    155.468s
  </td>
  <td class="result">
        
          <i>Method arguments: </i><span class="arguments">"James", "Bond", "1", "April", "1970", "James Bond International"</span><br />
    
            <div class="testOutput">
                        Clicking on Register Link : [[ChromeDriver: chrome on WINDOWS (ee5aa782f55bccb9f153b92316f655cc)] -> link text: Register]<br>
                                Clicking on Male Gender Radio Button  : [[ChromeDriver: chrome on WINDOWS (ee5aa782f55bccb9f153b92316f655cc)] -> id: gender-male]<br>
                                Entering First Name : James On First Name Field : [[ChromeDriver: chrome on WINDOWS (ee5aa782f55bccb9f153b92316f655cc)] -> xpath: //input[@name='FirstName']]<br>
                                Entering Last Name : Bond On Last Name Field : [[ChromeDriver: chrome on WINDOWS (ee5aa782f55bccb9f153b92316f655cc)] -> xpath: //input[@name='LastName']]<br>
                                Selecting Day of Birth : 1 On Day of Birth Field : [[ChromeDriver: chrome on WINDOWS (ee5aa782f55bccb9f153b92316f655cc)] -> xpath: //select[@name='DateOfBirthDay']]<br>
                                Selecting Month of Birth : April On Month of Birth Field : [[ChromeDriver: chrome on WINDOWS (ee5aa782f55bccb9f153b92316f655cc)] -> xpath: //select[@name='DateOfBirthMonth']]<br>
                                Selecting Year of Birth : 1970 On Year of Birth Field : [[ChromeDriver: chrome on WINDOWS (ee5aa782f55bccb9f153b92316f655cc)] -> xpath: //select[@name='DateOfBirthYear']]<br>
                                Entering Company Name : James Bond International On Company Name Field : [[ChromeDriver: chrome on WINDOWS (ee5aa782f55bccb9f153b92316f655cc)] -> xpath: //input[@name='Company']]<br>
                                Entering Email ID : RogerbDgd@gmail.com On Email Field : [[ChromeDriver: chrome on WINDOWS (ee5aa782f55bccb9f153b92316f655cc)] -> xpath: //input[@name='Email']]<br>
                                Entering Password : RogerZjq On Password Field : [[ChromeDriver: chrome on WINDOWS (ee5aa782f55bccb9f153b92316f655cc)] -> xpath: //input[@name='Password']]<br>
                                Confirming Password : RogerJames123 On Confirm Password Field : [[ChromeDriver: chrome on WINDOWS (ee5aa782f55bccb9f153b92316f655cc)] -> xpath: //input[@name='ConfirmPassword']]<br>
                                Clicking on Register Button  : [[ChromeDriver: chrome on WINDOWS (ee5aa782f55bccb9f153b92316f655cc)] -> xpath: //input[@name='register-button']]<br>
                                Getting Registration Confirmation TextProxy element for: DefaultElementLocator 'By.xpath: //div[@class='result']'<br>
                                Click to see screenshot
                                <a target = "_blank" href=C:\Users\srini\IdeaProjects\nopcommerce-page-factory-project/test-output/html/verifyThatNewUserFailedTestToRegisterWed_Apr_22_11_46_37_BST_2020.jpg>Screenshot</a>
                                <br>
                                <br>
                                <a target = "_blank" href=C:\Users\srini\IdeaProjects\nopcommerce-page-factory-project/test-output/html/verifyThatNewUserFailedTestToRegisterWed_Apr_22_11_46_37_BST_2020.jpg><img src=C:\Users\srini\IdeaProjects\nopcommerce-page-factory-project/test-output/html/verifyThatNewUserFailedTestToRegisterWed_Apr_22_11_46_37_BST_2020.jpg height=200 width=200></img></a>
                  </div>
    

        <a href="javascript:toggleElement('exception-1', 'block')" title="Click to expand/collapse"><b>org.openqa.selenium.NoSuchElementException: no such element: Unable to locate element: {&quot;method&quot;:&quot;xpath&quot;,&quot;selector&quot;:&quot;//div[@class=&apos;result&apos;]&quot;}<br/>
&nbsp; (Session info: chrome=80.0.3987.163)<br/>
For documentation on this error, please visit: https://www.seleniumhq.org/exceptions/no_such_element.html<br/>
Build info: version: &apos;3.141.59&apos;, revision: &apos;e82be7d358&apos;, time: &apos;2018-11-14T08:17:03&apos;<br/>
System info: host: &apos;LAPTOP-7HUNRUID&apos;, ip: &apos;192.168.0.8&apos;, os.name: &apos;Windows 10&apos;, os.arch: &apos;amd64&apos;, os.version: &apos;10.0&apos;, java.version: &apos;1.8.0_121&apos;<br/>
Driver info: org.openqa.selenium.chrome.ChromeDriver<br/>
Capabilities {acceptInsecureCerts: false, browserName: chrome, browserVersion: 80.0.3987.163, chrome: {chromedriverVersion: 80.0.3987.106 (f68069574609..., userDataDir: C:\Users\srini\AppData\Loca...}, goog:chromeOptions: {debuggerAddress: localhost:56612}, javascriptEnabled: true, networkConnectionEnabled: false, pageLoadStrategy: normal, platform: WINDOWS, platformName: WINDOWS, proxy: Proxy(), setWindowRect: true, strictFileInteractability: false, timeouts: {implicit: 0, pageLoad: 300000, script: 30000}, unhandledPromptBehavior: dismiss and notify}<br/>
Session ID: ee5aa782f55bccb9f153b92316f655cc<br/>
*** Element info: {Using=xpath, value=//div[@class=&apos;result&apos;]}</b></a><br />
    <div class="stackTrace" id="exception-1">
              sun.reflect.NativeConstructorAccessorImpl.newInstance0(Native Method)<br />
              sun.reflect.NativeConstructorAccessorImpl.newInstance(NativeConstructorAccessorImpl.java:62)<br />
              sun.reflect.DelegatingConstructorAccessorImpl.newInstance(DelegatingConstructorAccessorImpl.java:45)<br />
              java.lang.reflect.Constructor.newInstance(Constructor.java:423)<br />
              org.openqa.selenium.remote.http.W3CHttpResponseCodec.createException(W3CHttpResponseCodec.java:187)<br />
              org.openqa.selenium.remote.http.W3CHttpResponseCodec.decode(W3CHttpResponseCodec.java:122)<br />
              org.openqa.selenium.remote.http.W3CHttpResponseCodec.decode(W3CHttpResponseCodec.java:49)<br />
              org.openqa.selenium.remote.HttpCommandExecutor.execute(HttpCommandExecutor.java:158)<br />
              org.openqa.selenium.remote.service.DriverCommandExecutor.execute(DriverCommandExecutor.java:83)<br />
              org.openqa.selenium.remote.RemoteWebDriver.execute(RemoteWebDriver.java:552)<br />
              org.openqa.selenium.remote.RemoteWebDriver.findElement(RemoteWebDriver.java:323)<br />
              org.openqa.selenium.remote.RemoteWebDriver.findElementByXPath(RemoteWebDriver.java:428)<br />
              org.openqa.selenium.By$ByXPath.findElement(By.java:353)<br />
              org.openqa.selenium.remote.RemoteWebDriver.findElement(RemoteWebDriver.java:315)<br />
              org.openqa.selenium.support.pagefactory.DefaultElementLocator.findElement(DefaultElementLocator.java:69)<br />
              org.openqa.selenium.support.pagefactory.internal.LocatingElementHandler.invoke(LocatingElementHandler.java:38)<br />
              com.sun.proxy.$Proxy10.getText(Unknown Source)<br />
              com.demo.nopcommerce.utility.Utility.getTextFromElement(Utility.java:54)<br />
              com.demo.nopcommerce.pages.RegistrationCompletePage.getRegistrationConfirmText(RegistrationCompletePage.java:38)<br />
              com.demo.nopcommerce.testsuite.RegistrationTestWithDataProvider.verifyThatNewUserFailedTestToRegister(RegistrationTestWithDataProvider.java:109)<br />
              sun.reflect.NativeMethodAccessorImpl.invoke0(Native Method)<br />
              sun.reflect.NativeMethodAccessorImpl.invoke(NativeMethodAccessorImpl.java:62)<br />
              sun.reflect.DelegatingMethodAccessorImpl.invoke(DelegatingMethodAccessorImpl.java:43)<br />
              java.lang.reflect.Method.invoke(Method.java:498)<br />
              org.testng.internal.MethodInvocationHelper.invokeMethod(MethodInvocationHelper.java:134)<br />
              org.testng.internal.TestInvoker.invokeMethod(TestInvoker.java:597)<br />
              org.testng.internal.TestInvoker.invokeTestMethod(TestInvoker.java:173)<br />
              org.testng.internal.MethodRunner.runInSequence(MethodRunner.java:46)<br />
              org.testng.internal.TestInvoker$MethodInvocationAgent.invoke(TestInvoker.java:816)<br />
              org.testng.internal.TestInvoker.invokeTestMethods(TestInvoker.java:146)<br />
              org.testng.internal.TestMethodWorker.invokeTestMethods(TestMethodWorker.java:146)<br />
              org.testng.internal.TestMethodWorker.run(TestMethodWorker.java:128)<br />
              java.util.ArrayList.forEach(ArrayList.java:1249)<br />
              org.testng.TestRunner.privateRun(TestRunner.java:766)<br />
              org.testng.TestRunner.run(TestRunner.java:587)<br />
              org.testng.SuiteRunner.runTest(SuiteRunner.java:384)<br />
              org.testng.SuiteRunner.runSequentially(SuiteRunner.java:378)<br />
              org.testng.SuiteRunner.privateRun(SuiteRunner.java:337)<br />
              org.testng.SuiteRunner.run(SuiteRunner.java:286)<br />
              org.testng.SuiteRunnerWorker.runSuite(SuiteRunnerWorker.java:53)<br />
              org.testng.SuiteRunnerWorker.run(SuiteRunnerWorker.java:96)<br />
              org.testng.TestNG.runSuitesSequentially(TestNG.java:1187)<br />
              org.testng.TestNG.runSuitesLocally(TestNG.java:1109)<br />
              org.testng.TestNG.runSuites(TestNG.java:1039)<br />
              org.testng.TestNG.run(TestNG.java:1007)<br />
              com.intellij.rt.testng.IDEARemoteTestNG.run(IDEARemoteTestNG.java:66)<br />
              com.intellij.rt.testng.RemoteTestNGStarter.main(RemoteTestNGStarter.java:110)<br />
                </div>
      </td>
</tr>
<tr>
  <td class="method">
                  verifyThatNewUserFailedTestToRegister
      </td>
  <td class="duration">
    154.773s
  </td>
  <td class="result">
        
          <i>Method arguments: </i><span class="arguments">"Roger", "Moore", "1", "January", "1980", "Roger Moore International"</span><br />
    
            <div class="testOutput">
                        Clicking on Register Link : [[ChromeDriver: chrome on WINDOWS (e45ecd338a0c134de9a020a63e71c2c4)] -> link text: Register]<br>
                                Clicking on Male Gender Radio Button  : [[ChromeDriver: chrome on WINDOWS (e45ecd338a0c134de9a020a63e71c2c4)] -> id: gender-male]<br>
                                Entering First Name : Roger On First Name Field : [[ChromeDriver: chrome on WINDOWS (e45ecd338a0c134de9a020a63e71c2c4)] -> xpath: //input[@name='FirstName']]<br>
                                Entering Last Name : Moore On Last Name Field : [[ChromeDriver: chrome on WINDOWS (e45ecd338a0c134de9a020a63e71c2c4)] -> xpath: //input[@name='LastName']]<br>
                                Selecting Day of Birth : 1 On Day of Birth Field : [[ChromeDriver: chrome on WINDOWS (e45ecd338a0c134de9a020a63e71c2c4)] -> xpath: //select[@name='DateOfBirthDay']]<br>
                                Selecting Month of Birth : January On Month of Birth Field : [[ChromeDriver: chrome on WINDOWS (e45ecd338a0c134de9a020a63e71c2c4)] -> xpath: //select[@name='DateOfBirthMonth']]<br>
                                Selecting Year of Birth : 1980 On Year of Birth Field : [[ChromeDriver: chrome on WINDOWS (e45ecd338a0c134de9a020a63e71c2c4)] -> xpath: //select[@name='DateOfBirthYear']]<br>
                                Entering Company Name : Roger Moore International On Company Name Field : [[ChromeDriver: chrome on WINDOWS (e45ecd338a0c134de9a020a63e71c2c4)] -> xpath: //input[@name='Company']]<br>
                                Entering Email ID : Roger0DGq@gmail.com On Email Field : [[ChromeDriver: chrome on WINDOWS (e45ecd338a0c134de9a020a63e71c2c4)] -> xpath: //input[@name='Email']]<br>
                                Entering Password : RogerdP2 On Password Field : [[ChromeDriver: chrome on WINDOWS (e45ecd338a0c134de9a020a63e71c2c4)] -> xpath: //input[@name='Password']]<br>
                                Confirming Password : RogerJames123 On Confirm Password Field : [[ChromeDriver: chrome on WINDOWS (e45ecd338a0c134de9a020a63e71c2c4)] -> xpath: //input[@name='ConfirmPassword']]<br>
                                Clicking on Register Button  : [[ChromeDriver: chrome on WINDOWS (e45ecd338a0c134de9a020a63e71c2c4)] -> xpath: //input[@name='register-button']]<br>
                                Getting Registration Confirmation TextProxy element for: DefaultElementLocator 'By.xpath: //div[@class='result']'<br>
                                Click to see screenshot
                                <a target = "_blank" href=C:\Users\srini\IdeaProjects\nopcommerce-page-factory-project/test-output/html/verifyThatNewUserFailedTestToRegisterWed_Apr_22_11_43_47_BST_2020.jpg>Screenshot</a>
                                <br>
                                <br>
                                <a target = "_blank" href=C:\Users\srini\IdeaProjects\nopcommerce-page-factory-project/test-output/html/verifyThatNewUserFailedTestToRegisterWed_Apr_22_11_43_47_BST_2020.jpg><img src=C:\Users\srini\IdeaProjects\nopcommerce-page-factory-project/test-output/html/verifyThatNewUserFailedTestToRegisterWed_Apr_22_11_43_47_BST_2020.jpg height=200 width=200></img></a>
                  </div>
    

        <a href="javascript:toggleElement('exception-2', 'block')" title="Click to expand/collapse"><b>org.openqa.selenium.NoSuchElementException: no such element: Unable to locate element: {&quot;method&quot;:&quot;xpath&quot;,&quot;selector&quot;:&quot;//div[@class=&apos;result&apos;]&quot;}<br/>
&nbsp; (Session info: chrome=80.0.3987.163)<br/>
For documentation on this error, please visit: https://www.seleniumhq.org/exceptions/no_such_element.html<br/>
Build info: version: &apos;3.141.59&apos;, revision: &apos;e82be7d358&apos;, time: &apos;2018-11-14T08:17:03&apos;<br/>
System info: host: &apos;LAPTOP-7HUNRUID&apos;, ip: &apos;192.168.0.8&apos;, os.name: &apos;Windows 10&apos;, os.arch: &apos;amd64&apos;, os.version: &apos;10.0&apos;, java.version: &apos;1.8.0_121&apos;<br/>
Driver info: org.openqa.selenium.chrome.ChromeDriver<br/>
Capabilities {acceptInsecureCerts: false, browserName: chrome, browserVersion: 80.0.3987.163, chrome: {chromedriverVersion: 80.0.3987.106 (f68069574609..., userDataDir: C:\Users\srini\AppData\Loca...}, goog:chromeOptions: {debuggerAddress: localhost:56559}, javascriptEnabled: true, networkConnectionEnabled: false, pageLoadStrategy: normal, platform: WINDOWS, platformName: WINDOWS, proxy: Proxy(), setWindowRect: true, strictFileInteractability: false, timeouts: {implicit: 0, pageLoad: 300000, script: 30000}, unhandledPromptBehavior: dismiss and notify}<br/>
Session ID: e45ecd338a0c134de9a020a63e71c2c4<br/>
*** Element info: {Using=xpath, value=//div[@class=&apos;result&apos;]}</b></a><br />
    <div class="stackTrace" id="exception-2">
              sun.reflect.NativeConstructorAccessorImpl.newInstance0(Native Method)<br />
              sun.reflect.NativeConstructorAccessorImpl.newInstance(NativeConstructorAccessorImpl.java:62)<br />
              sun.reflect.DelegatingConstructorAccessorImpl.newInstance(DelegatingConstructorAccessorImpl.java:45)<br />
              java.lang.reflect.Constructor.newInstance(Constructor.java:423)<br />
              org.openqa.selenium.remote.http.W3CHttpResponseCodec.createException(W3CHttpResponseCodec.java:187)<br />
              org.openqa.selenium.remote.http.W3CHttpResponseCodec.decode(W3CHttpResponseCodec.java:122)<br />
              org.openqa.selenium.remote.http.W3CHttpResponseCodec.decode(W3CHttpResponseCodec.java:49)<br />
              org.openqa.selenium.remote.HttpCommandExecutor.execute(HttpCommandExecutor.java:158)<br />
              org.openqa.selenium.remote.service.DriverCommandExecutor.execute(DriverCommandExecutor.java:83)<br />
              org.openqa.selenium.remote.RemoteWebDriver.execute(RemoteWebDriver.java:552)<br />
              org.openqa.selenium.remote.RemoteWebDriver.findElement(RemoteWebDriver.java:323)<br />
              org.openqa.selenium.remote.RemoteWebDriver.findElementByXPath(RemoteWebDriver.java:428)<br />
              org.openqa.selenium.By$ByXPath.findElement(By.java:353)<br />
              org.openqa.selenium.remote.RemoteWebDriver.findElement(RemoteWebDriver.java:315)<br />
              org.openqa.selenium.support.pagefactory.DefaultElementLocator.findElement(DefaultElementLocator.java:69)<br />
              org.openqa.selenium.support.pagefactory.internal.LocatingElementHandler.invoke(LocatingElementHandler.java:38)<br />
              com.sun.proxy.$Proxy10.getText(Unknown Source)<br />
              com.demo.nopcommerce.utility.Utility.getTextFromElement(Utility.java:54)<br />
              com.demo.nopcommerce.pages.RegistrationCompletePage.getRegistrationConfirmText(RegistrationCompletePage.java:38)<br />
              com.demo.nopcommerce.testsuite.RegistrationTestWithDataProvider.verifyThatNewUserFailedTestToRegister(RegistrationTestWithDataProvider.java:109)<br />
              sun.reflect.NativeMethodAccessorImpl.invoke0(Native Method)<br />
              sun.reflect.NativeMethodAccessorImpl.invoke(NativeMethodAccessorImpl.java:62)<br />
              sun.reflect.DelegatingMethodAccessorImpl.invoke(DelegatingMethodAccessorImpl.java:43)<br />
              java.lang.reflect.Method.invoke(Method.java:498)<br />
              org.testng.internal.MethodInvocationHelper.invokeMethod(MethodInvocationHelper.java:134)<br />
              org.testng.internal.TestInvoker.invokeMethod(TestInvoker.java:597)<br />
              org.testng.internal.TestInvoker.invokeTestMethod(TestInvoker.java:173)<br />
              org.testng.internal.MethodRunner.runInSequence(MethodRunner.java:46)<br />
              org.testng.internal.TestInvoker$MethodInvocationAgent.invoke(TestInvoker.java:816)<br />
              org.testng.internal.TestInvoker.invokeTestMethods(TestInvoker.java:146)<br />
              org.testng.internal.TestMethodWorker.invokeTestMethods(TestMethodWorker.java:146)<br />
              org.testng.internal.TestMethodWorker.run(TestMethodWorker.java:128)<br />
              java.util.ArrayList.forEach(ArrayList.java:1249)<br />
              org.testng.TestRunner.privateRun(TestRunner.java:766)<br />
              org.testng.TestRunner.run(TestRunner.java:587)<br />
              org.testng.SuiteRunner.runTest(SuiteRunner.java:384)<br />
              org.testng.SuiteRunner.runSequentially(SuiteRunner.java:378)<br />
              org.testng.SuiteRunner.privateRun(SuiteRunner.java:337)<br />
              org.testng.SuiteRunner.run(SuiteRunner.java:286)<br />
              org.testng.SuiteRunnerWorker.runSuite(SuiteRunnerWorker.java:53)<br />
              org.testng.SuiteRunnerWorker.run(SuiteRunnerWorker.java:96)<br />
              org.testng.TestNG.runSuitesSequentially(TestNG.java:1187)<br />
              org.testng.TestNG.runSuitesLocally(TestNG.java:1109)<br />
              org.testng.TestNG.runSuites(TestNG.java:1039)<br />
              org.testng.TestNG.run(TestNG.java:1007)<br />
              com.intellij.rt.testng.IDEARemoteTestNG.run(IDEARemoteTestNG.java:66)<br />
              com.intellij.rt.testng.RemoteTestNGStarter.main(RemoteTestNGStarter.java:110)<br />
                </div>
      </td>
</tr>
<tr>
  <td class="method">
                  verifyThatNewUserFailedTestToRegister
      </td>
  <td class="duration">
    155.123s
  </td>
  <td class="result">
        
          <i>Method arguments: </i><span class="arguments">"Test", "Case", "1", "May", "1990", "Advance Testing"</span><br />
    
            <div class="testOutput">
                        Clicking on Register Link : [[ChromeDriver: chrome on WINDOWS (a05acbd6622f2a236f3fb0372f31fcc1)] -> link text: Register]<br>
                                Clicking on Male Gender Radio Button  : [[ChromeDriver: chrome on WINDOWS (a05acbd6622f2a236f3fb0372f31fcc1)] -> id: gender-male]<br>
                                Entering First Name : Test On First Name Field : [[ChromeDriver: chrome on WINDOWS (a05acbd6622f2a236f3fb0372f31fcc1)] -> xpath: //input[@name='FirstName']]<br>
                                Entering Last Name : Case On Last Name Field : [[ChromeDriver: chrome on WINDOWS (a05acbd6622f2a236f3fb0372f31fcc1)] -> xpath: //input[@name='LastName']]<br>
                                Selecting Day of Birth : 1 On Day of Birth Field : [[ChromeDriver: chrome on WINDOWS (a05acbd6622f2a236f3fb0372f31fcc1)] -> xpath: //select[@name='DateOfBirthDay']]<br>
                                Selecting Month of Birth : May On Month of Birth Field : [[ChromeDriver: chrome on WINDOWS (a05acbd6622f2a236f3fb0372f31fcc1)] -> xpath: //select[@name='DateOfBirthMonth']]<br>
                                Selecting Year of Birth : 1990 On Year of Birth Field : [[ChromeDriver: chrome on WINDOWS (a05acbd6622f2a236f3fb0372f31fcc1)] -> xpath: //select[@name='DateOfBirthYear']]<br>
                                Entering Company Name : Advance Testing On Company Name Field : [[ChromeDriver: chrome on WINDOWS (a05acbd6622f2a236f3fb0372f31fcc1)] -> xpath: //input[@name='Company']]<br>
                                Entering Email ID : RogerFV94@gmail.com On Email Field : [[ChromeDriver: chrome on WINDOWS (a05acbd6622f2a236f3fb0372f31fcc1)] -> xpath: //input[@name='Email']]<br>
                                Entering Password : RogervpZ On Password Field : [[ChromeDriver: chrome on WINDOWS (a05acbd6622f2a236f3fb0372f31fcc1)] -> xpath: //input[@name='Password']]<br>
                                Confirming Password : RogerJames123 On Confirm Password Field : [[ChromeDriver: chrome on WINDOWS (a05acbd6622f2a236f3fb0372f31fcc1)] -> xpath: //input[@name='ConfirmPassword']]<br>
                                Clicking on Register Button  : [[ChromeDriver: chrome on WINDOWS (a05acbd6622f2a236f3fb0372f31fcc1)] -> xpath: //input[@name='register-button']]<br>
                                Getting Registration Confirmation TextProxy element for: DefaultElementLocator 'By.xpath: //div[@class='result']'<br>
                                Click to see screenshot
                                <a target = "_blank" href=C:\Users\srini\IdeaProjects\nopcommerce-page-factory-project/test-output/html/verifyThatNewUserFailedTestToRegisterWed_Apr_22_11_49_27_BST_2020.jpg>Screenshot</a>
                                <br>
                                <br>
                                <a target = "_blank" href=C:\Users\srini\IdeaProjects\nopcommerce-page-factory-project/test-output/html/verifyThatNewUserFailedTestToRegisterWed_Apr_22_11_49_27_BST_2020.jpg><img src=C:\Users\srini\IdeaProjects\nopcommerce-page-factory-project/test-output/html/verifyThatNewUserFailedTestToRegisterWed_Apr_22_11_49_27_BST_2020.jpg height=200 width=200></img></a>
                  </div>
    

        <a href="javascript:toggleElement('exception-3', 'block')" title="Click to expand/collapse"><b>org.openqa.selenium.NoSuchElementException: no such element: Unable to locate element: {&quot;method&quot;:&quot;xpath&quot;,&quot;selector&quot;:&quot;//div[@class=&apos;result&apos;]&quot;}<br/>
&nbsp; (Session info: chrome=80.0.3987.163)<br/>
For documentation on this error, please visit: https://www.seleniumhq.org/exceptions/no_such_element.html<br/>
Build info: version: &apos;3.141.59&apos;, revision: &apos;e82be7d358&apos;, time: &apos;2018-11-14T08:17:03&apos;<br/>
System info: host: &apos;LAPTOP-7HUNRUID&apos;, ip: &apos;192.168.0.8&apos;, os.name: &apos;Windows 10&apos;, os.arch: &apos;amd64&apos;, os.version: &apos;10.0&apos;, java.version: &apos;1.8.0_121&apos;<br/>
Driver info: org.openqa.selenium.chrome.ChromeDriver<br/>
Capabilities {acceptInsecureCerts: false, browserName: chrome, browserVersion: 80.0.3987.163, chrome: {chromedriverVersion: 80.0.3987.106 (f68069574609..., userDataDir: C:\Users\srini\AppData\Loca...}, goog:chromeOptions: {debuggerAddress: localhost:56660}, javascriptEnabled: true, networkConnectionEnabled: false, pageLoadStrategy: normal, platform: WINDOWS, platformName: WINDOWS, proxy: Proxy(), setWindowRect: true, strictFileInteractability: false, timeouts: {implicit: 0, pageLoad: 300000, script: 30000}, unhandledPromptBehavior: dismiss and notify}<br/>
Session ID: a05acbd6622f2a236f3fb0372f31fcc1<br/>
*** Element info: {Using=xpath, value=//div[@class=&apos;result&apos;]}</b></a><br />
    <div class="stackTrace" id="exception-3">
              sun.reflect.NativeConstructorAccessorImpl.newInstance0(Native Method)<br />
              sun.reflect.NativeConstructorAccessorImpl.newInstance(NativeConstructorAccessorImpl.java:62)<br />
              sun.reflect.DelegatingConstructorAccessorImpl.newInstance(DelegatingConstructorAccessorImpl.java:45)<br />
              java.lang.reflect.Constructor.newInstance(Constructor.java:423)<br />
              org.openqa.selenium.remote.http.W3CHttpResponseCodec.createException(W3CHttpResponseCodec.java:187)<br />
              org.openqa.selenium.remote.http.W3CHttpResponseCodec.decode(W3CHttpResponseCodec.java:122)<br />
              org.openqa.selenium.remote.http.W3CHttpResponseCodec.decode(W3CHttpResponseCodec.java:49)<br />
              org.openqa.selenium.remote.HttpCommandExecutor.execute(HttpCommandExecutor.java:158)<br />
              org.openqa.selenium.remote.service.DriverCommandExecutor.execute(DriverCommandExecutor.java:83)<br />
              org.openqa.selenium.remote.RemoteWebDriver.execute(RemoteWebDriver.java:552)<br />
              org.openqa.selenium.remote.RemoteWebDriver.findElement(RemoteWebDriver.java:323)<br />
              org.openqa.selenium.remote.RemoteWebDriver.findElementByXPath(RemoteWebDriver.java:428)<br />
              org.openqa.selenium.By$ByXPath.findElement(By.java:353)<br />
              org.openqa.selenium.remote.RemoteWebDriver.findElement(RemoteWebDriver.java:315)<br />
              org.openqa.selenium.support.pagefactory.DefaultElementLocator.findElement(DefaultElementLocator.java:69)<br />
              org.openqa.selenium.support.pagefactory.internal.LocatingElementHandler.invoke(LocatingElementHandler.java:38)<br />
              com.sun.proxy.$Proxy10.getText(Unknown Source)<br />
              com.demo.nopcommerce.utility.Utility.getTextFromElement(Utility.java:54)<br />
              com.demo.nopcommerce.pages.RegistrationCompletePage.getRegistrationConfirmText(RegistrationCompletePage.java:38)<br />
              com.demo.nopcommerce.testsuite.RegistrationTestWithDataProvider.verifyThatNewUserFailedTestToRegister(RegistrationTestWithDataProvider.java:109)<br />
              sun.reflect.NativeMethodAccessorImpl.invoke0(Native Method)<br />
              sun.reflect.NativeMethodAccessorImpl.invoke(NativeMethodAccessorImpl.java:62)<br />
              sun.reflect.DelegatingMethodAccessorImpl.invoke(DelegatingMethodAccessorImpl.java:43)<br />
              java.lang.reflect.Method.invoke(Method.java:498)<br />
              org.testng.internal.MethodInvocationHelper.invokeMethod(MethodInvocationHelper.java:134)<br />
              org.testng.internal.TestInvoker.invokeMethod(TestInvoker.java:597)<br />
              org.testng.internal.TestInvoker.invokeTestMethod(TestInvoker.java:173)<br />
              org.testng.internal.MethodRunner.runInSequence(MethodRunner.java:46)<br />
              org.testng.internal.TestInvoker$MethodInvocationAgent.invoke(TestInvoker.java:816)<br />
              org.testng.internal.TestInvoker.invokeTestMethods(TestInvoker.java:146)<br />
              org.testng.internal.TestMethodWorker.invokeTestMethods(TestMethodWorker.java:146)<br />
              org.testng.internal.TestMethodWorker.run(TestMethodWorker.java:128)<br />
              java.util.ArrayList.forEach(ArrayList.java:1249)<br />
              org.testng.TestRunner.privateRun(TestRunner.java:766)<br />
              org.testng.TestRunner.run(TestRunner.java:587)<br />
              org.testng.SuiteRunner.runTest(SuiteRunner.java:384)<br />
              org.testng.SuiteRunner.runSequentially(SuiteRunner.java:378)<br />
              org.testng.SuiteRunner.privateRun(SuiteRunner.java:337)<br />
              org.testng.SuiteRunner.run(SuiteRunner.java:286)<br />
              org.testng.SuiteRunnerWorker.runSuite(SuiteRunnerWorker.java:53)<br />
              org.testng.SuiteRunnerWorker.run(SuiteRunnerWorker.java:96)<br />
              org.testng.TestNG.runSuitesSequentially(TestNG.java:1187)<br />
              org.testng.TestNG.runSuitesLocally(TestNG.java:1109)<br />
              org.testng.TestNG.runSuites(TestNG.java:1039)<br />
              org.testng.TestNG.run(TestNG.java:1007)<br />
              com.intellij.rt.testng.IDEARemoteTestNG.run(IDEARemoteTestNG.java:66)<br />
              com.intellij.rt.testng.RemoteTestNGStarter.main(RemoteTestNGStarter.java:110)<br />
                </div>
      </td>
</tr>
          <tr>
        <td colspan="3" class="group">com.demo.nopcommerce.testsuite.RegistrationTestWithExcelData</td>
      </tr>
            
<tr>
  <td class="method">
                  verifyThatNewUserFailedTestToRegister
      </td>
  <td class="duration">
    155.543s
  </td>
  <td class="result">
        
          <i>Method arguments: </i><span class="arguments">"Roger", "Moore", "1", "January", "1980", "Roger Moore International"</span><br />
    
            <div class="testOutput">
                        Clicking on Register Link : [[ChromeDriver: chrome on WINDOWS (0ee27659d6db5c448bb0ef2a027988e9)] -> link text: Register]<br>
                                Clicking on Male Gender Radio Button  : [[ChromeDriver: chrome on WINDOWS (0ee27659d6db5c448bb0ef2a027988e9)] -> id: gender-male]<br>
                                Entering First Name : Roger On First Name Field : [[ChromeDriver: chrome on WINDOWS (0ee27659d6db5c448bb0ef2a027988e9)] -> xpath: //input[@name='FirstName']]<br>
                                Entering Last Name : Moore On Last Name Field : [[ChromeDriver: chrome on WINDOWS (0ee27659d6db5c448bb0ef2a027988e9)] -> xpath: //input[@name='LastName']]<br>
                                Selecting Day of Birth : 1 On Day of Birth Field : [[ChromeDriver: chrome on WINDOWS (0ee27659d6db5c448bb0ef2a027988e9)] -> xpath: //select[@name='DateOfBirthDay']]<br>
                                Selecting Month of Birth : January On Month of Birth Field : [[ChromeDriver: chrome on WINDOWS (0ee27659d6db5c448bb0ef2a027988e9)] -> xpath: //select[@name='DateOfBirthMonth']]<br>
                                Selecting Year of Birth : 1980 On Year of Birth Field : [[ChromeDriver: chrome on WINDOWS (0ee27659d6db5c448bb0ef2a027988e9)] -> xpath: //select[@name='DateOfBirthYear']]<br>
                                Entering Company Name : Roger Moore International On Company Name Field : [[ChromeDriver: chrome on WINDOWS (0ee27659d6db5c448bb0ef2a027988e9)] -> xpath: //input[@name='Company']]<br>
                                Entering Email ID : RogerUCYx@gmail.com On Email Field : [[ChromeDriver: chrome on WINDOWS (0ee27659d6db5c448bb0ef2a027988e9)] -> xpath: //input[@name='Email']]<br>
                                Entering Password : RogerTEo On Password Field : [[ChromeDriver: chrome on WINDOWS (0ee27659d6db5c448bb0ef2a027988e9)] -> xpath: //input[@name='Password']]<br>
                                Confirming Password : RogerJames123 On Confirm Password Field : [[ChromeDriver: chrome on WINDOWS (0ee27659d6db5c448bb0ef2a027988e9)] -> xpath: //input[@name='ConfirmPassword']]<br>
                                Clicking on Register Button  : [[ChromeDriver: chrome on WINDOWS (0ee27659d6db5c448bb0ef2a027988e9)] -> xpath: //input[@name='register-button']]<br>
                                Getting Registration Confirmation TextProxy element for: DefaultElementLocator 'By.xpath: //div[@class='result']'<br>
                                Click to see screenshot
                                <a target = "_blank" href=C:\Users\srini\IdeaProjects\nopcommerce-page-factory-project/test-output/html/verifyThatNewUserFailedTestToRegisterWed_Apr_22_11_55_21_BST_2020.jpg>Screenshot</a>
                                <br>
                                <br>
                                <a target = "_blank" href=C:\Users\srini\IdeaProjects\nopcommerce-page-factory-project/test-output/html/verifyThatNewUserFailedTestToRegisterWed_Apr_22_11_55_21_BST_2020.jpg><img src=C:\Users\srini\IdeaProjects\nopcommerce-page-factory-project/test-output/html/verifyThatNewUserFailedTestToRegisterWed_Apr_22_11_55_21_BST_2020.jpg height=200 width=200></img></a>
                  </div>
    

        <a href="javascript:toggleElement('exception-4', 'block')" title="Click to expand/collapse"><b>org.openqa.selenium.NoSuchElementException: no such element: Unable to locate element: {&quot;method&quot;:&quot;xpath&quot;,&quot;selector&quot;:&quot;//div[@class=&apos;result&apos;]&quot;}<br/>
&nbsp; (Session info: chrome=80.0.3987.163)<br/>
For documentation on this error, please visit: https://www.seleniumhq.org/exceptions/no_such_element.html<br/>
Build info: version: &apos;3.141.59&apos;, revision: &apos;e82be7d358&apos;, time: &apos;2018-11-14T08:17:03&apos;<br/>
System info: host: &apos;LAPTOP-7HUNRUID&apos;, ip: &apos;192.168.0.8&apos;, os.name: &apos;Windows 10&apos;, os.arch: &apos;amd64&apos;, os.version: &apos;10.0&apos;, java.version: &apos;1.8.0_121&apos;<br/>
Driver info: org.openqa.selenium.chrome.ChromeDriver<br/>
Capabilities {acceptInsecureCerts: false, browserName: chrome, browserVersion: 80.0.3987.163, chrome: {chromedriverVersion: 80.0.3987.106 (f68069574609..., userDataDir: C:\Users\srini\AppData\Loca...}, goog:chromeOptions: {debuggerAddress: localhost:56837}, javascriptEnabled: true, networkConnectionEnabled: false, pageLoadStrategy: normal, platform: WINDOWS, platformName: WINDOWS, proxy: Proxy(), setWindowRect: true, strictFileInteractability: false, timeouts: {implicit: 0, pageLoad: 300000, script: 30000}, unhandledPromptBehavior: dismiss and notify}<br/>
Session ID: 0ee27659d6db5c448bb0ef2a027988e9<br/>
*** Element info: {Using=xpath, value=//div[@class=&apos;result&apos;]}</b></a><br />
    <div class="stackTrace" id="exception-4">
              sun.reflect.GeneratedConstructorAccessor32.newInstance(Unknown Source)<br />
              sun.reflect.DelegatingConstructorAccessorImpl.newInstance(DelegatingConstructorAccessorImpl.java:45)<br />
              java.lang.reflect.Constructor.newInstance(Constructor.java:423)<br />
              org.openqa.selenium.remote.http.W3CHttpResponseCodec.createException(W3CHttpResponseCodec.java:187)<br />
              org.openqa.selenium.remote.http.W3CHttpResponseCodec.decode(W3CHttpResponseCodec.java:122)<br />
              org.openqa.selenium.remote.http.W3CHttpResponseCodec.decode(W3CHttpResponseCodec.java:49)<br />
              org.openqa.selenium.remote.HttpCommandExecutor.execute(HttpCommandExecutor.java:158)<br />
              org.openqa.selenium.remote.service.DriverCommandExecutor.execute(DriverCommandExecutor.java:83)<br />
              org.openqa.selenium.remote.RemoteWebDriver.execute(RemoteWebDriver.java:552)<br />
              org.openqa.selenium.remote.RemoteWebDriver.findElement(RemoteWebDriver.java:323)<br />
              org.openqa.selenium.remote.RemoteWebDriver.findElementByXPath(RemoteWebDriver.java:428)<br />
              org.openqa.selenium.By$ByXPath.findElement(By.java:353)<br />
              org.openqa.selenium.remote.RemoteWebDriver.findElement(RemoteWebDriver.java:315)<br />
              org.openqa.selenium.support.pagefactory.DefaultElementLocator.findElement(DefaultElementLocator.java:69)<br />
              org.openqa.selenium.support.pagefactory.internal.LocatingElementHandler.invoke(LocatingElementHandler.java:38)<br />
              com.sun.proxy.$Proxy10.getText(Unknown Source)<br />
              com.demo.nopcommerce.utility.Utility.getTextFromElement(Utility.java:54)<br />
              com.demo.nopcommerce.pages.RegistrationCompletePage.getRegistrationConfirmText(RegistrationCompletePage.java:38)<br />
              com.demo.nopcommerce.testsuite.RegistrationTestWithExcelData.verifyThatNewUserFailedTestToRegister(RegistrationTestWithExcelData.java:123)<br />
              sun.reflect.NativeMethodAccessorImpl.invoke0(Native Method)<br />
              sun.reflect.NativeMethodAccessorImpl.invoke(NativeMethodAccessorImpl.java:62)<br />
              sun.reflect.DelegatingMethodAccessorImpl.invoke(DelegatingMethodAccessorImpl.java:43)<br />
              java.lang.reflect.Method.invoke(Method.java:498)<br />
              org.testng.internal.MethodInvocationHelper.invokeMethod(MethodInvocationHelper.java:134)<br />
              org.testng.internal.TestInvoker.invokeMethod(TestInvoker.java:597)<br />
              org.testng.internal.TestInvoker.invokeTestMethod(TestInvoker.java:173)<br />
              org.testng.internal.MethodRunner.runInSequence(MethodRunner.java:46)<br />
              org.testng.internal.TestInvoker$MethodInvocationAgent.invoke(TestInvoker.java:816)<br />
              org.testng.internal.TestInvoker.invokeTestMethods(TestInvoker.java:146)<br />
              org.testng.internal.TestMethodWorker.invokeTestMethods(TestMethodWorker.java:146)<br />
              org.testng.internal.TestMethodWorker.run(TestMethodWorker.java:128)<br />
              java.util.ArrayList.forEach(ArrayList.java:1249)<br />
              org.testng.TestRunner.privateRun(TestRunner.java:766)<br />
              org.testng.TestRunner.run(TestRunner.java:587)<br />
              org.testng.SuiteRunner.runTest(SuiteRunner.java:384)<br />
              org.testng.SuiteRunner.runSequentially(SuiteRunner.java:378)<br />
              org.testng.SuiteRunner.privateRun(SuiteRunner.java:337)<br />
              org.testng.SuiteRunner.run(SuiteRunner.java:286)<br />
              org.testng.SuiteRunnerWorker.runSuite(SuiteRunnerWorker.java:53)<br />
              org.testng.SuiteRunnerWorker.run(SuiteRunnerWorker.java:96)<br />
              org.testng.TestNG.runSuitesSequentially(TestNG.java:1187)<br />
              org.testng.TestNG.runSuitesLocally(TestNG.java:1109)<br />
              org.testng.TestNG.runSuites(TestNG.java:1039)<br />
              org.testng.TestNG.run(TestNG.java:1007)<br />
              com.intellij.rt.testng.IDEARemoteTestNG.run(IDEARemoteTestNG.java:66)<br />
              com.intellij.rt.testng.RemoteTestNGStarter.main(RemoteTestNGStarter.java:110)<br />
                </div>
      </td>
</tr>
<tr>
  <td class="method">
                  verifyThatNewUserFailedTestToRegister
      </td>
  <td class="duration">
    155.372s
  </td>
  <td class="result">
        
          <i>Method arguments: </i><span class="arguments">"James", "Bond", "1", "April", "1970", "James Bond International"</span><br />
    
            <div class="testOutput">
                        Clicking on Register Link : [[ChromeDriver: chrome on WINDOWS (2e3810b43a94e5a6e275dbe7fd70d0f6)] -> link text: Register]<br>
                                Clicking on Male Gender Radio Button  : [[ChromeDriver: chrome on WINDOWS (2e3810b43a94e5a6e275dbe7fd70d0f6)] -> id: gender-male]<br>
                                Entering First Name : James On First Name Field : [[ChromeDriver: chrome on WINDOWS (2e3810b43a94e5a6e275dbe7fd70d0f6)] -> xpath: //input[@name='FirstName']]<br>
                                Entering Last Name : Bond On Last Name Field : [[ChromeDriver: chrome on WINDOWS (2e3810b43a94e5a6e275dbe7fd70d0f6)] -> xpath: //input[@name='LastName']]<br>
                                Selecting Day of Birth : 1 On Day of Birth Field : [[ChromeDriver: chrome on WINDOWS (2e3810b43a94e5a6e275dbe7fd70d0f6)] -> xpath: //select[@name='DateOfBirthDay']]<br>
                                Selecting Month of Birth : April On Month of Birth Field : [[ChromeDriver: chrome on WINDOWS (2e3810b43a94e5a6e275dbe7fd70d0f6)] -> xpath: //select[@name='DateOfBirthMonth']]<br>
                                Selecting Year of Birth : 1970 On Year of Birth Field : [[ChromeDriver: chrome on WINDOWS (2e3810b43a94e5a6e275dbe7fd70d0f6)] -> xpath: //select[@name='DateOfBirthYear']]<br>
                                Entering Company Name : James Bond International On Company Name Field : [[ChromeDriver: chrome on WINDOWS (2e3810b43a94e5a6e275dbe7fd70d0f6)] -> xpath: //input[@name='Company']]<br>
                                Entering Email ID : Rogerjqx1@gmail.com On Email Field : [[ChromeDriver: chrome on WINDOWS (2e3810b43a94e5a6e275dbe7fd70d0f6)] -> xpath: //input[@name='Email']]<br>
                                Entering Password : Rogera27 On Password Field : [[ChromeDriver: chrome on WINDOWS (2e3810b43a94e5a6e275dbe7fd70d0f6)] -> xpath: //input[@name='Password']]<br>
                                Confirming Password : RogerJames123 On Confirm Password Field : [[ChromeDriver: chrome on WINDOWS (2e3810b43a94e5a6e275dbe7fd70d0f6)] -> xpath: //input[@name='ConfirmPassword']]<br>
                                Clicking on Register Button  : [[ChromeDriver: chrome on WINDOWS (2e3810b43a94e5a6e275dbe7fd70d0f6)] -> xpath: //input[@name='register-button']]<br>
                                Getting Registration Confirmation TextProxy element for: DefaultElementLocator 'By.xpath: //div[@class='result']'<br>
                                Click to see screenshot
                                <a target = "_blank" href=C:\Users\srini\IdeaProjects\nopcommerce-page-factory-project/test-output/html/verifyThatNewUserFailedTestToRegisterWed_Apr_22_11_58_10_BST_2020.jpg>Screenshot</a>
                                <br>
                                <br>
                                <a target = "_blank" href=C:\Users\srini\IdeaProjects\nopcommerce-page-factory-project/test-output/html/verifyThatNewUserFailedTestToRegisterWed_Apr_22_11_58_10_BST_2020.jpg><img src=C:\Users\srini\IdeaProjects\nopcommerce-page-factory-project/test-output/html/verifyThatNewUserFailedTestToRegisterWed_Apr_22_11_58_10_BST_2020.jpg height=200 width=200></img></a>
                  </div>
    

        <a href="javascript:toggleElement('exception-5', 'block')" title="Click to expand/collapse"><b>org.openqa.selenium.NoSuchElementException: no such element: Unable to locate element: {&quot;method&quot;:&quot;xpath&quot;,&quot;selector&quot;:&quot;//div[@class=&apos;result&apos;]&quot;}<br/>
&nbsp; (Session info: chrome=80.0.3987.163)<br/>
For documentation on this error, please visit: https://www.seleniumhq.org/exceptions/no_such_element.html<br/>
Build info: version: &apos;3.141.59&apos;, revision: &apos;e82be7d358&apos;, time: &apos;2018-11-14T08:17:03&apos;<br/>
System info: host: &apos;LAPTOP-7HUNRUID&apos;, ip: &apos;192.168.0.8&apos;, os.name: &apos;Windows 10&apos;, os.arch: &apos;amd64&apos;, os.version: &apos;10.0&apos;, java.version: &apos;1.8.0_121&apos;<br/>
Driver info: org.openqa.selenium.chrome.ChromeDriver<br/>
Capabilities {acceptInsecureCerts: false, browserName: chrome, browserVersion: 80.0.3987.163, chrome: {chromedriverVersion: 80.0.3987.106 (f68069574609..., userDataDir: C:\Users\srini\AppData\Loca...}, goog:chromeOptions: {debuggerAddress: localhost:56880}, javascriptEnabled: true, networkConnectionEnabled: false, pageLoadStrategy: normal, platform: WINDOWS, platformName: WINDOWS, proxy: Proxy(), setWindowRect: true, strictFileInteractability: false, timeouts: {implicit: 0, pageLoad: 300000, script: 30000}, unhandledPromptBehavior: dismiss and notify}<br/>
Session ID: 2e3810b43a94e5a6e275dbe7fd70d0f6<br/>
*** Element info: {Using=xpath, value=//div[@class=&apos;result&apos;]}</b></a><br />
    <div class="stackTrace" id="exception-5">
              sun.reflect.GeneratedConstructorAccessor32.newInstance(Unknown Source)<br />
              sun.reflect.DelegatingConstructorAccessorImpl.newInstance(DelegatingConstructorAccessorImpl.java:45)<br />
              java.lang.reflect.Constructor.newInstance(Constructor.java:423)<br />
              org.openqa.selenium.remote.http.W3CHttpResponseCodec.createException(W3CHttpResponseCodec.java:187)<br />
              org.openqa.selenium.remote.http.W3CHttpResponseCodec.decode(W3CHttpResponseCodec.java:122)<br />
              org.openqa.selenium.remote.http.W3CHttpResponseCodec.decode(W3CHttpResponseCodec.java:49)<br />
              org.openqa.selenium.remote.HttpCommandExecutor.execute(HttpCommandExecutor.java:158)<br />
              org.openqa.selenium.remote.service.DriverCommandExecutor.execute(DriverCommandExecutor.java:83)<br />
              org.openqa.selenium.remote.RemoteWebDriver.execute(RemoteWebDriver.java:552)<br />
              org.openqa.selenium.remote.RemoteWebDriver.findElement(RemoteWebDriver.java:323)<br />
              org.openqa.selenium.remote.RemoteWebDriver.findElementByXPath(RemoteWebDriver.java:428)<br />
              org.openqa.selenium.By$ByXPath.findElement(By.java:353)<br />
              org.openqa.selenium.remote.RemoteWebDriver.findElement(RemoteWebDriver.java:315)<br />
              org.openqa.selenium.support.pagefactory.DefaultElementLocator.findElement(DefaultElementLocator.java:69)<br />
              org.openqa.selenium.support.pagefactory.internal.LocatingElementHandler.invoke(LocatingElementHandler.java:38)<br />
              com.sun.proxy.$Proxy10.getText(Unknown Source)<br />
              com.demo.nopcommerce.utility.Utility.getTextFromElement(Utility.java:54)<br />
              com.demo.nopcommerce.pages.RegistrationCompletePage.getRegistrationConfirmText(RegistrationCompletePage.java:38)<br />
              com.demo.nopcommerce.testsuite.RegistrationTestWithExcelData.verifyThatNewUserFailedTestToRegister(RegistrationTestWithExcelData.java:123)<br />
              sun.reflect.NativeMethodAccessorImpl.invoke0(Native Method)<br />
              sun.reflect.NativeMethodAccessorImpl.invoke(NativeMethodAccessorImpl.java:62)<br />
              sun.reflect.DelegatingMethodAccessorImpl.invoke(DelegatingMethodAccessorImpl.java:43)<br />
              java.lang.reflect.Method.invoke(Method.java:498)<br />
              org.testng.internal.MethodInvocationHelper.invokeMethod(MethodInvocationHelper.java:134)<br />
              org.testng.internal.TestInvoker.invokeMethod(TestInvoker.java:597)<br />
              org.testng.internal.TestInvoker.invokeTestMethod(TestInvoker.java:173)<br />
              org.testng.internal.MethodRunner.runInSequence(MethodRunner.java:46)<br />
              org.testng.internal.TestInvoker$MethodInvocationAgent.invoke(TestInvoker.java:816)<br />
              org.testng.internal.TestInvoker.invokeTestMethods(TestInvoker.java:146)<br />
              org.testng.internal.TestMethodWorker.invokeTestMethods(TestMethodWorker.java:146)<br />
              org.testng.internal.TestMethodWorker.run(TestMethodWorker.java:128)<br />
              java.util.ArrayList.forEach(ArrayList.java:1249)<br />
              org.testng.TestRunner.privateRun(TestRunner.java:766)<br />
              org.testng.TestRunner.run(TestRunner.java:587)<br />
              org.testng.SuiteRunner.runTest(SuiteRunner.java:384)<br />
              org.testng.SuiteRunner.runSequentially(SuiteRunner.java:378)<br />
              org.testng.SuiteRunner.privateRun(SuiteRunner.java:337)<br />
              org.testng.SuiteRunner.run(SuiteRunner.java:286)<br />
              org.testng.SuiteRunnerWorker.runSuite(SuiteRunnerWorker.java:53)<br />
              org.testng.SuiteRunnerWorker.run(SuiteRunnerWorker.java:96)<br />
              org.testng.TestNG.runSuitesSequentially(TestNG.java:1187)<br />
              org.testng.TestNG.runSuitesLocally(TestNG.java:1109)<br />
              org.testng.TestNG.runSuites(TestNG.java:1039)<br />
              org.testng.TestNG.run(TestNG.java:1007)<br />
              com.intellij.rt.testng.IDEARemoteTestNG.run(IDEARemoteTestNG.java:66)<br />
              com.intellij.rt.testng.RemoteTestNGStarter.main(RemoteTestNGStarter.java:110)<br />
                </div>
      </td>
</tr>
      </table>


  <table class="resultsTable">
    <tr><th colspan="3" class="header passed">Passed Tests</th></tr>
          <tr>
        <td colspan="3" class="group">com.demo.nopcommerce.testsuite.RegistrationTest</td>
      </tr>
            
<tr>
  <td class="method">
                  verifyThatNewUserIsAbleToRegisterSuccessfully
      </td>
  <td class="duration">
    59.081s
  </td>
  <td class="result">
        
    
            <div class="testOutput">
                        Clicking on Register Link : [[ChromeDriver: chrome on WINDOWS (ae6375e63b1afd1f9d48d6a62d41c87f)] -> link text: Register]<br>
                                Clicking on Male Gender Radio Button  : [[ChromeDriver: chrome on WINDOWS (ae6375e63b1afd1f9d48d6a62d41c87f)] -> id: gender-male]<br>
                                Entering First Name : Roger On First Name Field : [[ChromeDriver: chrome on WINDOWS (ae6375e63b1afd1f9d48d6a62d41c87f)] -> xpath: //input[@name='FirstName']]<br>
                                Entering Last Name : Moore On Last Name Field : [[ChromeDriver: chrome on WINDOWS (ae6375e63b1afd1f9d48d6a62d41c87f)] -> xpath: //input[@name='LastName']]<br>
                                Selecting Day of Birth : 1 On Day of Birth Field : [[ChromeDriver: chrome on WINDOWS (ae6375e63b1afd1f9d48d6a62d41c87f)] -> xpath: //select[@name='DateOfBirthDay']]<br>
                                Selecting Month of Birth : January On Month of Birth Field : [[ChromeDriver: chrome on WINDOWS (ae6375e63b1afd1f9d48d6a62d41c87f)] -> xpath: //select[@name='DateOfBirthMonth']]<br>
                                Selecting Year of Birth : 1980 On Year of Birth Field : [[ChromeDriver: chrome on WINDOWS (ae6375e63b1afd1f9d48d6a62d41c87f)] -> xpath: //select[@name='DateOfBirthYear']]<br>
                                Entering Email ID : Roger5857@gmail.com On Email Field : [[ChromeDriver: chrome on WINDOWS (ae6375e63b1afd1f9d48d6a62d41c87f)] -> xpath: //input[@name='Email']]<br>
                                Entering Company Name : Roger Moore International On Company Name Field : [[ChromeDriver: chrome on WINDOWS (ae6375e63b1afd1f9d48d6a62d41c87f)] -> xpath: //input[@name='Company']]<br>
                                Entering Password : Rogerp08 On Password Field : [[ChromeDriver: chrome on WINDOWS (ae6375e63b1afd1f9d48d6a62d41c87f)] -> xpath: //input[@name='Password']]<br>
                                Confirming Password : Rogerp08 On Confirm Password Field : [[ChromeDriver: chrome on WINDOWS (ae6375e63b1afd1f9d48d6a62d41c87f)] -> xpath: //input[@name='ConfirmPassword']]<br>
                                Clicking on Register Button  : [[ChromeDriver: chrome on WINDOWS (ae6375e63b1afd1f9d48d6a62d41c87f)] -> xpath: //input[@name='register-button']]<br>
                                Getting Registration Confirmation Text[[ChromeDriver: chrome on WINDOWS (ae6375e63b1afd1f9d48d6a62d41c87f)] -> xpath: //div[@class='result']]<br>
                  </div>
    

      </td>
</tr>
<tr>
  <td class="method">
                  verifyThatUserIsAbleToNavigateToRegisterPage
      </td>
  <td class="duration">
    1.738s
  </td>
  <td class="result">
        
    
            <div class="testOutput">
                        Clicking on Register Link : [[ChromeDriver: chrome on WINDOWS (d7d1cbf4101419ce9e16231552d49b1c)] -> link text: Register]<br>
                                Verifying Register Text : [[ChromeDriver: chrome on WINDOWS (d7d1cbf4101419ce9e16231552d49b1c)] -> xpath: //h1[contains(text(),'Register')]]<br>
                                Getting Register Text : [[ChromeDriver: chrome on WINDOWS (d7d1cbf4101419ce9e16231552d49b1c)] -> xpath: //h1[contains(text(),'Register')]]<br>
                  </div>
    

      </td>
</tr>
<tr>
  <td class="method">
                  verifyUserisNotBeAbleToRegisterWithInvalidCredentials
      </td>
  <td class="duration">
    6.276s
  </td>
  <td class="result">
        
    
            <div class="testOutput">
                        Clicking on Register Link : [[ChromeDriver: chrome on WINDOWS (2ffb14d5c1a39973466190370634d8bb)] -> link text: Register]<br>
                                Clicking on Male Gender Radio Button  : [[ChromeDriver: chrome on WINDOWS (2ffb14d5c1a39973466190370634d8bb)] -> id: gender-male]<br>
                                Entering First Name : Roger On First Name Field : [[ChromeDriver: chrome on WINDOWS (2ffb14d5c1a39973466190370634d8bb)] -> xpath: //input[@name='FirstName']]<br>
                                Entering Last Name : Moore On Last Name Field : [[ChromeDriver: chrome on WINDOWS (2ffb14d5c1a39973466190370634d8bb)] -> xpath: //input[@name='LastName']]<br>
                                Selecting Day of Birth : 1 On Day of Birth Field : [[ChromeDriver: chrome on WINDOWS (2ffb14d5c1a39973466190370634d8bb)] -> xpath: //select[@name='DateOfBirthDay']]<br>
                                Selecting Month of Birth : January On Month of Birth Field : [[ChromeDriver: chrome on WINDOWS (2ffb14d5c1a39973466190370634d8bb)] -> xpath: //select[@name='DateOfBirthMonth']]<br>
                                Selecting Year of Birth : 1980 On Year of Birth Field : [[ChromeDriver: chrome on WINDOWS (2ffb14d5c1a39973466190370634d8bb)] -> xpath: //select[@name='DateOfBirthYear']]<br>
                                Entering Email ID : RogerE29b@gmail.com On Email Field : [[ChromeDriver: chrome on WINDOWS (2ffb14d5c1a39973466190370634d8bb)] -> xpath: //input[@name='Email']]<br>
                                Entering Company Name : Roger Moore International On Company Name Field : [[ChromeDriver: chrome on WINDOWS (2ffb14d5c1a39973466190370634d8bb)] -> xpath: //input[@name='Company']]<br>
                                Entering Password : RogerHIa On Password Field : [[ChromeDriver: chrome on WINDOWS (2ffb14d5c1a39973466190370634d8bb)] -> xpath: //input[@name='Password']]<br>
                                Providing Wrong Confirm Password : Roger77777 On Confirm Password Field : [[ChromeDriver: chrome on WINDOWS (2ffb14d5c1a39973466190370634d8bb)] -> xpath: //input[@name='ConfirmPassword']]<br>
                                Clicking on Register Button  : [[ChromeDriver: chrome on WINDOWS (2ffb14d5c1a39973466190370634d8bb)] -> xpath: //input[@name='register-button']]<br>
                                Verifying Registration Error Message : [[ChromeDriver: chrome on WINDOWS (2ffb14d5c1a39973466190370634d8bb)] -> xpath: //span[@id='ConfirmPassword-error']]<br>
                                Getting Registration Error Message : [[ChromeDriver: chrome on WINDOWS (2ffb14d5c1a39973466190370634d8bb)] -> xpath: //span[@id='ConfirmPassword-error']]<br>
                  </div>
    

      </td>
</tr>
          <tr>
        <td colspan="3" class="group">com.demo.nopcommerce.testsuite.RegistrationTestWithDataProvider</td>
      </tr>
            
<tr>
  <td class="method">
                  verifyThatNewUserIsAbleToRegisterSuccessfully
      </td>
  <td class="duration">
    58.047s
  </td>
  <td class="result">
        
          <i>Method arguments: </i><span class="arguments">"Test", "Case", "1", "May", "1990", "Advance Testing"</span><br />
    
            <div class="testOutput">
                        Clicking on Register Link : [[ChromeDriver: chrome on WINDOWS (b3fc0b2ab7e514c7a0fb160dee277154)] -> link text: Register]<br>
                                Clicking on Male Gender Radio Button  : [[ChromeDriver: chrome on WINDOWS (b3fc0b2ab7e514c7a0fb160dee277154)] -> id: gender-male]<br>
                                Entering First Name : Test On First Name Field : [[ChromeDriver: chrome on WINDOWS (b3fc0b2ab7e514c7a0fb160dee277154)] -> xpath: //input[@name='FirstName']]<br>
                                Entering Last Name : Case On Last Name Field : [[ChromeDriver: chrome on WINDOWS (b3fc0b2ab7e514c7a0fb160dee277154)] -> xpath: //input[@name='LastName']]<br>
                                Selecting Day of Birth : 1 On Day of Birth Field : [[ChromeDriver: chrome on WINDOWS (b3fc0b2ab7e514c7a0fb160dee277154)] -> xpath: //select[@name='DateOfBirthDay']]<br>
                                Selecting Month of Birth : May On Month of Birth Field : [[ChromeDriver: chrome on WINDOWS (b3fc0b2ab7e514c7a0fb160dee277154)] -> xpath: //select[@name='DateOfBirthMonth']]<br>
                                Selecting Year of Birth : 1990 On Year of Birth Field : [[ChromeDriver: chrome on WINDOWS (b3fc0b2ab7e514c7a0fb160dee277154)] -> xpath: //select[@name='DateOfBirthYear']]<br>
                                Entering Company Name : Advance Testing On Company Name Field : [[ChromeDriver: chrome on WINDOWS (b3fc0b2ab7e514c7a0fb160dee277154)] -> xpath: //input[@name='Company']]<br>
                                Entering Email ID : RogerLPBy@gmail.com On Email Field : [[ChromeDriver: chrome on WINDOWS (b3fc0b2ab7e514c7a0fb160dee277154)] -> xpath: //input[@name='Email']]<br>
                                Entering Password : Rogerfls On Password Field : [[ChromeDriver: chrome on WINDOWS (b3fc0b2ab7e514c7a0fb160dee277154)] -> xpath: //input[@name='Password']]<br>
                                Confirming Password : Rogerfls On Confirm Password Field : [[ChromeDriver: chrome on WINDOWS (b3fc0b2ab7e514c7a0fb160dee277154)] -> xpath: //input[@name='ConfirmPassword']]<br>
                                Clicking on Register Button  : [[ChromeDriver: chrome on WINDOWS (b3fc0b2ab7e514c7a0fb160dee277154)] -> xpath: //input[@name='register-button']]<br>
                                Getting Registration Confirmation Text[[ChromeDriver: chrome on WINDOWS (b3fc0b2ab7e514c7a0fb160dee277154)] -> xpath: //div[@class='result']]<br>
                  </div>
    

      </td>
</tr>
<tr>
  <td class="method">
                  verifyThatNewUserIsAbleToRegisterSuccessfully
      </td>
  <td class="duration">
    57.870s
  </td>
  <td class="result">
        
          <i>Method arguments: </i><span class="arguments">"Roger", "Moore", "1", "January", "1980", "Roger Moore International"</span><br />
    
            <div class="testOutput">
                        Clicking on Register Link : [[ChromeDriver: chrome on WINDOWS (abbd50e45008d1de33b3927333efddc4)] -> link text: Register]<br>
                                Clicking on Male Gender Radio Button  : [[ChromeDriver: chrome on WINDOWS (abbd50e45008d1de33b3927333efddc4)] -> id: gender-male]<br>
                                Entering First Name : Roger On First Name Field : [[ChromeDriver: chrome on WINDOWS (abbd50e45008d1de33b3927333efddc4)] -> xpath: //input[@name='FirstName']]<br>
                                Entering Last Name : Moore On Last Name Field : [[ChromeDriver: chrome on WINDOWS (abbd50e45008d1de33b3927333efddc4)] -> xpath: //input[@name='LastName']]<br>
                                Selecting Day of Birth : 1 On Day of Birth Field : [[ChromeDriver: chrome on WINDOWS (abbd50e45008d1de33b3927333efddc4)] -> xpath: //select[@name='DateOfBirthDay']]<br>
                                Selecting Month of Birth : January On Month of Birth Field : [[ChromeDriver: chrome on WINDOWS (abbd50e45008d1de33b3927333efddc4)] -> xpath: //select[@name='DateOfBirthMonth']]<br>
                                Selecting Year of Birth : 1980 On Year of Birth Field : [[ChromeDriver: chrome on WINDOWS (abbd50e45008d1de33b3927333efddc4)] -> xpath: //select[@name='DateOfBirthYear']]<br>
                                Entering Company Name : Roger Moore International On Company Name Field : [[ChromeDriver: chrome on WINDOWS (abbd50e45008d1de33b3927333efddc4)] -> xpath: //input[@name='Company']]<br>
                                Entering Email ID : RogeraQPk@gmail.com On Email Field : [[ChromeDriver: chrome on WINDOWS (abbd50e45008d1de33b3927333efddc4)] -> xpath: //input[@name='Email']]<br>
                                Entering Password : Roger9Km On Password Field : [[ChromeDriver: chrome on WINDOWS (abbd50e45008d1de33b3927333efddc4)] -> xpath: //input[@name='Password']]<br>
                                Confirming Password : Roger9Km On Confirm Password Field : [[ChromeDriver: chrome on WINDOWS (abbd50e45008d1de33b3927333efddc4)] -> xpath: //input[@name='ConfirmPassword']]<br>
                                Clicking on Register Button  : [[ChromeDriver: chrome on WINDOWS (abbd50e45008d1de33b3927333efddc4)] -> xpath: //input[@name='register-button']]<br>
                                Getting Registration Confirmation Text[[ChromeDriver: chrome on WINDOWS (abbd50e45008d1de33b3927333efddc4)] -> xpath: //div[@class='result']]<br>
                  </div>
    

      </td>
</tr>
<tr>
  <td class="method">
                  verifyThatNewUserIsAbleToRegisterSuccessfully
      </td>
  <td class="duration">
    56.394s
  </td>
  <td class="result">
        
          <i>Method arguments: </i><span class="arguments">"James", "Bond", "1", "April", "1970", "James Bond International"</span><br />
    
            <div class="testOutput">
                        Clicking on Register Link : [[ChromeDriver: chrome on WINDOWS (7279bd0cba00f29e7141cc61bcb5b4ab)] -> link text: Register]<br>
                                Clicking on Male Gender Radio Button  : [[ChromeDriver: chrome on WINDOWS (7279bd0cba00f29e7141cc61bcb5b4ab)] -> id: gender-male]<br>
                                Entering First Name : James On First Name Field : [[ChromeDriver: chrome on WINDOWS (7279bd0cba00f29e7141cc61bcb5b4ab)] -> xpath: //input[@name='FirstName']]<br>
                                Entering Last Name : Bond On Last Name Field : [[ChromeDriver: chrome on WINDOWS (7279bd0cba00f29e7141cc61bcb5b4ab)] -> xpath: //input[@name='LastName']]<br>
                                Selecting Day of Birth : 1 On Day of Birth Field : [[ChromeDriver: chrome on WINDOWS (7279bd0cba00f29e7141cc61bcb5b4ab)] -> xpath: //select[@name='DateOfBirthDay']]<br>
                                Selecting Month of Birth : April On Month of Birth Field : [[ChromeDriver: chrome on WINDOWS (7279bd0cba00f29e7141cc61bcb5b4ab)] -> xpath: //select[@name='DateOfBirthMonth']]<br>
                                Selecting Year of Birth : 1970 On Year of Birth Field : [[ChromeDriver: chrome on WINDOWS (7279bd0cba00f29e7141cc61bcb5b4ab)] -> xpath: //select[@name='DateOfBirthYear']]<br>
                                Entering Company Name : James Bond International On Company Name Field : [[ChromeDriver: chrome on WINDOWS (7279bd0cba00f29e7141cc61bcb5b4ab)] -> xpath: //input[@name='Company']]<br>
                                Entering Email ID : RogerVtHl@gmail.com On Email Field : [[ChromeDriver: chrome on WINDOWS (7279bd0cba00f29e7141cc61bcb5b4ab)] -> xpath: //input[@name='Email']]<br>
                                Entering Password : RogerYgK On Password Field : [[ChromeDriver: chrome on WINDOWS (7279bd0cba00f29e7141cc61bcb5b4ab)] -> xpath: //input[@name='Password']]<br>
                                Confirming Password : RogerYgK On Confirm Password Field : [[ChromeDriver: chrome on WINDOWS (7279bd0cba00f29e7141cc61bcb5b4ab)] -> xpath: //input[@name='ConfirmPassword']]<br>
                                Clicking on Register Button  : [[ChromeDriver: chrome on WINDOWS (7279bd0cba00f29e7141cc61bcb5b4ab)] -> xpath: //input[@name='register-button']]<br>
                                Getting Registration Confirmation Text[[ChromeDriver: chrome on WINDOWS (7279bd0cba00f29e7141cc61bcb5b4ab)] -> xpath: //div[@class='result']]<br>
                  </div>
    

      </td>
</tr>
<tr>
  <td class="method">
                  verifyThatUserIsAbleToNavigateToRegisterPage
      </td>
  <td class="duration">
    2.453s
  </td>
  <td class="result">
        
    
            <div class="testOutput">
                        Clicking on Register Link : [[ChromeDriver: chrome on WINDOWS (1637b594b2e32425f70f93794d07a60d)] -> link text: Register]<br>
                                Verifying Register Text : [[ChromeDriver: chrome on WINDOWS (1637b594b2e32425f70f93794d07a60d)] -> xpath: //h1[contains(text(),'Register')]]<br>
                                Getting Register Text : [[ChromeDriver: chrome on WINDOWS (1637b594b2e32425f70f93794d07a60d)] -> xpath: //h1[contains(text(),'Register')]]<br>
                  </div>
    

      </td>
</tr>
<tr>
  <td class="method">
                  verifyUserIsNotAbleToRegisterWithInvalidCredentials
      </td>
  <td class="duration">
    6.685s
  </td>
  <td class="result">
        
          <i>Method arguments: </i><span class="arguments">"Roger", "Moore", "1", "January", "1980", "Roger Moore International"</span><br />
    
            <div class="testOutput">
                        Clicking on Register Link : [[ChromeDriver: chrome on WINDOWS (d2feb601a70ae66f297185f5ee26c6eb)] -> link text: Register]<br>
                                Clicking on Male Gender Radio Button  : [[ChromeDriver: chrome on WINDOWS (d2feb601a70ae66f297185f5ee26c6eb)] -> id: gender-male]<br>
                                Entering First Name : Roger On First Name Field : [[ChromeDriver: chrome on WINDOWS (d2feb601a70ae66f297185f5ee26c6eb)] -> xpath: //input[@name='FirstName']]<br>
                                Entering Last Name : Moore On Last Name Field : [[ChromeDriver: chrome on WINDOWS (d2feb601a70ae66f297185f5ee26c6eb)] -> xpath: //input[@name='LastName']]<br>
                                Selecting Day of Birth : 1 On Day of Birth Field : [[ChromeDriver: chrome on WINDOWS (d2feb601a70ae66f297185f5ee26c6eb)] -> xpath: //select[@name='DateOfBirthDay']]<br>
                                Selecting Month of Birth : January On Month of Birth Field : [[ChromeDriver: chrome on WINDOWS (d2feb601a70ae66f297185f5ee26c6eb)] -> xpath: //select[@name='DateOfBirthMonth']]<br>
                                Selecting Year of Birth : 1980 On Year of Birth Field : [[ChromeDriver: chrome on WINDOWS (d2feb601a70ae66f297185f5ee26c6eb)] -> xpath: //select[@name='DateOfBirthYear']]<br>
                                Entering Company Name : Roger Moore International On Company Name Field : [[ChromeDriver: chrome on WINDOWS (d2feb601a70ae66f297185f5ee26c6eb)] -> xpath: //input[@name='Company']]<br>
                                Entering Email ID : RogerSu8q@gmail.com On Email Field : [[ChromeDriver: chrome on WINDOWS (d2feb601a70ae66f297185f5ee26c6eb)] -> xpath: //input[@name='Email']]<br>
                                Entering Password : RogerDpK On Password Field : [[ChromeDriver: chrome on WINDOWS (d2feb601a70ae66f297185f5ee26c6eb)] -> xpath: //input[@name='Password']]<br>
                                Confirming Password : RogerJames123 On Confirm Password Field : [[ChromeDriver: chrome on WINDOWS (d2feb601a70ae66f297185f5ee26c6eb)] -> xpath: //input[@name='ConfirmPassword']]<br>
                                Clicking on Register Button  : [[ChromeDriver: chrome on WINDOWS (d2feb601a70ae66f297185f5ee26c6eb)] -> xpath: //input[@name='register-button']]<br>
                                Getting Registration Error Message : [[ChromeDriver: chrome on WINDOWS (d2feb601a70ae66f297185f5ee26c6eb)] -> xpath: //span[@id='ConfirmPassword-error']]<br>
                  </div>
    

      </td>
</tr>
<tr>
  <td class="method">
                  verifyUserIsNotAbleToRegisterWithInvalidCredentials
      </td>
  <td class="duration">
    5.348s
  </td>
  <td class="result">
        
          <i>Method arguments: </i><span class="arguments">"James", "Bond", "1", "April", "1970", "James Bond International"</span><br />
    
            <div class="testOutput">
                        Clicking on Register Link : [[ChromeDriver: chrome on WINDOWS (de9d0a123a1a3a9cc3dd4f745b3b0b74)] -> link text: Register]<br>
                                Clicking on Male Gender Radio Button  : [[ChromeDriver: chrome on WINDOWS (de9d0a123a1a3a9cc3dd4f745b3b0b74)] -> id: gender-male]<br>
                                Entering First Name : James On First Name Field : [[ChromeDriver: chrome on WINDOWS (de9d0a123a1a3a9cc3dd4f745b3b0b74)] -> xpath: //input[@name='FirstName']]<br>
                                Entering Last Name : Bond On Last Name Field : [[ChromeDriver: chrome on WINDOWS (de9d0a123a1a3a9cc3dd4f745b3b0b74)] -> xpath: //input[@name='LastName']]<br>
                                Selecting Day of Birth : 1 On Day of Birth Field : [[ChromeDriver: chrome on WINDOWS (de9d0a123a1a3a9cc3dd4f745b3b0b74)] -> xpath: //select[@name='DateOfBirthDay']]<br>
                                Selecting Month of Birth : April On Month of Birth Field : [[ChromeDriver: chrome on WINDOWS (de9d0a123a1a3a9cc3dd4f745b3b0b74)] -> xpath: //select[@name='DateOfBirthMonth']]<br>
                                Selecting Year of Birth : 1970 On Year of Birth Field : [[ChromeDriver: chrome on WINDOWS (de9d0a123a1a3a9cc3dd4f745b3b0b74)] -> xpath: //select[@name='DateOfBirthYear']]<br>
                                Entering Company Name : James Bond International On Company Name Field : [[ChromeDriver: chrome on WINDOWS (de9d0a123a1a3a9cc3dd4f745b3b0b74)] -> xpath: //input[@name='Company']]<br>
                                Entering Email ID : RogerPb6l@gmail.com On Email Field : [[ChromeDriver: chrome on WINDOWS (de9d0a123a1a3a9cc3dd4f745b3b0b74)] -> xpath: //input[@name='Email']]<br>
                                Entering Password : Roger0oO On Password Field : [[ChromeDriver: chrome on WINDOWS (de9d0a123a1a3a9cc3dd4f745b3b0b74)] -> xpath: //input[@name='Password']]<br>
                                Confirming Password : RogerJames123 On Confirm Password Field : [[ChromeDriver: chrome on WINDOWS (de9d0a123a1a3a9cc3dd4f745b3b0b74)] -> xpath: //input[@name='ConfirmPassword']]<br>
                                Clicking on Register Button  : [[ChromeDriver: chrome on WINDOWS (de9d0a123a1a3a9cc3dd4f745b3b0b74)] -> xpath: //input[@name='register-button']]<br>
                                Getting Registration Error Message : [[ChromeDriver: chrome on WINDOWS (de9d0a123a1a3a9cc3dd4f745b3b0b74)] -> xpath: //span[@id='ConfirmPassword-error']]<br>
                  </div>
    

      </td>
</tr>
<tr>
  <td class="method">
                  verifyUserIsNotAbleToRegisterWithInvalidCredentials
      </td>
  <td class="duration">
    4.567s
  </td>
  <td class="result">
        
          <i>Method arguments: </i><span class="arguments">"Test", "Case", "1", "May", "1990", "Advance Testing"</span><br />
    
            <div class="testOutput">
                        Clicking on Register Link : [[ChromeDriver: chrome on WINDOWS (bb19daee1ab8eec40df6d4e4bbf4a37a)] -> link text: Register]<br>
                                Clicking on Male Gender Radio Button  : [[ChromeDriver: chrome on WINDOWS (bb19daee1ab8eec40df6d4e4bbf4a37a)] -> id: gender-male]<br>
                                Entering First Name : Test On First Name Field : [[ChromeDriver: chrome on WINDOWS (bb19daee1ab8eec40df6d4e4bbf4a37a)] -> xpath: //input[@name='FirstName']]<br>
                                Entering Last Name : Case On Last Name Field : [[ChromeDriver: chrome on WINDOWS (bb19daee1ab8eec40df6d4e4bbf4a37a)] -> xpath: //input[@name='LastName']]<br>
                                Selecting Day of Birth : 1 On Day of Birth Field : [[ChromeDriver: chrome on WINDOWS (bb19daee1ab8eec40df6d4e4bbf4a37a)] -> xpath: //select[@name='DateOfBirthDay']]<br>
                                Selecting Month of Birth : May On Month of Birth Field : [[ChromeDriver: chrome on WINDOWS (bb19daee1ab8eec40df6d4e4bbf4a37a)] -> xpath: //select[@name='DateOfBirthMonth']]<br>
                                Selecting Year of Birth : 1990 On Year of Birth Field : [[ChromeDriver: chrome on WINDOWS (bb19daee1ab8eec40df6d4e4bbf4a37a)] -> xpath: //select[@name='DateOfBirthYear']]<br>
                                Entering Company Name : Advance Testing On Company Name Field : [[ChromeDriver: chrome on WINDOWS (bb19daee1ab8eec40df6d4e4bbf4a37a)] -> xpath: //input[@name='Company']]<br>
                                Entering Email ID : RogerKSqC@gmail.com On Email Field : [[ChromeDriver: chrome on WINDOWS (bb19daee1ab8eec40df6d4e4bbf4a37a)] -> xpath: //input[@name='Email']]<br>
                                Entering Password : RogerFpx On Password Field : [[ChromeDriver: chrome on WINDOWS (bb19daee1ab8eec40df6d4e4bbf4a37a)] -> xpath: //input[@name='Password']]<br>
                                Confirming Password : RogerJames123 On Confirm Password Field : [[ChromeDriver: chrome on WINDOWS (bb19daee1ab8eec40df6d4e4bbf4a37a)] -> xpath: //input[@name='ConfirmPassword']]<br>
                                Clicking on Register Button  : [[ChromeDriver: chrome on WINDOWS (bb19daee1ab8eec40df6d4e4bbf4a37a)] -> xpath: //input[@name='register-button']]<br>
                                Getting Registration Error Message : [[ChromeDriver: chrome on WINDOWS (bb19daee1ab8eec40df6d4e4bbf4a37a)] -> xpath: //span[@id='ConfirmPassword-error']]<br>
                  </div>
    

      </td>
</tr>
          <tr>
        <td colspan="3" class="group">com.demo.nopcommerce.testsuite.RegistrationTestWithExcelData</td>
      </tr>
            
<tr>
  <td class="method">
                  verifyThatNewUserIsAbleToRegisterSuccessfully
      </td>
  <td class="duration">
    58.227s
  </td>
  <td class="result">
        
          <i>Method arguments: </i><span class="arguments">"James", "Bond", "1", "April", "1970", "James Bond International"</span><br />
    
            <div class="testOutput">
                        Clicking on Register Link : [[ChromeDriver: chrome on WINDOWS (f3b7702b84b92398b598cdddf54b2623)] -> link text: Register]<br>
                                Clicking on Male Gender Radio Button  : [[ChromeDriver: chrome on WINDOWS (f3b7702b84b92398b598cdddf54b2623)] -> id: gender-male]<br>
                                Entering First Name : James On First Name Field : [[ChromeDriver: chrome on WINDOWS (f3b7702b84b92398b598cdddf54b2623)] -> xpath: //input[@name='FirstName']]<br>
                                Entering Last Name : Bond On Last Name Field : [[ChromeDriver: chrome on WINDOWS (f3b7702b84b92398b598cdddf54b2623)] -> xpath: //input[@name='LastName']]<br>
                                Selecting Day of Birth : 1 On Day of Birth Field : [[ChromeDriver: chrome on WINDOWS (f3b7702b84b92398b598cdddf54b2623)] -> xpath: //select[@name='DateOfBirthDay']]<br>
                                Selecting Month of Birth : April On Month of Birth Field : [[ChromeDriver: chrome on WINDOWS (f3b7702b84b92398b598cdddf54b2623)] -> xpath: //select[@name='DateOfBirthMonth']]<br>
                                Selecting Year of Birth : 1970 On Year of Birth Field : [[ChromeDriver: chrome on WINDOWS (f3b7702b84b92398b598cdddf54b2623)] -> xpath: //select[@name='DateOfBirthYear']]<br>
                                Entering Company Name : James Bond International On Company Name Field : [[ChromeDriver: chrome on WINDOWS (f3b7702b84b92398b598cdddf54b2623)] -> xpath: //input[@name='Company']]<br>
                                Entering Email ID : RogerquQF@gmail.com On Email Field : [[ChromeDriver: chrome on WINDOWS (f3b7702b84b92398b598cdddf54b2623)] -> xpath: //input[@name='Email']]<br>
                                Entering Password : RogerJmM On Password Field : [[ChromeDriver: chrome on WINDOWS (f3b7702b84b92398b598cdddf54b2623)] -> xpath: //input[@name='Password']]<br>
                                Confirming Password : RogerJmM On Confirm Password Field : [[ChromeDriver: chrome on WINDOWS (f3b7702b84b92398b598cdddf54b2623)] -> xpath: //input[@name='ConfirmPassword']]<br>
                                Clicking on Register Button  : [[ChromeDriver: chrome on WINDOWS (f3b7702b84b92398b598cdddf54b2623)] -> xpath: //input[@name='register-button']]<br>
                                Getting Registration Confirmation Text[[ChromeDriver: chrome on WINDOWS (f3b7702b84b92398b598cdddf54b2623)] -> xpath: //div[@class='result']]<br>
                  </div>
    

      </td>
</tr>
<tr>
  <td class="method">
                  verifyThatNewUserIsAbleToRegisterSuccessfully
      </td>
  <td class="duration">
    57.832s
  </td>
  <td class="result">
        
          <i>Method arguments: </i><span class="arguments">"Roger", "Moore", "1", "January", "1980", "Roger Moore International"</span><br />
    
            <div class="testOutput">
                        Clicking on Register Link : [[ChromeDriver: chrome on WINDOWS (030706c68e884aeb680f4c9c368b5c64)] -> link text: Register]<br>
                                Clicking on Male Gender Radio Button  : [[ChromeDriver: chrome on WINDOWS (030706c68e884aeb680f4c9c368b5c64)] -> id: gender-male]<br>
                                Entering First Name : Roger On First Name Field : [[ChromeDriver: chrome on WINDOWS (030706c68e884aeb680f4c9c368b5c64)] -> xpath: //input[@name='FirstName']]<br>
                                Entering Last Name : Moore On Last Name Field : [[ChromeDriver: chrome on WINDOWS (030706c68e884aeb680f4c9c368b5c64)] -> xpath: //input[@name='LastName']]<br>
                                Selecting Day of Birth : 1 On Day of Birth Field : [[ChromeDriver: chrome on WINDOWS (030706c68e884aeb680f4c9c368b5c64)] -> xpath: //select[@name='DateOfBirthDay']]<br>
                                Selecting Month of Birth : January On Month of Birth Field : [[ChromeDriver: chrome on WINDOWS (030706c68e884aeb680f4c9c368b5c64)] -> xpath: //select[@name='DateOfBirthMonth']]<br>
                                Selecting Year of Birth : 1980 On Year of Birth Field : [[ChromeDriver: chrome on WINDOWS (030706c68e884aeb680f4c9c368b5c64)] -> xpath: //select[@name='DateOfBirthYear']]<br>
                                Entering Company Name : Roger Moore International On Company Name Field : [[ChromeDriver: chrome on WINDOWS (030706c68e884aeb680f4c9c368b5c64)] -> xpath: //input[@name='Company']]<br>
                                Entering Email ID : Roger9APJ@gmail.com On Email Field : [[ChromeDriver: chrome on WINDOWS (030706c68e884aeb680f4c9c368b5c64)] -> xpath: //input[@name='Email']]<br>
                                Entering Password : RogerfbD On Password Field : [[ChromeDriver: chrome on WINDOWS (030706c68e884aeb680f4c9c368b5c64)] -> xpath: //input[@name='Password']]<br>
                                Confirming Password : RogerfbD On Confirm Password Field : [[ChromeDriver: chrome on WINDOWS (030706c68e884aeb680f4c9c368b5c64)] -> xpath: //input[@name='ConfirmPassword']]<br>
                                Clicking on Register Button  : [[ChromeDriver: chrome on WINDOWS (030706c68e884aeb680f4c9c368b5c64)] -> xpath: //input[@name='register-button']]<br>
                                Getting Registration Confirmation Text[[ChromeDriver: chrome on WINDOWS (030706c68e884aeb680f4c9c368b5c64)] -> xpath: //div[@class='result']]<br>
                  </div>
    

      </td>
</tr>
<tr>
  <td class="method">
                  verifyUserIsNotAbleToRegisterWithInvalidCredentials
      </td>
  <td class="duration">
    4.817s
  </td>
  <td class="result">
        
          <i>Method arguments: </i><span class="arguments">"Roger", "Moore", "1", "January", "1980", "Roger Moore International"</span><br />
    
            <div class="testOutput">
                        Clicking on Register Link : [[ChromeDriver: chrome on WINDOWS (9cd60c902456ad2ea837fb7b83595ffa)] -> link text: Register]<br>
                                Clicking on Male Gender Radio Button  : [[ChromeDriver: chrome on WINDOWS (9cd60c902456ad2ea837fb7b83595ffa)] -> id: gender-male]<br>
                                Entering First Name : Roger On First Name Field : [[ChromeDriver: chrome on WINDOWS (9cd60c902456ad2ea837fb7b83595ffa)] -> xpath: //input[@name='FirstName']]<br>
                                Entering Last Name : Moore On Last Name Field : [[ChromeDriver: chrome on WINDOWS (9cd60c902456ad2ea837fb7b83595ffa)] -> xpath: //input[@name='LastName']]<br>
                                Selecting Day of Birth : 1 On Day of Birth Field : [[ChromeDriver: chrome on WINDOWS (9cd60c902456ad2ea837fb7b83595ffa)] -> xpath: //select[@name='DateOfBirthDay']]<br>
                                Selecting Month of Birth : January On Month of Birth Field : [[ChromeDriver: chrome on WINDOWS (9cd60c902456ad2ea837fb7b83595ffa)] -> xpath: //select[@name='DateOfBirthMonth']]<br>
                                Selecting Year of Birth : 1980 On Year of Birth Field : [[ChromeDriver: chrome on WINDOWS (9cd60c902456ad2ea837fb7b83595ffa)] -> xpath: //select[@name='DateOfBirthYear']]<br>
                                Entering Company Name : Roger Moore International On Company Name Field : [[ChromeDriver: chrome on WINDOWS (9cd60c902456ad2ea837fb7b83595ffa)] -> xpath: //input[@name='Company']]<br>
                                Entering Email ID : RogerexTC@gmail.com On Email Field : [[ChromeDriver: chrome on WINDOWS (9cd60c902456ad2ea837fb7b83595ffa)] -> xpath: //input[@name='Email']]<br>
                                Entering Password : RogerMmx On Password Field : [[ChromeDriver: chrome on WINDOWS (9cd60c902456ad2ea837fb7b83595ffa)] -> xpath: //input[@name='Password']]<br>
                                Confirming Password : RogerJames123 On Confirm Password Field : [[ChromeDriver: chrome on WINDOWS (9cd60c902456ad2ea837fb7b83595ffa)] -> xpath: //input[@name='ConfirmPassword']]<br>
                                Clicking on Register Button  : [[ChromeDriver: chrome on WINDOWS (9cd60c902456ad2ea837fb7b83595ffa)] -> xpath: //input[@name='register-button']]<br>
                                Getting Registration Error Message : [[ChromeDriver: chrome on WINDOWS (9cd60c902456ad2ea837fb7b83595ffa)] -> xpath: //span[@id='ConfirmPassword-error']]<br>
                  </div>
    

      </td>
</tr>
<tr>
  <td class="method">
                  verifyUserIsNotAbleToRegisterWithInvalidCredentials
      </td>
  <td class="duration">
    5.231s
  </td>
  <td class="result">
        
          <i>Method arguments: </i><span class="arguments">"James", "Bond", "1", "April", "1970", "James Bond International"</span><br />
    
            <div class="testOutput">
                        Clicking on Register Link : [[ChromeDriver: chrome on WINDOWS (46e17159c2e70f5adf9aa029e1d2e065)] -> link text: Register]<br>
                                Clicking on Male Gender Radio Button  : [[ChromeDriver: chrome on WINDOWS (46e17159c2e70f5adf9aa029e1d2e065)] -> id: gender-male]<br>
                                Entering First Name : James On First Name Field : [[ChromeDriver: chrome on WINDOWS (46e17159c2e70f5adf9aa029e1d2e065)] -> xpath: //input[@name='FirstName']]<br>
                                Entering Last Name : Bond On Last Name Field : [[ChromeDriver: chrome on WINDOWS (46e17159c2e70f5adf9aa029e1d2e065)] -> xpath: //input[@name='LastName']]<br>
                                Selecting Day of Birth : 1 On Day of Birth Field : [[ChromeDriver: chrome on WINDOWS (46e17159c2e70f5adf9aa029e1d2e065)] -> xpath: //select[@name='DateOfBirthDay']]<br>
                                Selecting Month of Birth : April On Month of Birth Field : [[ChromeDriver: chrome on WINDOWS (46e17159c2e70f5adf9aa029e1d2e065)] -> xpath: //select[@name='DateOfBirthMonth']]<br>
                                Selecting Year of Birth : 1970 On Year of Birth Field : [[ChromeDriver: chrome on WINDOWS (46e17159c2e70f5adf9aa029e1d2e065)] -> xpath: //select[@name='DateOfBirthYear']]<br>
                                Entering Company Name : James Bond International On Company Name Field : [[ChromeDriver: chrome on WINDOWS (46e17159c2e70f5adf9aa029e1d2e065)] -> xpath: //input[@name='Company']]<br>
                                Entering Email ID : RogerOORT@gmail.com On Email Field : [[ChromeDriver: chrome on WINDOWS (46e17159c2e70f5adf9aa029e1d2e065)] -> xpath: //input[@name='Email']]<br>
                                Entering Password : Rogerj2f On Password Field : [[ChromeDriver: chrome on WINDOWS (46e17159c2e70f5adf9aa029e1d2e065)] -> xpath: //input[@name='Password']]<br>
                                Confirming Password : RogerJames123 On Confirm Password Field : [[ChromeDriver: chrome on WINDOWS (46e17159c2e70f5adf9aa029e1d2e065)] -> xpath: //input[@name='ConfirmPassword']]<br>
                                Clicking on Register Button  : [[ChromeDriver: chrome on WINDOWS (46e17159c2e70f5adf9aa029e1d2e065)] -> xpath: //input[@name='register-button']]<br>
                                Getting Registration Error Message : [[ChromeDriver: chrome on WINDOWS (46e17159c2e70f5adf9aa029e1d2e065)] -> xpath: //span[@id='ConfirmPassword-error']]<br>
                  </div>
    

      </td>
</tr>
      </table>
  
</body>
</html>
