<?xml version="1.0" encoding="UTF-8"?>
<testsuite xmlns:xsi="http://www.w3.org/2001/XMLSchema-instance" xsi:noNamespaceSchemaLocation="https://maven.apache.org/surefire/maven-surefire-plugin/xsd/surefire-test-report.xsd" name="TestSuite" time="530.934" tests="11" errors="0" skipped="0" failures="3">
  <properties>
    <property name="sun.desktop" value="windows"/>
    <property name="awt.toolkit" value="sun.awt.windows.WToolkit"/>
    <property name="file.encoding.pkg" value="sun.io"/>
    <property name="java.specification.version" value="1.8"/>
    <property name="sun.cpu.isalist" value="amd64"/>
    <property name="sun.jnu.encoding" value="Cp1252"/>
    <property name="java.class.path" value="C:\Users\srini\IdeaProjects\nopcommerce-page-factory-project\target\test-classes;C:\Users\srini\IdeaProjects\nopcommerce-page-factory-project\target\classes;C:\Users\srini\.m2\repository\junit\junit\4.11\junit-4.11.jar;C:\Users\srini\.m2\repository\org\hamcrest\hamcrest-core\1.3\hamcrest-core-1.3.jar;C:\Users\srini\.m2\repository\org\seleniumhq\selenium\selenium-java\3.141.59\selenium-java-3.141.59.jar;C:\Users\srini\.m2\repository\org\seleniumhq\selenium\selenium-api\3.141.59\selenium-api-3.141.59.jar;C:\Users\srini\.m2\repository\org\seleniumhq\selenium\selenium-chrome-driver\3.141.59\selenium-chrome-driver-3.141.59.jar;C:\Users\srini\.m2\repository\org\seleniumhq\selenium\selenium-edge-driver\3.141.59\selenium-edge-driver-3.141.59.jar;C:\Users\srini\.m2\repository\org\seleniumhq\selenium\selenium-firefox-driver\3.141.59\selenium-firefox-driver-3.141.59.jar;C:\Users\srini\.m2\repository\org\seleniumhq\selenium\selenium-ie-driver\3.141.59\selenium-ie-driver-3.141.59.jar;C:\Users\srini\.m2\repository\org\seleniumhq\selenium\selenium-opera-driver\3.141.59\selenium-opera-driver-3.141.59.jar;C:\Users\srini\.m2\repository\org\seleniumhq\selenium\selenium-remote-driver\3.141.59\selenium-remote-driver-3.141.59.jar;C:\Users\srini\.m2\repository\org\seleniumhq\selenium\selenium-safari-driver\3.141.59\selenium-safari-driver-3.141.59.jar;C:\Users\srini\.m2\repository\org\seleniumhq\selenium\selenium-support\3.141.59\selenium-support-3.141.59.jar;C:\Users\srini\.m2\repository\net\bytebuddy\byte-buddy\1.8.15\byte-buddy-1.8.15.jar;C:\Users\srini\.m2\repository\org\apache\commons\commons-exec\1.3\commons-exec-1.3.jar;C:\Users\srini\.m2\repository\com\google\guava\guava\25.0-jre\guava-25.0-jre.jar;C:\Users\srini\.m2\repository\com\google\code\findbugs\jsr305\1.3.9\jsr305-1.3.9.jar;C:\Users\srini\.m2\repository\org\checkerframework\checker-compat-qual\2.0.0\checker-compat-qual-2.0.0.jar;C:\Users\srini\.m2\repository\com\google\errorprone\error_prone_annotations\2.1.3\error_prone_annotations-2.1.3.jar;C:\Users\srini\.m2\repository\com\google\j2objc\j2objc-annotations\1.1\j2objc-annotations-1.1.jar;C:\Users\srini\.m2\repository\org\codehaus\mojo\animal-sniffer-annotations\1.14\animal-sniffer-annotations-1.14.jar;C:\Users\srini\.m2\repository\com\squareup\okhttp3\okhttp\3.11.0\okhttp-3.11.0.jar;C:\Users\srini\.m2\repository\com\squareup\okio\okio\1.14.0\okio-1.14.0.jar;C:\Users\srini\.m2\repository\org\testng\testng\7.1.0\testng-7.1.0.jar;C:\Users\srini\.m2\repository\com\beust\jcommander\1.72\jcommander-1.72.jar;C:\Users\srini\.m2\repository\com\google\inject\guice\4.1.0\guice-4.1.0-no_aop.jar;C:\Users\srini\.m2\repository\org\yaml\snakeyaml\1.21\snakeyaml-1.21.jar;C:\Users\srini\.m2\repository\commons-io\commons-io\2.6\commons-io-2.6.jar;C:\Users\srini\.m2\repository\org\uncommons\reportng\1.1.4\reportng-1.1.4.jar;C:\Users\srini\.m2\repository\velocity\velocity\1.4\velocity-1.4.jar;C:\Users\srini\.m2\repository\velocity\velocity-dep\1.4\velocity-dep-1.4.jar;C:\Users\srini\.m2\repository\com\google\inject\guice\4.1.0\guice-4.1.0.jar;C:\Users\srini\.m2\repository\javax\inject\javax.inject\1\javax.inject-1.jar;C:\Users\srini\.m2\repository\aopalliance\aopalliance\1.0\aopalliance-1.0.jar;C:\Users\srini\.m2\repository\org\apache\velocity\velocity\1.7\velocity-1.7.jar;C:\Users\srini\.m2\repository\commons-collections\commons-collections\3.2.1\commons-collections-3.2.1.jar;C:\Users\srini\.m2\repository\commons-lang\commons-lang\2.4\commons-lang-2.4.jar;C:\Users\srini\.m2\repository\log4j\log4j\1.2.17\log4j-1.2.17.jar;C:\Users\srini\.m2\repository\org\apache\poi\poi\3.11-beta2\poi-3.11-beta2.jar;C:\Users\srini\.m2\repository\commons-codec\commons-codec\1.9\commons-codec-1.9.jar;C:\Users\srini\.m2\repository\org\apache\poi\poi-ooxml\3.11-beta2\poi-ooxml-3.11-beta2.jar;C:\Users\srini\.m2\repository\org\apache\poi\poi-ooxml-schemas\3.11-beta2\poi-ooxml-schemas-3.11-beta2.jar;C:\Users\srini\.m2\repository\org\apache\xmlbeans\xmlbeans\2.6.0\xmlbeans-2.6.0.jar;C:\Users\srini\.m2\repository\stax\stax-api\1.0.1\stax-api-1.0.1.jar;"/>
    <property name="java.vm.vendor" value="Oracle Corporation"/>
    <property name="sun.arch.data.model" value="64"/>
    <property name="user.variant" value=""/>
    <property name="java.vendor.url" value="http://java.oracle.com/"/>
    <property name="user.timezone" value="Europe/London"/>
    <property name="java.vm.specification.version" value="1.8"/>
    <property name="os.name" value="Windows 10"/>
    <property name="user.country" value="GB"/>
    <property name="sun.java.launcher" value="SUN_STANDARD"/>
    <property name="sun.boot.library.path" value="C:\Program Files\Java\jdk1.8.0_121\jre\bin"/>
    <property name="sun.java.command" value="C:\Users\srini\AppData\Local\Temp\surefire6237533735377072315\surefirebooter1915705985885505476.jar C:\Users\srini\AppData\Local\Temp\surefire6237533735377072315 2020-04-22T12-14-46_337-jvmRun1 surefire1751603170639813509tmp surefire_07115874117719611454tmp"/>
    <property name="surefire.test.class.path" value="C:\Users\srini\IdeaProjects\nopcommerce-page-factory-project\target\test-classes;C:\Users\srini\IdeaProjects\nopcommerce-page-factory-project\target\classes;C:\Users\srini\.m2\repository\junit\junit\4.11\junit-4.11.jar;C:\Users\srini\.m2\repository\org\hamcrest\hamcrest-core\1.3\hamcrest-core-1.3.jar;C:\Users\srini\.m2\repository\org\seleniumhq\selenium\selenium-java\3.141.59\selenium-java-3.141.59.jar;C:\Users\srini\.m2\repository\org\seleniumhq\selenium\selenium-api\3.141.59\selenium-api-3.141.59.jar;C:\Users\srini\.m2\repository\org\seleniumhq\selenium\selenium-chrome-driver\3.141.59\selenium-chrome-driver-3.141.59.jar;C:\Users\srini\.m2\repository\org\seleniumhq\selenium\selenium-edge-driver\3.141.59\selenium-edge-driver-3.141.59.jar;C:\Users\srini\.m2\repository\org\seleniumhq\selenium\selenium-firefox-driver\3.141.59\selenium-firefox-driver-3.141.59.jar;C:\Users\srini\.m2\repository\org\seleniumhq\selenium\selenium-ie-driver\3.141.59\selenium-ie-driver-3.141.59.jar;C:\Users\srini\.m2\repository\org\seleniumhq\selenium\selenium-opera-driver\3.141.59\selenium-opera-driver-3.141.59.jar;C:\Users\srini\.m2\repository\org\seleniumhq\selenium\selenium-remote-driver\3.141.59\selenium-remote-driver-3.141.59.jar;C:\Users\srini\.m2\repository\org\seleniumhq\selenium\selenium-safari-driver\3.141.59\selenium-safari-driver-3.141.59.jar;C:\Users\srini\.m2\repository\org\seleniumhq\selenium\selenium-support\3.141.59\selenium-support-3.141.59.jar;C:\Users\srini\.m2\repository\net\bytebuddy\byte-buddy\1.8.15\byte-buddy-1.8.15.jar;C:\Users\srini\.m2\repository\org\apache\commons\commons-exec\1.3\commons-exec-1.3.jar;C:\Users\srini\.m2\repository\com\google\guava\guava\25.0-jre\guava-25.0-jre.jar;C:\Users\srini\.m2\repository\com\google\code\findbugs\jsr305\1.3.9\jsr305-1.3.9.jar;C:\Users\srini\.m2\repository\org\checkerframework\checker-compat-qual\2.0.0\checker-compat-qual-2.0.0.jar;C:\Users\srini\.m2\repository\com\google\errorprone\error_prone_annotations\2.1.3\error_prone_annotations-2.1.3.jar;C:\Users\srini\.m2\repository\com\google\j2objc\j2objc-annotations\1.1\j2objc-annotations-1.1.jar;C:\Users\srini\.m2\repository\org\codehaus\mojo\animal-sniffer-annotations\1.14\animal-sniffer-annotations-1.14.jar;C:\Users\srini\.m2\repository\com\squareup\okhttp3\okhttp\3.11.0\okhttp-3.11.0.jar;C:\Users\srini\.m2\repository\com\squareup\okio\okio\1.14.0\okio-1.14.0.jar;C:\Users\srini\.m2\repository\org\testng\testng\7.1.0\testng-7.1.0.jar;C:\Users\srini\.m2\repository\com\beust\jcommander\1.72\jcommander-1.72.jar;C:\Users\srini\.m2\repository\com\google\inject\guice\4.1.0\guice-4.1.0-no_aop.jar;C:\Users\srini\.m2\repository\org\yaml\snakeyaml\1.21\snakeyaml-1.21.jar;C:\Users\srini\.m2\repository\commons-io\commons-io\2.6\commons-io-2.6.jar;C:\Users\srini\.m2\repository\org\uncommons\reportng\1.1.4\reportng-1.1.4.jar;C:\Users\srini\.m2\repository\velocity\velocity\1.4\velocity-1.4.jar;C:\Users\srini\.m2\repository\velocity\velocity-dep\1.4\velocity-dep-1.4.jar;C:\Users\srini\.m2\repository\com\google\inject\guice\4.1.0\guice-4.1.0.jar;C:\Users\srini\.m2\repository\javax\inject\javax.inject\1\javax.inject-1.jar;C:\Users\srini\.m2\repository\aopalliance\aopalliance\1.0\aopalliance-1.0.jar;C:\Users\srini\.m2\repository\org\apache\velocity\velocity\1.7\velocity-1.7.jar;C:\Users\srini\.m2\repository\commons-collections\commons-collections\3.2.1\commons-collections-3.2.1.jar;C:\Users\srini\.m2\repository\commons-lang\commons-lang\2.4\commons-lang-2.4.jar;C:\Users\srini\.m2\repository\log4j\log4j\1.2.17\log4j-1.2.17.jar;C:\Users\srini\.m2\repository\org\apache\poi\poi\3.11-beta2\poi-3.11-beta2.jar;C:\Users\srini\.m2\repository\commons-codec\commons-codec\1.9\commons-codec-1.9.jar;C:\Users\srini\.m2\repository\org\apache\poi\poi-ooxml\3.11-beta2\poi-ooxml-3.11-beta2.jar;C:\Users\srini\.m2\repository\org\apache\poi\poi-ooxml-schemas\3.11-beta2\poi-ooxml-schemas-3.11-beta2.jar;C:\Users\srini\.m2\repository\org\apache\xmlbeans\xmlbeans\2.6.0\xmlbeans-2.6.0.jar;C:\Users\srini\.m2\repository\stax\stax-api\1.0.1\stax-api-1.0.1.jar;"/>
    <property name="sun.cpu.endian" value="little"/>
    <property name="user.home" value="C:\Users\srini"/>
    <property name="user.language" value="en"/>
    <property name="java.specification.vendor" value="Oracle Corporation"/>
    <property name="java.home" value="C:\Program Files\Java\jdk1.8.0_121\jre"/>
    <property name="basedir" value="C:\Users\srini\IdeaProjects\nopcommerce-page-factory-project"/>
    <property name="file.separator" value="\"/>
    <property name="line.separator" value="&#10;"/>
    <property name="java.vm.specification.vendor" value="Oracle Corporation"/>
    <property name="java.specification.name" value="Java Platform API Specification"/>
    <property name="java.awt.graphicsenv" value="sun.awt.Win32GraphicsEnvironment"/>
    <property name="surefire.real.class.path" value="C:\Users\srini\AppData\Local\Temp\surefire6237533735377072315\surefirebooter1915705985885505476.jar"/>
    <property name="sun.boot.class.path" value="C:\Program Files\Java\jdk1.8.0_121\jre\lib\resources.jar;C:\Program Files\Java\jdk1.8.0_121\jre\lib\rt.jar;C:\Program Files\Java\jdk1.8.0_121\jre\lib\sunrsasign.jar;C:\Program Files\Java\jdk1.8.0_121\jre\lib\jsse.jar;C:\Program Files\Java\jdk1.8.0_121\jre\lib\jce.jar;C:\Program Files\Java\jdk1.8.0_121\jre\lib\charsets.jar;C:\Program Files\Java\jdk1.8.0_121\jre\lib\jfr.jar;C:\Program Files\Java\jdk1.8.0_121\jre\classes"/>
    <property name="user.script" value=""/>
    <property name="sun.management.compiler" value="HotSpot 64-Bit Tiered Compilers"/>
    <property name="java.runtime.version" value="1.8.0_121-b13"/>
    <property name="user.name" value="srini"/>
    <property name="path.separator" value=";"/>
    <property name="os.version" value="10.0"/>
    <property name="java.endorsed.dirs" value="C:\Program Files\Java\jdk1.8.0_121\jre\lib\endorsed"/>
    <property name="java.runtime.name" value="Java(TM) SE Runtime Environment"/>
    <property name="file.encoding" value="Cp1252"/>
    <property name="java.vm.name" value="Java HotSpot(TM) 64-Bit Server VM"/>
    <property name="localRepository" value="C:\Users\srini\.m2\repository"/>
    <property name="java.vendor.url.bug" value="http://bugreport.sun.com/bugreport/"/>
    <property name="java.io.tmpdir" value="C:\Users\srini\AppData\Local\Temp\"/>
    <property name="java.version" value="1.8.0_121"/>
    <property name="user.dir" value="C:\Users\srini\IdeaProjects\nopcommerce-page-factory-project"/>
    <property name="os.arch" value="amd64"/>
    <property name="java.vm.specification.name" value="Java Virtual Machine Specification"/>
    <property name="java.awt.printerjob" value="sun.awt.windows.WPrinterJob"/>
    <property name="sun.os.patch.level" value=""/>
    <property name="java.library.path" value="C:\Program Files\Java\jdk1.8.0_121\jre\bin;C:\WINDOWS\Sun\Java\bin;C:\WINDOWS\system32;C:\WINDOWS;C:\ProgramData\Oracle\Java\javapath;C:\Program Files (x86)\Lenovo\FusionEngine;C:\WINDOWS\system32;C:\WINDOWS;C:\WINDOWS\System32\Wbem;C:\WINDOWS\System32\WindowsPowerShell\v1.0\;C:\Program Files (x86)\Common Files\lenovo\easyplussdk\bin;C:\Program Files\Intel\WiFi\bin\;C:\Program Files\Common Files\Intel\WirelessCommon\;C:\WINDOWS\System32\OpenSSH\;C:\Program Files\Java\jdk1.8.0_121\bin;C:\Program Files\Git\cmd;C:\Program Files\Apache\apache-maven-3.6.3\bin;C:\Users\srini\AppData\Local\Microsoft\WindowsApps;;."/>
    <property name="idea.version2019.3.2" value="true"/>
    <property name="java.vm.info" value="mixed mode"/>
    <property name="java.vendor" value="Oracle Corporation"/>
    <property name="java.vm.version" value="25.121-b13"/>
    <property name="java.ext.dirs" value="C:\Program Files\Java\jdk1.8.0_121\jre\lib\ext;C:\WINDOWS\Sun\Java\lib\ext"/>
    <property name="sun.io.unicode.encoding" value="UnicodeLittle"/>
    <property name="java.class.version" value="52.0"/>
  </properties>
  <testcase name="verifyUserAbleToNavigateToComputersPage" classname="com.demo.nopcommerce.testsuite.ComputerTest" time="2.416"/>
  <testcase name="verifyUserIsAbleToNavigateToDesktopPageViaComputersPage" classname="com.demo.nopcommerce.testsuite.ComputerTest" time="55.336"/>
  <testcase name="verifyUserFailedTestToNavigateToDesktopPage" classname="com.demo.nopcommerce.testsuite.ComputerTest" time="54.368">
    <failure message="The following asserts failed:&#10;	expected [Desk] but found [Desktops]" type="java.lang.AssertionError">java.lang.AssertionError: 
The following asserts failed:
	expected [Desk] but found [Desktops]
	at com.demo.nopcommerce.testsuite.ComputerTest.verifyUserFailedTestToNavigateToDesktopPage(ComputerTest.java:61)
</failure>
    <system-out><![CDATA[2020-04-22 12:04:165 INFO  BrowserSelector :30 - Launching Chrome Browser
2020-04-22 12:04:64 INFO  HomePage :58 - Clicking on Computer Link : [[ChromeDriver: chrome on WINDOWS (c962a8c4ce88e87fe2116664143f8633)] -> xpath: //ul[@class='top-menu notmobile']//a[contains(text(),'Computers')]]
2020-04-22 12:04:937 INFO  ComputersPage :48 - Clicking on Desktop Link : Proxy element for: DefaultElementLocator 'By.xpath: //h2[@class='title']//a[contains(text(),'Desktops')]'
2020-04-22 12:04:983 INFO  DesktopPage :34 - Getting Desktop Text : [[ChromeDriver: chrome on WINDOWS (c962a8c4ce88e87fe2116664143f8633)] -> xpath: /html/body/div[6]/div[3]/div[2]/div[2]/div/div[1]/h1]
]]></system-out>
    <system-err><![CDATA[Starting ChromeDriver 80.0.3987.106 (f68069574609230cf9b635cd784cfb1bf81bb53a-refs/branch-heads/3987@{#882}) on port 10370
Only local connections are allowed.
Please protect ports used by ChromeDriver and related test frameworks to prevent access by malicious code.
[1587554187.325][WARNING]: Timed out connecting to Chrome, retrying...
Apr 22, 2020 12:16:29 PM org.openqa.selenium.remote.ProtocolHandshake createSession
INFO: Detected dialect: W3C
[1587554191.369][WARNING]: Timed out connecting to Chrome, retrying...
[1587554194.861][SEVERE]: Timed out receiving message from renderer: 0.100
[1587554194.970][SEVERE]: Timed out receiving message from renderer: 0.100
[1587554195.102][SEVERE]: Timed out receiving message from renderer: 0.100
[1587554195.654][SEVERE]: Timed out receiving message from renderer: 0.100
[1587554195.759][SEVERE]: Timed out receiving message from renderer: 0.100
[1587554195.923][SEVERE]: Timed out receiving message from renderer: 0.100
[1587554196.027][SEVERE]: Timed out receiving message from renderer: 0.100
[1587554196.136][SEVERE]: Timed out receiving message from renderer: 0.100
[1587554196.264][SEVERE]: Timed out receiving message from renderer: 0.100
[1587554196.367][SEVERE]: Timed out receiving message from renderer: 0.100
[1587554196.470][SEVERE]: Timed out receiving message from renderer: 0.100
[1587554196.575][SEVERE]: Timed out receiving message from renderer: 0.100
[1587554196.683][SEVERE]: Timed out receiving message from renderer: 0.100
[1587554196.791][SEVERE]: Timed out receiving message from renderer: 0.100
[1587554197.245][SEVERE]: Timed out receiving message from renderer: 0.100
[1587554197.429][SEVERE]: Timed out receiving message from renderer: 0.100
[1587554197.540][SEVERE]: Timed out receiving message from renderer: 0.100
[1587554198.662][SEVERE]: Timed out receiving message from renderer: 0.100
[1587554198.865][SEVERE]: Timed out receiving message from renderer: 0.100
[1587554201.448][SEVERE]: Timed out receiving message from renderer: 0.100
[1587554201.683][SEVERE]: Timed out receiving message from renderer: 0.100
[1587554201.816][SEVERE]: Timed out receiving message from renderer: 0.100
]]></system-err>
  </testcase>
  <testcase name="verifyUserIsAbleToNavigatetoLoginPage" classname="com.demo.nopcommerce.testsuite.LoginTest" time="1.678"/>
  <testcase name="verifyUserIsAbleToLoginSuccessfully" classname="com.demo.nopcommerce.testsuite.LoginTest" time="54.738"/>
  <testcase name="verifyUserFailedLoginWithWrongDetails" classname="com.demo.nopcommerce.testsuite.LoginTest" time="4.011">
    <failure message="expected [Wrong email] but found [About login / registration]" type="java.lang.AssertionError">java.lang.AssertionError: expected [Wrong email] but found [About login / registration]
	at com.demo.nopcommerce.testsuite.LoginTest.verifyUserFailedLoginWithWrongDetails(LoginTest.java:78)
</failure>
    <system-out><![CDATA[2020-04-22 12:04:827 INFO  BrowserSelector :30 - Launching Chrome Browser
2020-04-22 12:04:441 INFO  HomePage :46 - Clicking on Login Link : [[ChromeDriver: chrome on WINDOWS (e6bfae2452611ef93f1aa53c9ee30518)] -> link text: Log in]
2020-04-22 12:04:981 INFO  LoginPage :47 - Entering Email Id : Roger123@gmail.com On Email Field [[ChromeDriver: chrome on WINDOWS (e6bfae2452611ef93f1aa53c9ee30518)] -> id: Email]
2020-04-22 12:04:371 INFO  LoginPage :53 - Entering Password : Roger197777 On Password Field [[ChromeDriver: chrome on WINDOWS (e6bfae2452611ef93f1aa53c9ee30518)] -> xpath: //input[@name='Password']]
2020-04-22 12:04:892 INFO  LoginPage :65 -  Clicking on Login Button : [[ChromeDriver: chrome on WINDOWS (e6bfae2452611ef93f1aa53c9ee30518)] -> xpath: //input[@class='button-1 login-button']]
2020-04-22 12:04:937 INFO  WelcomeStorePage :30 - Getting Welcome Store Text[[ChromeDriver: chrome on WINDOWS (e6bfae2452611ef93f1aa53c9ee30518)] -> xpath: //div[@class='topic-block-title']//h2]
]]></system-out>
    <system-err><![CDATA[Starting ChromeDriver 80.0.3987.106 (f68069574609230cf9b635cd784cfb1bf81bb53a-refs/branch-heads/3987@{#882}) on port 37651
Only local connections are allowed.
Please protect ports used by ChromeDriver and related test frameworks to prevent access by malicious code.
[1587554342.362][WARNING]: Timed out connecting to Chrome, retrying...
Apr 22, 2020 12:19:04 PM org.openqa.selenium.remote.ProtocolHandshake createSession
INFO: Detected dialect: W3C
[1587554346.402][WARNING]: Timed out connecting to Chrome, retrying...
[1587554350.754][SEVERE]: Timed out receiving message from renderer: 0.100
[1587554351.321][SEVERE]: Timed out receiving message from renderer: 0.100
[1587554351.626][SEVERE]: Timed out receiving message from renderer: 0.100
[1587554351.728][SEVERE]: Timed out receiving message from renderer: 0.100
[1587554351.830][SEVERE]: Timed out receiving message from renderer: 0.100
[1587554351.931][SEVERE]: Timed out receiving message from renderer: 0.100
[1587554352.034][SEVERE]: Timed out receiving message from renderer: 0.100
[1587554352.136][SEVERE]: Timed out receiving message from renderer: 0.100
[1587554352.237][SEVERE]: Timed out receiving message from renderer: 0.100
[1587554352.339][SEVERE]: Timed out receiving message from renderer: 0.100
[1587554352.441][SEVERE]: Timed out receiving message from renderer: 0.100
[1587554352.543][SEVERE]: Timed out receiving message from renderer: 0.100
[1587554352.690][SEVERE]: Timed out receiving message from renderer: 0.100
[1587554352.806][SEVERE]: Timed out receiving message from renderer: 0.100
[1587554352.908][SEVERE]: Timed out receiving message from renderer: 0.100
[1587554354.287][SEVERE]: Timed out receiving message from renderer: 0.100
]]></system-err>
  </testcase>
  <testcase name="verifyUserIsNotAbleToLoginWithInvalidCredentials" classname="com.demo.nopcommerce.testsuite.LoginTest" time="0.007"/>
  <testcase name="verifyThatUserIsAbleToNavigateToRegisterPage" classname="com.demo.nopcommerce.testsuite.RegistrationTest" time="0.004"/>
  <testcase name="verifyThatNewUserIsAbleToRegisterSuccessfully" classname="com.demo.nopcommerce.testsuite.RegistrationTest" time="58.165"/>
  <testcase name="verifyThatNewUserFailedTestToRegister" classname="com.demo.nopcommerce.testsuite.RegistrationTest" time="59.681">
    <failure message="expected [Your registration] but found [Your registration completed]" type="java.lang.AssertionError">java.lang.AssertionError: expected [Your registration] but found [Your registration completed]
	at com.demo.nopcommerce.testsuite.RegistrationTest.verifyThatNewUserFailedTestToRegister(RegistrationTest.java:103)
</failure>
    <system-out><![CDATA[2020-04-22 12:04:783 INFO  BrowserSelector :30 - Launching Chrome Browser
2020-04-22 12:04:966 INFO  HomePage :40 - Clicking on Register Link : [[ChromeDriver: chrome on WINDOWS (054fb0066d5eb766d9070b798ea537cd)] -> link text: Register]
2020-04-22 12:04:197 INFO  RegisterPage :80 - Clicking on Male Gender Radio Button : [[ChromeDriver: chrome on WINDOWS (054fb0066d5eb766d9070b798ea537cd)] -> id: gender-male]
2020-04-22 12:04:645 INFO  RegisterPage :90 - Entering First Name : Roger On First Name Field : [[ChromeDriver: chrome on WINDOWS (054fb0066d5eb766d9070b798ea537cd)] -> xpath: //input[@name='FirstName']]
2020-04-22 12:04:925 INFO  RegisterPage :96 - Entering Last Name : Moore On Last Name Field : [[ChromeDriver: chrome on WINDOWS (054fb0066d5eb766d9070b798ea537cd)] -> xpath: //input[@name='LastName']]
2020-04-22 12:04:422 INFO  RegisterPage :102 - Selecting Day of Birth : 1 On Day of Birth Field : [[ChromeDriver: chrome on WINDOWS (054fb0066d5eb766d9070b798ea537cd)] -> xpath: //select[@name='DateOfBirthDay']]
2020-04-22 12:04:700 INFO  RegisterPage :108 - Selecting Month of Birth : January On Month of Birth Field : [[ChromeDriver: chrome on WINDOWS (054fb0066d5eb766d9070b798ea537cd)] -> xpath: //select[@name='DateOfBirthMonth']]
2020-04-22 12:04:963 INFO  RegisterPage :114 - Selecting Year of Birth : 1980 On Year of Birth Field : [[ChromeDriver: chrome on WINDOWS (054fb0066d5eb766d9070b798ea537cd)] -> xpath: //select[@name='DateOfBirthYear']]
2020-04-22 12:04:40 INFO  RegisterPage :120 - Entering Email ID : Roger0d3J@gmail.com On Email Field : [[ChromeDriver: chrome on WINDOWS (054fb0066d5eb766d9070b798ea537cd)] -> xpath: //input[@name='Email']]
2020-04-22 12:04:548 INFO  RegisterPage :127 - Entering Company Name : Roger Moore International On Company Name Field : [[ChromeDriver: chrome on WINDOWS (054fb0066d5eb766d9070b798ea537cd)] -> xpath: //input[@name='Company']]
2020-04-22 12:04:818 INFO  RegisterPage :133 - Entering Password : RogerSSb On Password Field : [[ChromeDriver: chrome on WINDOWS (054fb0066d5eb766d9070b798ea537cd)] -> xpath: //input[@name='Password']]
2020-04-22 12:04:411 INFO  RegisterPage :139 - Confirming Password : RogerSSb On Confirm Password Field : [[ChromeDriver: chrome on WINDOWS (054fb0066d5eb766d9070b798ea537cd)] -> xpath: //input[@name='ConfirmPassword']]
2020-04-22 12:04:359 INFO  RegisterPage :152 - Clicking on Register Button  : Proxy element for: DefaultElementLocator 'By.xpath: //input[@name='register-button']'
2020-04-22 12:04:456 INFO  RegistrationCompletePage :37 - Getting Registration Confirmation Text[[ChromeDriver: chrome on WINDOWS (054fb0066d5eb766d9070b798ea537cd)] -> xpath: //div[@class='result']]
]]></system-out>
    <system-err><![CDATA[Starting ChromeDriver 80.0.3987.106 (f68069574609230cf9b635cd784cfb1bf81bb53a-refs/branch-heads/3987@{#882}) on port 11775
Only local connections are allowed.
Please protect ports used by ChromeDriver and related test frameworks to prevent access by malicious code.
[1587554525.315][WARNING]: Timed out connecting to Chrome, retrying...
Apr 22, 2020 12:22:07 PM org.openqa.selenium.remote.ProtocolHandshake createSession
INFO: Detected dialect: W3C
[1587554529.378][WARNING]: Timed out connecting to Chrome, retrying...
[1587554533.483][SEVERE]: Timed out receiving message from renderer: 0.100
[1587554533.884][SEVERE]: Timed out receiving message from renderer: 0.100
[1587554534.082][SEVERE]: Timed out receiving message from renderer: 0.100
[1587554534.189][SEVERE]: Timed out receiving message from renderer: 0.100
[1587554534.301][SEVERE]: Timed out receiving message from renderer: 0.100
[1587554534.645][SEVERE]: Timed out receiving message from renderer: 0.100
[1587554534.769][SEVERE]: Timed out receiving message from renderer: 0.100
[1587554536.435][SEVERE]: Timed out receiving message from renderer: 0.100
[1587554536.862][SEVERE]: Timed out receiving message from renderer: 0.100
]]></system-err>
  </testcase>
  <testcase name="verifyUserisNotBeAbleToRegisterWithInvalidCredentials" classname="com.demo.nopcommerce.testsuite.RegistrationTest" time="6.289"/>
</testsuite>