<?xml version="1.0" encoding="UTF-8"?>
<testng-results skipped="0" failed="3" ignored="0" total="11" passed="8">
  <reporter-output>
    <line>
      <![CDATA[Launching Chrome Browser]]>
    </line>
    <line>
      <![CDATA[Clicking on Computer Link : [[ChromeDriver: chrome on WINDOWS (9c1ab20c3455bcd5b572865538faccc1)] -> xpath: //ul[@class='top-menu notmobile']//a[contains(text(),'Computers')]]<br>]]>
    </line>
    <line>
      <![CDATA[Getting Computer Text : Computers [[ChromeDriver: chrome on WINDOWS (9c1ab20c3455bcd5b572865538faccc1)] -> xpath: //div[@class='page-title']//h1]<br>]]>
    </line>
    <line>
      <![CDATA[Launching Chrome Browser]]>
    </line>
    <line>
      <![CDATA[Clicking on Computer Link : [[ChromeDriver: chrome on WINDOWS (0c117c852ad12ef3aeb2b2b6c138bebc)] -> xpath: //ul[@class='top-menu notmobile']//a[contains(text(),'Computers')]]<br>]]>
    </line>
    <line>
      <![CDATA[Clicking on Desktop Link : [[ChromeDriver: chrome on WINDOWS (0c117c852ad12ef3aeb2b2b6c138bebc)] -> xpath: //h2[@class='title']//a[contains(text(),'Desktops')]]<br>]]>
    </line>
    <line>
      <![CDATA[Getting Desktop Text : [[ChromeDriver: chrome on WINDOWS (0c117c852ad12ef3aeb2b2b6c138bebc)] -> xpath: /html/body/div[6]/div[3]/div[2]/div[2]/div/div[1]/h1]<br>]]>
    </line>
    <line>
      <![CDATA[Launching Chrome Browser]]>
    </line>
    <line>
      <![CDATA[Clicking on Computer Link : [[ChromeDriver: chrome on WINDOWS (c962a8c4ce88e87fe2116664143f8633)] -> xpath: //ul[@class='top-menu notmobile']//a[contains(text(),'Computers')]]<br>]]>
    </line>
    <line>
      <![CDATA[Clicking on Desktop Link : [[ChromeDriver: chrome on WINDOWS (c962a8c4ce88e87fe2116664143f8633)] -> xpath: //h2[@class='title']//a[contains(text(),'Desktops')]]<br>]]>
    </line>
    <line>
      <![CDATA[Getting Desktop Text : [[ChromeDriver: chrome on WINDOWS (c962a8c4ce88e87fe2116664143f8633)] -> xpath: /html/body/div[6]/div[3]/div[2]/div[2]/div/div[1]/h1]<br>]]>
    </line>
    <line>
      <![CDATA[Launching Chrome Browser]]>
    </line>
    <line>
      <![CDATA[Clicking on Login Link : [[ChromeDriver: chrome on WINDOWS (5f6fa64bf6505d37e5d570889457342a)] -> link text: Log in]<br>]]>
    </line>
    <line>
      <![CDATA[ Getting Login Welcome Text Message : [[ChromeDriver: chrome on WINDOWS (5f6fa64bf6505d37e5d570889457342a)] -> xpath: //h1[contains(text(),'Welcome, Please Sign In!')]]<br>]]>
    </line>
    <line>
      <![CDATA[Launching Chrome Browser]]>
    </line>
    <line>
      <![CDATA[Clicking on Login Link : [[ChromeDriver: chrome on WINDOWS (ae5c580a6281c72d0a4882dd8aa4be5e)] -> link text: Log in]<br>]]>
    </line>
    <line>
      <![CDATA[Entering Email Id : Roger123@gmail.com On Email Field [[ChromeDriver: chrome on WINDOWS (ae5c580a6281c72d0a4882dd8aa4be5e)] -> id: Email]<br>]]>
    </line>
    <line>
      <![CDATA[Entering Password : Roger1980 On Password Field [[ChromeDriver: chrome on WINDOWS (ae5c580a6281c72d0a4882dd8aa4be5e)] -> xpath: //input[@name='Password']]<br>]]>
    </line>
    <line>
      <![CDATA[ Clicking on Login Button : [[ChromeDriver: chrome on WINDOWS (ae5c580a6281c72d0a4882dd8aa4be5e)] -> xpath: //input[@class='button-1 login-button']]<br>]]>
    </line>
    <line>
      <![CDATA[Getting Welcome Store Text[[ChromeDriver: chrome on WINDOWS (ae5c580a6281c72d0a4882dd8aa4be5e)] -> xpath: //div[@class='topic-block-title']//h2]<br>]]>
    </line>
    <line>
      <![CDATA[Launching Chrome Browser]]>
    </line>
    <line>
      <![CDATA[Clicking on Login Link : [[ChromeDriver: chrome on WINDOWS (e6bfae2452611ef93f1aa53c9ee30518)] -> link text: Log in]<br>]]>
    </line>
    <line>
      <![CDATA[Entering Email Id : Roger123@gmail.com On Email Field [[ChromeDriver: chrome on WINDOWS (e6bfae2452611ef93f1aa53c9ee30518)] -> id: Email]<br>]]>
    </line>
    <line>
      <![CDATA[Entering Password : Roger197777 On Password Field [[ChromeDriver: chrome on WINDOWS (e6bfae2452611ef93f1aa53c9ee30518)] -> xpath: //input[@name='Password']]<br>]]>
    </line>
    <line>
      <![CDATA[ Clicking on Login Button : [[ChromeDriver: chrome on WINDOWS (e6bfae2452611ef93f1aa53c9ee30518)] -> xpath: //input[@class='button-1 login-button']]<br>]]>
    </line>
    <line>
      <![CDATA[Getting Welcome Store Text[[ChromeDriver: chrome on WINDOWS (e6bfae2452611ef93f1aa53c9ee30518)] -> xpath: //div[@class='topic-block-title']//h2]<br>]]>
    </line>
    <line>
      <![CDATA[Launching Chrome Browser]]>
    </line>
    <line>
      <![CDATA[Clicking on Login Link : [[ChromeDriver: chrome on WINDOWS (66f2ba0eb1346949e2f64ad59b9cc556)] -> link text: Log in]<br>]]>
    </line>
    <line>
      <![CDATA[Entering Email Id : Roger123@gmail.com On Email Field [[ChromeDriver: chrome on WINDOWS (66f2ba0eb1346949e2f64ad59b9cc556)] -> id: Email]<br>]]>
    </line>
    <line>
      <![CDATA[Entering A Wrong Password : Roger197777 On Password Field [[ChromeDriver: chrome on WINDOWS (66f2ba0eb1346949e2f64ad59b9cc556)] -> xpath: //input[@name='Password']]<br>]]>
    </line>
    <line>
      <![CDATA[ Clicking on Login Button : [[ChromeDriver: chrome on WINDOWS (66f2ba0eb1346949e2f64ad59b9cc556)] -> xpath: //input[@class='button-1 login-button']]<br>]]>
    </line>
    <line>
      <![CDATA[ Getting Error Message Text : [[ChromeDriver: chrome on WINDOWS (66f2ba0eb1346949e2f64ad59b9cc556)] -> xpath: //div[@class='message-error validation-summary-errors']]<br>]]>
    </line>
    <line>
      <![CDATA[Launching Chrome Browser]]>
    </line>
    <line>
      <![CDATA[Clicking on Register Link : [[ChromeDriver: chrome on WINDOWS (ff83f14f2d4d00ac1ec51ee273d8b42d)] -> link text: Register]<br>]]>
    </line>
    <line>
      <![CDATA[Verifying Register Text : [[ChromeDriver: chrome on WINDOWS (ff83f14f2d4d00ac1ec51ee273d8b42d)] -> xpath: //h1[contains(text(),'Register')]]<br>]]>
    </line>
    <line>
      <![CDATA[Getting Register Text : [[ChromeDriver: chrome on WINDOWS (ff83f14f2d4d00ac1ec51ee273d8b42d)] -> xpath: //h1[contains(text(),'Register')]]<br>]]>
    </line>
    <line>
      <![CDATA[Launching Chrome Browser]]>
    </line>
    <line>
      <![CDATA[Clicking on Register Link : [[ChromeDriver: chrome on WINDOWS (4bc2ba91f84cba75419db56b5042db2e)] -> link text: Register]<br>]]>
    </line>
    <line>
      <![CDATA[Clicking on Male Gender Radio Button  : [[ChromeDriver: chrome on WINDOWS (4bc2ba91f84cba75419db56b5042db2e)] -> id: gender-male]<br>]]>
    </line>
    <line>
      <![CDATA[Entering First Name : Roger On First Name Field : [[ChromeDriver: chrome on WINDOWS (4bc2ba91f84cba75419db56b5042db2e)] -> xpath: //input[@name='FirstName']]<br>]]>
    </line>
    <line>
      <![CDATA[Entering Last Name : Moore On Last Name Field : [[ChromeDriver: chrome on WINDOWS (4bc2ba91f84cba75419db56b5042db2e)] -> xpath: //input[@name='LastName']]<br>]]>
    </line>
    <line>
      <![CDATA[Selecting Day of Birth : 1 On Day of Birth Field : [[ChromeDriver: chrome on WINDOWS (4bc2ba91f84cba75419db56b5042db2e)] -> xpath: //select[@name='DateOfBirthDay']]<br>]]>
    </line>
    <line>
      <![CDATA[Selecting Month of Birth : January On Month of Birth Field : [[ChromeDriver: chrome on WINDOWS (4bc2ba91f84cba75419db56b5042db2e)] -> xpath: //select[@name='DateOfBirthMonth']]<br>]]>
    </line>
    <line>
      <![CDATA[Selecting Year of Birth : 1980 On Year of Birth Field : [[ChromeDriver: chrome on WINDOWS (4bc2ba91f84cba75419db56b5042db2e)] -> xpath: //select[@name='DateOfBirthYear']]<br>]]>
    </line>
    <line>
      <![CDATA[Entering Email ID : RogerlEcl@gmail.com On Email Field : [[ChromeDriver: chrome on WINDOWS (4bc2ba91f84cba75419db56b5042db2e)] -> xpath: //input[@name='Email']]<br>]]>
    </line>
    <line>
      <![CDATA[Entering Company Name : Roger Moore International On Company Name Field : [[ChromeDriver: chrome on WINDOWS (4bc2ba91f84cba75419db56b5042db2e)] -> xpath: //input[@name='Company']]<br>]]>
    </line>
    <line>
      <![CDATA[Entering Password : Roger4R4 On Password Field : [[ChromeDriver: chrome on WINDOWS (4bc2ba91f84cba75419db56b5042db2e)] -> xpath: //input[@name='Password']]<br>]]>
    </line>
    <line>
      <![CDATA[Confirming Password : Roger4R4 On Confirm Password Field : [[ChromeDriver: chrome on WINDOWS (4bc2ba91f84cba75419db56b5042db2e)] -> xpath: //input[@name='ConfirmPassword']]<br>]]>
    </line>
    <line>
      <![CDATA[Clicking on Register Button  : [[ChromeDriver: chrome on WINDOWS (4bc2ba91f84cba75419db56b5042db2e)] -> xpath: //input[@name='register-button']]<br>]]>
    </line>
    <line>
      <![CDATA[Getting Registration Confirmation Text[[ChromeDriver: chrome on WINDOWS (4bc2ba91f84cba75419db56b5042db2e)] -> xpath: //div[@class='result']]<br>]]>
    </line>
    <line>
      <![CDATA[Launching Chrome Browser]]>
    </line>
    <line>
      <![CDATA[Clicking on Register Link : [[ChromeDriver: chrome on WINDOWS (054fb0066d5eb766d9070b798ea537cd)] -> link text: Register]<br>]]>
    </line>
    <line>
      <![CDATA[Clicking on Male Gender Radio Button  : [[ChromeDriver: chrome on WINDOWS (054fb0066d5eb766d9070b798ea537cd)] -> id: gender-male]<br>]]>
    </line>
    <line>
      <![CDATA[Entering First Name : Roger On First Name Field : [[ChromeDriver: chrome on WINDOWS (054fb0066d5eb766d9070b798ea537cd)] -> xpath: //input[@name='FirstName']]<br>]]>
    </line>
    <line>
      <![CDATA[Entering Last Name : Moore On Last Name Field : [[ChromeDriver: chrome on WINDOWS (054fb0066d5eb766d9070b798ea537cd)] -> xpath: //input[@name='LastName']]<br>]]>
    </line>
    <line>
      <![CDATA[Selecting Day of Birth : 1 On Day of Birth Field : [[ChromeDriver: chrome on WINDOWS (054fb0066d5eb766d9070b798ea537cd)] -> xpath: //select[@name='DateOfBirthDay']]<br>]]>
    </line>
    <line>
      <![CDATA[Selecting Month of Birth : January On Month of Birth Field : [[ChromeDriver: chrome on WINDOWS (054fb0066d5eb766d9070b798ea537cd)] -> xpath: //select[@name='DateOfBirthMonth']]<br>]]>
    </line>
    <line>
      <![CDATA[Selecting Year of Birth : 1980 On Year of Birth Field : [[ChromeDriver: chrome on WINDOWS (054fb0066d5eb766d9070b798ea537cd)] -> xpath: //select[@name='DateOfBirthYear']]<br>]]>
    </line>
    <line>
      <![CDATA[Entering Email ID : Roger0d3J@gmail.com On Email Field : [[ChromeDriver: chrome on WINDOWS (054fb0066d5eb766d9070b798ea537cd)] -> xpath: //input[@name='Email']]<br>]]>
    </line>
    <line>
      <![CDATA[Entering Company Name : Roger Moore International On Company Name Field : [[ChromeDriver: chrome on WINDOWS (054fb0066d5eb766d9070b798ea537cd)] -> xpath: //input[@name='Company']]<br>]]>
    </line>
    <line>
      <![CDATA[Entering Password : RogerSSb On Password Field : [[ChromeDriver: chrome on WINDOWS (054fb0066d5eb766d9070b798ea537cd)] -> xpath: //input[@name='Password']]<br>]]>
    </line>
    <line>
      <![CDATA[Confirming Password : RogerSSb On Confirm Password Field : [[ChromeDriver: chrome on WINDOWS (054fb0066d5eb766d9070b798ea537cd)] -> xpath: //input[@name='ConfirmPassword']]<br>]]>
    </line>
    <line>
      <![CDATA[Clicking on Register Button  : [[ChromeDriver: chrome on WINDOWS (054fb0066d5eb766d9070b798ea537cd)] -> xpath: //input[@name='register-button']]<br>]]>
    </line>
    <line>
      <![CDATA[Getting Registration Confirmation Text[[ChromeDriver: chrome on WINDOWS (054fb0066d5eb766d9070b798ea537cd)] -> xpath: //div[@class='result']]<br>]]>
    </line>
    <line>
      <![CDATA[Launching Chrome Browser]]>
    </line>
    <line>
      <![CDATA[Clicking on Register Link : [[ChromeDriver: chrome on WINDOWS (b711b6a4c2418f773000ec9a985a90c8)] -> link text: Register]<br>]]>
    </line>
    <line>
      <![CDATA[Clicking on Male Gender Radio Button  : [[ChromeDriver: chrome on WINDOWS (b711b6a4c2418f773000ec9a985a90c8)] -> id: gender-male]<br>]]>
    </line>
    <line>
      <![CDATA[Entering First Name : Roger On First Name Field : [[ChromeDriver: chrome on WINDOWS (b711b6a4c2418f773000ec9a985a90c8)] -> xpath: //input[@name='FirstName']]<br>]]>
    </line>
    <line>
      <![CDATA[Entering Last Name : Moore On Last Name Field : [[ChromeDriver: chrome on WINDOWS (b711b6a4c2418f773000ec9a985a90c8)] -> xpath: //input[@name='LastName']]<br>]]>
    </line>
    <line>
      <![CDATA[Selecting Day of Birth : 1 On Day of Birth Field : [[ChromeDriver: chrome on WINDOWS (b711b6a4c2418f773000ec9a985a90c8)] -> xpath: //select[@name='DateOfBirthDay']]<br>]]>
    </line>
    <line>
      <![CDATA[Selecting Month of Birth : January On Month of Birth Field : [[ChromeDriver: chrome on WINDOWS (b711b6a4c2418f773000ec9a985a90c8)] -> xpath: //select[@name='DateOfBirthMonth']]<br>]]>
    </line>
    <line>
      <![CDATA[Selecting Year of Birth : 1980 On Year of Birth Field : [[ChromeDriver: chrome on WINDOWS (b711b6a4c2418f773000ec9a985a90c8)] -> xpath: //select[@name='DateOfBirthYear']]<br>]]>
    </line>
    <line>
      <![CDATA[Entering Email ID : RogerCdfe@gmail.com On Email Field : [[ChromeDriver: chrome on WINDOWS (b711b6a4c2418f773000ec9a985a90c8)] -> xpath: //input[@name='Email']]<br>]]>
    </line>
    <line>
      <![CDATA[Entering Company Name : Roger Moore International On Company Name Field : [[ChromeDriver: chrome on WINDOWS (b711b6a4c2418f773000ec9a985a90c8)] -> xpath: //input[@name='Company']]<br>]]>
    </line>
    <line>
      <![CDATA[Entering Password : RogerglQ On Password Field : [[ChromeDriver: chrome on WINDOWS (b711b6a4c2418f773000ec9a985a90c8)] -> xpath: //input[@name='Password']]<br>]]>
    </line>
    <line>
      <![CDATA[Providing Wrong Confirm Password : Roger77777 On Confirm Password Field : [[ChromeDriver: chrome on WINDOWS (b711b6a4c2418f773000ec9a985a90c8)] -> xpath: //input[@name='ConfirmPassword']]<br>]]>
    </line>
    <line>
      <![CDATA[Clicking on Register Button  : [[ChromeDriver: chrome on WINDOWS (b711b6a4c2418f773000ec9a985a90c8)] -> xpath: //input[@name='register-button']]<br>]]>
    </line>
    <line>
      <![CDATA[Verifying Registration Error Message : [[ChromeDriver: chrome on WINDOWS (b711b6a4c2418f773000ec9a985a90c8)] -> xpath: //span[@id='ConfirmPassword-error']]<br>]]>
    </line>
    <line>
      <![CDATA[Getting Registration Error Message : [[ChromeDriver: chrome on WINDOWS (b711b6a4c2418f773000ec9a985a90c8)] -> xpath: //span[@id='ConfirmPassword-error']]<br>]]>
    </line>
  </reporter-output>
  <suite name="Surefire suite" duration-ms="527604" started-at="2020-04-22T12:14:49 BST" finished-at="2020-04-22T12:23:37 BST">
    <groups>
      <group name="regression">
        <method signature="ComputerTest.verifyUserFailedTestToNavigateToDesktopPage()[pri:2, instance:com.demo.nopcommerce.testsuite.ComputerTest@458c1321]" name="verifyUserFailedTestToNavigateToDesktopPage" class="com.demo.nopcommerce.testsuite.ComputerTest"/>
        <method signature="ComputerTest.verifyUserIsAbleToNavigateToDesktopPageViaComputersPage()[pri:1, instance:com.demo.nopcommerce.testsuite.ComputerTest@458c1321]" name="verifyUserIsAbleToNavigateToDesktopPageViaComputersPage" class="com.demo.nopcommerce.testsuite.ComputerTest"/>
        <method signature="LoginTest.verifyUserFailedLoginWithWrongDetails()[pri:2, instance:com.demo.nopcommerce.testsuite.LoginTest@11438d26]" name="verifyUserFailedLoginWithWrongDetails" class="com.demo.nopcommerce.testsuite.LoginTest"/>
        <method signature="LoginTest.verifyUserIsAbleToLoginSuccessfully()[pri:1, instance:com.demo.nopcommerce.testsuite.LoginTest@11438d26]" name="verifyUserIsAbleToLoginSuccessfully" class="com.demo.nopcommerce.testsuite.LoginTest"/>
        <method signature="LoginTest.verifyUserIsNotAbleToLoginWithInvalidCredentials()[pri:3, instance:com.demo.nopcommerce.testsuite.LoginTest@11438d26]" name="verifyUserIsNotAbleToLoginWithInvalidCredentials" class="com.demo.nopcommerce.testsuite.LoginTest"/>
        <method signature="RegistrationTest.verifyThatNewUserFailedTestToRegister()[pri:2, instance:com.demo.nopcommerce.testsuite.RegistrationTest@34cd072c]" name="verifyThatNewUserFailedTestToRegister" class="com.demo.nopcommerce.testsuite.RegistrationTest"/>
        <method signature="RegistrationTest.verifyThatNewUserIsAbleToRegisterSuccessfully()[pri:1, instance:com.demo.nopcommerce.testsuite.RegistrationTest@34cd072c]" name="verifyThatNewUserIsAbleToRegisterSuccessfully" class="com.demo.nopcommerce.testsuite.RegistrationTest"/>
        <method signature="RegistrationTest.verifyUserisNotBeAbleToRegisterWithInvalidCredentials()[pri:3, instance:com.demo.nopcommerce.testsuite.RegistrationTest@34cd072c]" name="verifyUserisNotBeAbleToRegisterWithInvalidCredentials" class="com.demo.nopcommerce.testsuite.RegistrationTest"/>
      </group> <!-- regression -->
      <group name="smoke">
        <method signature="ComputerTest.verifyUserAbleToNavigateToComputersPage()[pri:0, instance:com.demo.nopcommerce.testsuite.ComputerTest@458c1321]" name="verifyUserAbleToNavigateToComputersPage" class="com.demo.nopcommerce.testsuite.ComputerTest"/>
        <method signature="LoginTest.verifyUserIsAbleToNavigatetoLoginPage()[pri:0, instance:com.demo.nopcommerce.testsuite.LoginTest@11438d26]" name="verifyUserIsAbleToNavigatetoLoginPage" class="com.demo.nopcommerce.testsuite.LoginTest"/>
        <method signature="RegistrationTest.verifyThatUserIsAbleToNavigateToRegisterPage()[pri:0, instance:com.demo.nopcommerce.testsuite.RegistrationTest@34cd072c]" name="verifyThatUserIsAbleToNavigateToRegisterPage" class="com.demo.nopcommerce.testsuite.RegistrationTest"/>
      </group> <!-- smoke -->
      <group name="sanity">
        <method signature="ComputerTest.verifyUserAbleToNavigateToComputersPage()[pri:0, instance:com.demo.nopcommerce.testsuite.ComputerTest@458c1321]" name="verifyUserAbleToNavigateToComputersPage" class="com.demo.nopcommerce.testsuite.ComputerTest"/>
        <method signature="ComputerTest.verifyUserFailedTestToNavigateToDesktopPage()[pri:2, instance:com.demo.nopcommerce.testsuite.ComputerTest@458c1321]" name="verifyUserFailedTestToNavigateToDesktopPage" class="com.demo.nopcommerce.testsuite.ComputerTest"/>
        <method signature="ComputerTest.verifyUserIsAbleToNavigateToDesktopPageViaComputersPage()[pri:1, instance:com.demo.nopcommerce.testsuite.ComputerTest@458c1321]" name="verifyUserIsAbleToNavigateToDesktopPageViaComputersPage" class="com.demo.nopcommerce.testsuite.ComputerTest"/>
        <method signature="LoginTest.verifyUserIsAbleToLoginSuccessfully()[pri:1, instance:com.demo.nopcommerce.testsuite.LoginTest@11438d26]" name="verifyUserIsAbleToLoginSuccessfully" class="com.demo.nopcommerce.testsuite.LoginTest"/>
        <method signature="LoginTest.verifyUserIsAbleToNavigatetoLoginPage()[pri:0, instance:com.demo.nopcommerce.testsuite.LoginTest@11438d26]" name="verifyUserIsAbleToNavigatetoLoginPage" class="com.demo.nopcommerce.testsuite.LoginTest"/>
        <method signature="LoginTest.verifyUserIsNotAbleToLoginWithInvalidCredentials()[pri:3, instance:com.demo.nopcommerce.testsuite.LoginTest@11438d26]" name="verifyUserIsNotAbleToLoginWithInvalidCredentials" class="com.demo.nopcommerce.testsuite.LoginTest"/>
        <method signature="RegistrationTest.verifyThatNewUserIsAbleToRegisterSuccessfully()[pri:1, instance:com.demo.nopcommerce.testsuite.RegistrationTest@34cd072c]" name="verifyThatNewUserIsAbleToRegisterSuccessfully" class="com.demo.nopcommerce.testsuite.RegistrationTest"/>
        <method signature="RegistrationTest.verifyThatUserIsAbleToNavigateToRegisterPage()[pri:0, instance:com.demo.nopcommerce.testsuite.RegistrationTest@34cd072c]" name="verifyThatUserIsAbleToNavigateToRegisterPage" class="com.demo.nopcommerce.testsuite.RegistrationTest"/>
        <method signature="RegistrationTest.verifyUserisNotBeAbleToRegisterWithInvalidCredentials()[pri:3, instance:com.demo.nopcommerce.testsuite.RegistrationTest@34cd072c]" name="verifyUserisNotBeAbleToRegisterWithInvalidCredentials" class="com.demo.nopcommerce.testsuite.RegistrationTest"/>
      </group> <!-- sanity -->
    </groups>
    <test name="Surefire test" duration-ms="527604" started-at="2020-04-22T12:14:49 BST" finished-at="2020-04-22T12:23:37 BST">
      <class name="com.demo.nopcommerce.testsuite.LoginTest">
        <test-method status="PASS" signature="openBrowser()[pri:0, instance:com.demo.nopcommerce.testsuite.LoginTest@11438d26]" name="openBrowser" is-config="true" duration-ms="13059" started-at="2020-04-22T12:17:33 BST" finished-at="2020-04-22T12:17:46 BST">
          <reporter-output>
            <line>
              <![CDATA[Launching Chrome Browser]]>
            </line>
          </reporter-output>
        </test-method> <!-- openBrowser -->
        <test-method status="PASS" signature="setUp()[pri:0, instance:com.demo.nopcommerce.testsuite.LoginTest@11438d26]" name="setUp" is-config="true" duration-ms="155" started-at="2020-04-22T12:17:46 BST" finished-at="2020-04-22T12:17:46 BST">
          <reporter-output>
          </reporter-output>
        </test-method> <!-- setUp -->
        <test-method status="PASS" signature="verifyUserIsAbleToNavigatetoLoginPage()[pri:0, instance:com.demo.nopcommerce.testsuite.LoginTest@11438d26]" name="verifyUserIsAbleToNavigatetoLoginPage" duration-ms="1678" started-at="2020-04-22T12:17:46 BST" finished-at="2020-04-22T12:17:48 BST">
          <reporter-output>
            <line>
              <![CDATA[Clicking on Login Link : [[ChromeDriver: chrome on WINDOWS (5f6fa64bf6505d37e5d570889457342a)] -> link text: Log in]<br>]]>
            </line>
            <line>
              <![CDATA[ Getting Login Welcome Text Message : [[ChromeDriver: chrome on WINDOWS (5f6fa64bf6505d37e5d570889457342a)] -> xpath: //h1[contains(text(),'Welcome, Please Sign In!')]]<br>]]>
            </line>
          </reporter-output>
        </test-method> <!-- verifyUserIsAbleToNavigatetoLoginPage -->
        <test-method status="PASS" signature="tearDown()[pri:0, instance:com.demo.nopcommerce.testsuite.LoginTest@11438d26]" name="tearDown" is-config="true" duration-ms="1292" started-at="2020-04-22T12:17:48 BST" finished-at="2020-04-22T12:17:49 BST">
          <reporter-output>
          </reporter-output>
        </test-method> <!-- tearDown -->
        <test-method status="PASS" signature="openBrowser()[pri:0, instance:com.demo.nopcommerce.testsuite.LoginTest@11438d26]" name="openBrowser" is-config="true" duration-ms="12442" started-at="2020-04-22T12:17:49 BST" finished-at="2020-04-22T12:18:01 BST">
          <reporter-output>
            <line>
              <![CDATA[Launching Chrome Browser]]>
            </line>
          </reporter-output>
        </test-method> <!-- openBrowser -->
        <test-method status="PASS" signature="setUp()[pri:0, instance:com.demo.nopcommerce.testsuite.LoginTest@11438d26]" name="setUp" is-config="true" duration-ms="18" started-at="2020-04-22T12:18:01 BST" finished-at="2020-04-22T12:18:01 BST">
          <reporter-output>
          </reporter-output>
        </test-method> <!-- setUp -->
        <test-method status="PASS" signature="verifyUserIsAbleToLoginSuccessfully()[pri:1, instance:com.demo.nopcommerce.testsuite.LoginTest@11438d26]" name="verifyUserIsAbleToLoginSuccessfully" duration-ms="54744" started-at="2020-04-22T12:18:01 BST" finished-at="2020-04-22T12:18:56 BST">
          <reporter-output>
            <line>
              <![CDATA[Clicking on Login Link : [[ChromeDriver: chrome on WINDOWS (ae5c580a6281c72d0a4882dd8aa4be5e)] -> link text: Log in]<br>]]>
            </line>
            <line>
              <![CDATA[Entering Email Id : Roger123@gmail.com On Email Field [[ChromeDriver: chrome on WINDOWS (ae5c580a6281c72d0a4882dd8aa4be5e)] -> id: Email]<br>]]>
            </line>
            <line>
              <![CDATA[Entering Password : Roger1980 On Password Field [[ChromeDriver: chrome on WINDOWS (ae5c580a6281c72d0a4882dd8aa4be5e)] -> xpath: //input[@name='Password']]<br>]]>
            </line>
            <line>
              <![CDATA[ Clicking on Login Button : [[ChromeDriver: chrome on WINDOWS (ae5c580a6281c72d0a4882dd8aa4be5e)] -> xpath: //input[@class='button-1 login-button']]<br>]]>
            </line>
            <line>
              <![CDATA[Getting Welcome Store Text[[ChromeDriver: chrome on WINDOWS (ae5c580a6281c72d0a4882dd8aa4be5e)] -> xpath: //div[@class='topic-block-title']//h2]<br>]]>
            </line>
          </reporter-output>
        </test-method> <!-- verifyUserIsAbleToLoginSuccessfully -->
        <test-method status="PASS" signature="tearDown()[pri:0, instance:com.demo.nopcommerce.testsuite.LoginTest@11438d26]" name="tearDown" is-config="true" duration-ms="1268" started-at="2020-04-22T12:18:56 BST" finished-at="2020-04-22T12:18:57 BST">
          <reporter-output>
          </reporter-output>
        </test-method> <!-- tearDown -->
        <test-method status="PASS" signature="openBrowser()[pri:0, instance:com.demo.nopcommerce.testsuite.LoginTest@11438d26]" name="openBrowser" is-config="true" duration-ms="15120" started-at="2020-04-22T12:18:57 BST" finished-at="2020-04-22T12:19:12 BST">
          <reporter-output>
            <line>
              <![CDATA[Launching Chrome Browser]]>
            </line>
          </reporter-output>
        </test-method> <!-- openBrowser -->
        <test-method status="PASS" signature="setUp()[pri:0, instance:com.demo.nopcommerce.testsuite.LoginTest@11438d26]" name="setUp" is-config="true" duration-ms="12" started-at="2020-04-22T12:19:12 BST" finished-at="2020-04-22T12:19:12 BST">
          <reporter-output>
          </reporter-output>
        </test-method> <!-- setUp -->
        <test-method status="FAIL" signature="verifyUserFailedLoginWithWrongDetails()[pri:2, instance:com.demo.nopcommerce.testsuite.LoginTest@11438d26]" name="verifyUserFailedLoginWithWrongDetails" duration-ms="4016" started-at="2020-04-22T12:19:12 BST" finished-at="2020-04-22T12:19:16 BST">
          <exception class="java.lang.AssertionError">
            <message>
              <![CDATA[expected [Wrong email] but found [About login / registration]]]>
            </message>
            <full-stacktrace>
              <![CDATA[java.lang.AssertionError: expected [Wrong email] but found [About login / registration]
at org.testng.Assert.fail(Assert.java:97)
at org.testng.Assert.assertEqualsImpl(Assert.java:136)
at org.testng.Assert.assertEquals(Assert.java:118)
at org.testng.Assert.assertEquals(Assert.java:575)
at org.testng.Assert.assertEquals(Assert.java:585)
at com.demo.nopcommerce.testsuite.LoginTest.verifyUserFailedLoginWithWrongDetails(LoginTest.java:78)
at sun.reflect.NativeMethodAccessorImpl.invoke0(Native Method)
at sun.reflect.NativeMethodAccessorImpl.invoke(NativeMethodAccessorImpl.java:62)
at sun.reflect.DelegatingMethodAccessorImpl.invoke(DelegatingMethodAccessorImpl.java:43)
at java.lang.reflect.Method.invoke(Method.java:498)
at org.testng.internal.MethodInvocationHelper.invokeMethod(MethodInvocationHelper.java:134)
at org.testng.internal.TestInvoker.invokeMethod(TestInvoker.java:597)
at org.testng.internal.TestInvoker.invokeTestMethod(TestInvoker.java:173)
at org.testng.internal.MethodRunner.runInSequence(MethodRunner.java:46)
at org.testng.internal.TestInvoker$MethodInvocationAgent.invoke(TestInvoker.java:816)
at org.testng.internal.TestInvoker.invokeTestMethods(TestInvoker.java:146)
at org.testng.internal.TestMethodWorker.invokeTestMethods(TestMethodWorker.java:146)
at org.testng.internal.TestMethodWorker.run(TestMethodWorker.java:128)
at java.util.ArrayList.forEach(ArrayList.java:1249)
at org.testng.TestRunner.privateRun(TestRunner.java:766)
at org.testng.TestRunner.run(TestRunner.java:587)
at org.testng.SuiteRunner.runTest(SuiteRunner.java:384)
at org.testng.SuiteRunner.runSequentially(SuiteRunner.java:378)
at org.testng.SuiteRunner.privateRun(SuiteRunner.java:337)
at org.testng.SuiteRunner.run(SuiteRunner.java:286)
at org.testng.SuiteRunnerWorker.runSuite(SuiteRunnerWorker.java:53)
at org.testng.SuiteRunnerWorker.run(SuiteRunnerWorker.java:96)
at org.testng.TestNG.runSuitesSequentially(TestNG.java:1187)
at org.testng.TestNG.runSuitesLocally(TestNG.java:1109)
at org.testng.TestNG.runSuites(TestNG.java:1039)
at org.testng.TestNG.run(TestNG.java:1007)
at org.apache.maven.surefire.testng.TestNGExecutor.run(TestNGExecutor.java:135)
at org.apache.maven.surefire.testng.TestNGDirectoryTestSuite.executeMulti(TestNGDirectoryTestSuite.java:193)
at org.apache.maven.surefire.testng.TestNGDirectoryTestSuite.execute(TestNGDirectoryTestSuite.java:94)
at org.apache.maven.surefire.testng.TestNGProvider.invoke(TestNGProvider.java:146)
at org.apache.maven.surefire.booter.ForkedBooter.invokeProviderInSameClassLoader(ForkedBooter.java:384)
at org.apache.maven.surefire.booter.ForkedBooter.runSuitesInProcess(ForkedBooter.java:345)
at org.apache.maven.surefire.booter.ForkedBooter.execute(ForkedBooter.java:126)
at org.apache.maven.surefire.booter.ForkedBooter.main(ForkedBooter.java:418)
]]>
            </full-stacktrace>
          </exception> <!-- java.lang.AssertionError -->
          <reporter-output>
            <line>
              <![CDATA[Clicking on Login Link : [[ChromeDriver: chrome on WINDOWS (e6bfae2452611ef93f1aa53c9ee30518)] -> link text: Log in]<br>]]>
            </line>
            <line>
              <![CDATA[Entering Email Id : Roger123@gmail.com On Email Field [[ChromeDriver: chrome on WINDOWS (e6bfae2452611ef93f1aa53c9ee30518)] -> id: Email]<br>]]>
            </line>
            <line>
              <![CDATA[Entering Password : Roger197777 On Password Field [[ChromeDriver: chrome on WINDOWS (e6bfae2452611ef93f1aa53c9ee30518)] -> xpath: //input[@name='Password']]<br>]]>
            </line>
            <line>
              <![CDATA[ Clicking on Login Button : [[ChromeDriver: chrome on WINDOWS (e6bfae2452611ef93f1aa53c9ee30518)] -> xpath: //input[@class='button-1 login-button']]<br>]]>
            </line>
            <line>
              <![CDATA[Getting Welcome Store Text[[ChromeDriver: chrome on WINDOWS (e6bfae2452611ef93f1aa53c9ee30518)] -> xpath: //div[@class='topic-block-title']//h2]<br>]]>
            </line>
          </reporter-output>
        </test-method> <!-- verifyUserFailedLoginWithWrongDetails -->
        <test-method status="PASS" signature="tearDown()[pri:0, instance:com.demo.nopcommerce.testsuite.LoginTest@11438d26]" name="tearDown" is-config="true" duration-ms="1273" started-at="2020-04-22T12:19:16 BST" finished-at="2020-04-22T12:19:18 BST">
          <reporter-output>
          </reporter-output>
        </test-method> <!-- tearDown -->
        <test-method status="PASS" signature="openBrowser()[pri:0, instance:com.demo.nopcommerce.testsuite.LoginTest@11438d26]" name="openBrowser" is-config="true" duration-ms="23904" started-at="2020-04-22T12:19:18 BST" finished-at="2020-04-22T12:19:42 BST">
          <reporter-output>
            <line>
              <![CDATA[Launching Chrome Browser]]>
            </line>
          </reporter-output>
        </test-method> <!-- openBrowser -->
        <test-method status="PASS" signature="setUp()[pri:0, instance:com.demo.nopcommerce.testsuite.LoginTest@11438d26]" name="setUp" is-config="true" duration-ms="13" started-at="2020-04-22T12:19:42 BST" finished-at="2020-04-22T12:19:42 BST">
          <reporter-output>
          </reporter-output>
        </test-method> <!-- setUp -->
        <test-method status="PASS" signature="verifyUserIsNotAbleToLoginWithInvalidCredentials()[pri:3, instance:com.demo.nopcommerce.testsuite.LoginTest@11438d26]" name="verifyUserIsNotAbleToLoginWithInvalidCredentials" duration-ms="3830" started-at="2020-04-22T12:19:42 BST" finished-at="2020-04-22T12:19:45 BST">
          <reporter-output>
            <line>
              <![CDATA[Clicking on Login Link : [[ChromeDriver: chrome on WINDOWS (66f2ba0eb1346949e2f64ad59b9cc556)] -> link text: Log in]<br>]]>
            </line>
            <line>
              <![CDATA[Entering Email Id : Roger123@gmail.com On Email Field [[ChromeDriver: chrome on WINDOWS (66f2ba0eb1346949e2f64ad59b9cc556)] -> id: Email]<br>]]>
            </line>
            <line>
              <![CDATA[Entering A Wrong Password : Roger197777 On Password Field [[ChromeDriver: chrome on WINDOWS (66f2ba0eb1346949e2f64ad59b9cc556)] -> xpath: //input[@name='Password']]<br>]]>
            </line>
            <line>
              <![CDATA[ Clicking on Login Button : [[ChromeDriver: chrome on WINDOWS (66f2ba0eb1346949e2f64ad59b9cc556)] -> xpath: //input[@class='button-1 login-button']]<br>]]>
            </line>
            <line>
              <![CDATA[ Getting Error Message Text : [[ChromeDriver: chrome on WINDOWS (66f2ba0eb1346949e2f64ad59b9cc556)] -> xpath: //div[@class='message-error validation-summary-errors']]<br>]]>
            </line>
          </reporter-output>
        </test-method> <!-- verifyUserIsNotAbleToLoginWithInvalidCredentials -->
        <test-method status="PASS" signature="tearDown()[pri:0, instance:com.demo.nopcommerce.testsuite.LoginTest@11438d26]" name="tearDown" is-config="true" duration-ms="1419" started-at="2020-04-22T12:19:46 BST" finished-at="2020-04-22T12:19:47 BST">
          <reporter-output>
          </reporter-output>
        </test-method> <!-- tearDown -->
      </class> <!-- com.demo.nopcommerce.testsuite.LoginTest -->
      <class name="com.demo.nopcommerce.testsuite.RegistrationTest">
        <test-method status="PASS" signature="openBrowser()[pri:0, instance:com.demo.nopcommerce.testsuite.RegistrationTest@34cd072c]" name="openBrowser" is-config="true" duration-ms="19918" started-at="2020-04-22T12:19:47 BST" finished-at="2020-04-22T12:20:07 BST">
          <reporter-output>
            <line>
              <![CDATA[Launching Chrome Browser]]>
            </line>
          </reporter-output>
        </test-method> <!-- openBrowser -->
        <test-method status="PASS" signature="setUpEmail()[pri:0, instance:com.demo.nopcommerce.testsuite.RegistrationTest@34cd072c]" name="setUpEmail" is-config="true" duration-ms="14" started-at="2020-04-22T12:20:07 BST" finished-at="2020-04-22T12:20:07 BST">
          <reporter-output>
          </reporter-output>
        </test-method> <!-- setUpEmail -->
        <test-method status="PASS" signature="verifyThatUserIsAbleToNavigateToRegisterPage()[pri:0, instance:com.demo.nopcommerce.testsuite.RegistrationTest@34cd072c]" name="verifyThatUserIsAbleToNavigateToRegisterPage" duration-ms="1650" started-at="2020-04-22T12:20:07 BST" finished-at="2020-04-22T12:20:09 BST">
          <reporter-output>
            <line>
              <![CDATA[Clicking on Register Link : [[ChromeDriver: chrome on WINDOWS (ff83f14f2d4d00ac1ec51ee273d8b42d)] -> link text: Register]<br>]]>
            </line>
            <line>
              <![CDATA[Verifying Register Text : [[ChromeDriver: chrome on WINDOWS (ff83f14f2d4d00ac1ec51ee273d8b42d)] -> xpath: //h1[contains(text(),'Register')]]<br>]]>
            </line>
            <line>
              <![CDATA[Getting Register Text : [[ChromeDriver: chrome on WINDOWS (ff83f14f2d4d00ac1ec51ee273d8b42d)] -> xpath: //h1[contains(text(),'Register')]]<br>]]>
            </line>
          </reporter-output>
        </test-method> <!-- verifyThatUserIsAbleToNavigateToRegisterPage -->
        <test-method status="PASS" signature="tearDown()[pri:0, instance:com.demo.nopcommerce.testsuite.RegistrationTest@34cd072c]" name="tearDown" is-config="true" duration-ms="1328" started-at="2020-04-22T12:20:09 BST" finished-at="2020-04-22T12:20:10 BST">
          <reporter-output>
          </reporter-output>
        </test-method> <!-- tearDown -->
        <test-method status="PASS" signature="openBrowser()[pri:0, instance:com.demo.nopcommerce.testsuite.RegistrationTest@34cd072c]" name="openBrowser" is-config="true" duration-ms="18290" started-at="2020-04-22T12:20:10 BST" finished-at="2020-04-22T12:20:28 BST">
          <reporter-output>
            <line>
              <![CDATA[Launching Chrome Browser]]>
            </line>
          </reporter-output>
        </test-method> <!-- openBrowser -->
        <test-method status="PASS" signature="setUpEmail()[pri:0, instance:com.demo.nopcommerce.testsuite.RegistrationTest@34cd072c]" name="setUpEmail" is-config="true" duration-ms="11" started-at="2020-04-22T12:20:28 BST" finished-at="2020-04-22T12:20:28 BST">
          <reporter-output>
          </reporter-output>
        </test-method> <!-- setUpEmail -->
        <test-method status="PASS" signature="verifyThatNewUserIsAbleToRegisterSuccessfully()[pri:1, instance:com.demo.nopcommerce.testsuite.RegistrationTest@34cd072c]" name="verifyThatNewUserIsAbleToRegisterSuccessfully" duration-ms="89470" started-at="2020-04-22T12:20:28 BST" finished-at="2020-04-22T12:21:58 BST">
          <reporter-output>
            <line>
              <![CDATA[Clicking on Register Link : [[ChromeDriver: chrome on WINDOWS (4bc2ba91f84cba75419db56b5042db2e)] -> link text: Register]<br>]]>
            </line>
            <line>
              <![CDATA[Clicking on Male Gender Radio Button  : [[ChromeDriver: chrome on WINDOWS (4bc2ba91f84cba75419db56b5042db2e)] -> id: gender-male]<br>]]>
            </line>
            <line>
              <![CDATA[Entering First Name : Roger On First Name Field : [[ChromeDriver: chrome on WINDOWS (4bc2ba91f84cba75419db56b5042db2e)] -> xpath: //input[@name='FirstName']]<br>]]>
            </line>
            <line>
              <![CDATA[Entering Last Name : Moore On Last Name Field : [[ChromeDriver: chrome on WINDOWS (4bc2ba91f84cba75419db56b5042db2e)] -> xpath: //input[@name='LastName']]<br>]]>
            </line>
            <line>
              <![CDATA[Selecting Day of Birth : 1 On Day of Birth Field : [[ChromeDriver: chrome on WINDOWS (4bc2ba91f84cba75419db56b5042db2e)] -> xpath: //select[@name='DateOfBirthDay']]<br>]]>
            </line>
            <line>
              <![CDATA[Selecting Month of Birth : January On Month of Birth Field : [[ChromeDriver: chrome on WINDOWS (4bc2ba91f84cba75419db56b5042db2e)] -> xpath: //select[@name='DateOfBirthMonth']]<br>]]>
            </line>
            <line>
              <![CDATA[Selecting Year of Birth : 1980 On Year of Birth Field : [[ChromeDriver: chrome on WINDOWS (4bc2ba91f84cba75419db56b5042db2e)] -> xpath: //select[@name='DateOfBirthYear']]<br>]]>
            </line>
            <line>
              <![CDATA[Entering Email ID : RogerlEcl@gmail.com On Email Field : [[ChromeDriver: chrome on WINDOWS (4bc2ba91f84cba75419db56b5042db2e)] -> xpath: //input[@name='Email']]<br>]]>
            </line>
            <line>
              <![CDATA[Entering Company Name : Roger Moore International On Company Name Field : [[ChromeDriver: chrome on WINDOWS (4bc2ba91f84cba75419db56b5042db2e)] -> xpath: //input[@name='Company']]<br>]]>
            </line>
            <line>
              <![CDATA[Entering Password : Roger4R4 On Password Field : [[ChromeDriver: chrome on WINDOWS (4bc2ba91f84cba75419db56b5042db2e)] -> xpath: //input[@name='Password']]<br>]]>
            </line>
            <line>
              <![CDATA[Confirming Password : Roger4R4 On Confirm Password Field : [[ChromeDriver: chrome on WINDOWS (4bc2ba91f84cba75419db56b5042db2e)] -> xpath: //input[@name='ConfirmPassword']]<br>]]>
            </line>
            <line>
              <![CDATA[Clicking on Register Button  : [[ChromeDriver: chrome on WINDOWS (4bc2ba91f84cba75419db56b5042db2e)] -> xpath: //input[@name='register-button']]<br>]]>
            </line>
            <line>
              <![CDATA[Getting Registration Confirmation Text[[ChromeDriver: chrome on WINDOWS (4bc2ba91f84cba75419db56b5042db2e)] -> xpath: //div[@class='result']]<br>]]>
            </line>
          </reporter-output>
        </test-method> <!-- verifyThatNewUserIsAbleToRegisterSuccessfully -->
        <test-method status="PASS" signature="tearDown()[pri:0, instance:com.demo.nopcommerce.testsuite.RegistrationTest@34cd072c]" name="tearDown" is-config="true" duration-ms="1677" started-at="2020-04-22T12:21:58 BST" finished-at="2020-04-22T12:21:59 BST">
          <reporter-output>
          </reporter-output>
        </test-method> <!-- tearDown -->
        <test-method status="PASS" signature="openBrowser()[pri:0, instance:com.demo.nopcommerce.testsuite.RegistrationTest@34cd072c]" name="openBrowser" is-config="true" duration-ms="15042" started-at="2020-04-22T12:21:59 BST" finished-at="2020-04-22T12:22:14 BST">
          <reporter-output>
            <line>
              <![CDATA[Launching Chrome Browser]]>
            </line>
          </reporter-output>
        </test-method> <!-- openBrowser -->
        <test-method status="PASS" signature="setUpEmail()[pri:0, instance:com.demo.nopcommerce.testsuite.RegistrationTest@34cd072c]" name="setUpEmail" is-config="true" duration-ms="13" started-at="2020-04-22T12:22:14 BST" finished-at="2020-04-22T12:22:14 BST">
          <reporter-output>
          </reporter-output>
        </test-method> <!-- setUpEmail -->
        <test-method status="FAIL" signature="verifyThatNewUserFailedTestToRegister()[pri:2, instance:com.demo.nopcommerce.testsuite.RegistrationTest@34cd072c]" name="verifyThatNewUserFailedTestToRegister" duration-ms="59685" started-at="2020-04-22T12:22:14 BST" finished-at="2020-04-22T12:23:14 BST">
          <exception class="java.lang.AssertionError">
            <message>
              <![CDATA[expected [Your registration] but found [Your registration completed]]]>
            </message>
            <full-stacktrace>
              <![CDATA[java.lang.AssertionError: expected [Your registration] but found [Your registration completed]
at org.testng.Assert.fail(Assert.java:97)
at org.testng.Assert.assertEqualsImpl(Assert.java:136)
at org.testng.Assert.assertEquals(Assert.java:118)
at org.testng.Assert.assertEquals(Assert.java:575)
at org.testng.Assert.assertEquals(Assert.java:585)
at com.demo.nopcommerce.testsuite.RegistrationTest.verifyThatNewUserFailedTestToRegister(RegistrationTest.java:103)
at sun.reflect.NativeMethodAccessorImpl.invoke0(Native Method)
at sun.reflect.NativeMethodAccessorImpl.invoke(NativeMethodAccessorImpl.java:62)
at sun.reflect.DelegatingMethodAccessorImpl.invoke(DelegatingMethodAccessorImpl.java:43)
at java.lang.reflect.Method.invoke(Method.java:498)
at org.testng.internal.MethodInvocationHelper.invokeMethod(MethodInvocationHelper.java:134)
at org.testng.internal.TestInvoker.invokeMethod(TestInvoker.java:597)
at org.testng.internal.TestInvoker.invokeTestMethod(TestInvoker.java:173)
at org.testng.internal.MethodRunner.runInSequence(MethodRunner.java:46)
at org.testng.internal.TestInvoker$MethodInvocationAgent.invoke(TestInvoker.java:816)
at org.testng.internal.TestInvoker.invokeTestMethods(TestInvoker.java:146)
at org.testng.internal.TestMethodWorker.invokeTestMethods(TestMethodWorker.java:146)
at org.testng.internal.TestMethodWorker.run(TestMethodWorker.java:128)
at java.util.ArrayList.forEach(ArrayList.java:1249)
at org.testng.TestRunner.privateRun(TestRunner.java:766)
at org.testng.TestRunner.run(TestRunner.java:587)
at org.testng.SuiteRunner.runTest(SuiteRunner.java:384)
at org.testng.SuiteRunner.runSequentially(SuiteRunner.java:378)
at org.testng.SuiteRunner.privateRun(SuiteRunner.java:337)
at org.testng.SuiteRunner.run(SuiteRunner.java:286)
at org.testng.SuiteRunnerWorker.runSuite(SuiteRunnerWorker.java:53)
at org.testng.SuiteRunnerWorker.run(SuiteRunnerWorker.java:96)
at org.testng.TestNG.runSuitesSequentially(TestNG.java:1187)
at org.testng.TestNG.runSuitesLocally(TestNG.java:1109)
at org.testng.TestNG.runSuites(TestNG.java:1039)
at org.testng.TestNG.run(TestNG.java:1007)
at org.apache.maven.surefire.testng.TestNGExecutor.run(TestNGExecutor.java:135)
at org.apache.maven.surefire.testng.TestNGDirectoryTestSuite.executeMulti(TestNGDirectoryTestSuite.java:193)
at org.apache.maven.surefire.testng.TestNGDirectoryTestSuite.execute(TestNGDirectoryTestSuite.java:94)
at org.apache.maven.surefire.testng.TestNGProvider.invoke(TestNGProvider.java:146)
at org.apache.maven.surefire.booter.ForkedBooter.invokeProviderInSameClassLoader(ForkedBooter.java:384)
at org.apache.maven.surefire.booter.ForkedBooter.runSuitesInProcess(ForkedBooter.java:345)
at org.apache.maven.surefire.booter.ForkedBooter.execute(ForkedBooter.java:126)
at org.apache.maven.surefire.booter.ForkedBooter.main(ForkedBooter.java:418)
]]>
            </full-stacktrace>
          </exception> <!-- java.lang.AssertionError -->
          <reporter-output>
            <line>
              <![CDATA[Clicking on Register Link : [[ChromeDriver: chrome on WINDOWS (054fb0066d5eb766d9070b798ea537cd)] -> link text: Register]<br>]]>
            </line>
            <line>
              <![CDATA[Clicking on Male Gender Radio Button  : [[ChromeDriver: chrome on WINDOWS (054fb0066d5eb766d9070b798ea537cd)] -> id: gender-male]<br>]]>
            </line>
            <line>
              <![CDATA[Entering First Name : Roger On First Name Field : [[ChromeDriver: chrome on WINDOWS (054fb0066d5eb766d9070b798ea537cd)] -> xpath: //input[@name='FirstName']]<br>]]>
            </line>
            <line>
              <![CDATA[Entering Last Name : Moore On Last Name Field : [[ChromeDriver: chrome on WINDOWS (054fb0066d5eb766d9070b798ea537cd)] -> xpath: //input[@name='LastName']]<br>]]>
            </line>
            <line>
              <![CDATA[Selecting Day of Birth : 1 On Day of Birth Field : [[ChromeDriver: chrome on WINDOWS (054fb0066d5eb766d9070b798ea537cd)] -> xpath: //select[@name='DateOfBirthDay']]<br>]]>
            </line>
            <line>
              <![CDATA[Selecting Month of Birth : January On Month of Birth Field : [[ChromeDriver: chrome on WINDOWS (054fb0066d5eb766d9070b798ea537cd)] -> xpath: //select[@name='DateOfBirthMonth']]<br>]]>
            </line>
            <line>
              <![CDATA[Selecting Year of Birth : 1980 On Year of Birth Field : [[ChromeDriver: chrome on WINDOWS (054fb0066d5eb766d9070b798ea537cd)] -> xpath: //select[@name='DateOfBirthYear']]<br>]]>
            </line>
            <line>
              <![CDATA[Entering Email ID : Roger0d3J@gmail.com On Email Field : [[ChromeDriver: chrome on WINDOWS (054fb0066d5eb766d9070b798ea537cd)] -> xpath: //input[@name='Email']]<br>]]>
            </line>
            <line>
              <![CDATA[Entering Company Name : Roger Moore International On Company Name Field : [[ChromeDriver: chrome on WINDOWS (054fb0066d5eb766d9070b798ea537cd)] -> xpath: //input[@name='Company']]<br>]]>
            </line>
            <line>
              <![CDATA[Entering Password : RogerSSb On Password Field : [[ChromeDriver: chrome on WINDOWS (054fb0066d5eb766d9070b798ea537cd)] -> xpath: //input[@name='Password']]<br>]]>
            </line>
            <line>
              <![CDATA[Confirming Password : RogerSSb On Confirm Password Field : [[ChromeDriver: chrome on WINDOWS (054fb0066d5eb766d9070b798ea537cd)] -> xpath: //input[@name='ConfirmPassword']]<br>]]>
            </line>
            <line>
              <![CDATA[Clicking on Register Button  : [[ChromeDriver: chrome on WINDOWS (054fb0066d5eb766d9070b798ea537cd)] -> xpath: //input[@name='register-button']]<br>]]>
            </line>
            <line>
              <![CDATA[Getting Registration Confirmation Text[[ChromeDriver: chrome on WINDOWS (054fb0066d5eb766d9070b798ea537cd)] -> xpath: //div[@class='result']]<br>]]>
            </line>
          </reporter-output>
        </test-method> <!-- verifyThatNewUserFailedTestToRegister -->
        <test-method status="PASS" signature="tearDown()[pri:0, instance:com.demo.nopcommerce.testsuite.RegistrationTest@34cd072c]" name="tearDown" is-config="true" duration-ms="1743" started-at="2020-04-22T12:23:14 BST" finished-at="2020-04-22T12:23:16 BST">
          <reporter-output>
          </reporter-output>
        </test-method> <!-- tearDown -->
        <test-method status="PASS" signature="openBrowser()[pri:0, instance:com.demo.nopcommerce.testsuite.RegistrationTest@34cd072c]" name="openBrowser" is-config="true" duration-ms="13995" started-at="2020-04-22T12:23:16 BST" finished-at="2020-04-22T12:23:30 BST">
          <reporter-output>
            <line>
              <![CDATA[Launching Chrome Browser]]>
            </line>
          </reporter-output>
        </test-method> <!-- openBrowser -->
        <test-method status="PASS" signature="setUpEmail()[pri:0, instance:com.demo.nopcommerce.testsuite.RegistrationTest@34cd072c]" name="setUpEmail" is-config="true" duration-ms="45" started-at="2020-04-22T12:23:30 BST" finished-at="2020-04-22T12:23:30 BST">
          <reporter-output>
          </reporter-output>
        </test-method> <!-- setUpEmail -->
        <test-method status="PASS" signature="verifyUserisNotBeAbleToRegisterWithInvalidCredentials()[pri:3, instance:com.demo.nopcommerce.testsuite.RegistrationTest@34cd072c]" name="verifyUserisNotBeAbleToRegisterWithInvalidCredentials" duration-ms="6291" started-at="2020-04-22T12:23:30 BST" finished-at="2020-04-22T12:23:36 BST">
          <reporter-output>
            <line>
              <![CDATA[Clicking on Register Link : [[ChromeDriver: chrome on WINDOWS (b711b6a4c2418f773000ec9a985a90c8)] -> link text: Register]<br>]]>
            </line>
            <line>
              <![CDATA[Clicking on Male Gender Radio Button  : [[ChromeDriver: chrome on WINDOWS (b711b6a4c2418f773000ec9a985a90c8)] -> id: gender-male]<br>]]>
            </line>
            <line>
              <![CDATA[Entering First Name : Roger On First Name Field : [[ChromeDriver: chrome on WINDOWS (b711b6a4c2418f773000ec9a985a90c8)] -> xpath: //input[@name='FirstName']]<br>]]>
            </line>
            <line>
              <![CDATA[Entering Last Name : Moore On Last Name Field : [[ChromeDriver: chrome on WINDOWS (b711b6a4c2418f773000ec9a985a90c8)] -> xpath: //input[@name='LastName']]<br>]]>
            </line>
            <line>
              <![CDATA[Selecting Day of Birth : 1 On Day of Birth Field : [[ChromeDriver: chrome on WINDOWS (b711b6a4c2418f773000ec9a985a90c8)] -> xpath: //select[@name='DateOfBirthDay']]<br>]]>
            </line>
            <line>
              <![CDATA[Selecting Month of Birth : January On Month of Birth Field : [[ChromeDriver: chrome on WINDOWS (b711b6a4c2418f773000ec9a985a90c8)] -> xpath: //select[@name='DateOfBirthMonth']]<br>]]>
            </line>
            <line>
              <![CDATA[Selecting Year of Birth : 1980 On Year of Birth Field : [[ChromeDriver: chrome on WINDOWS (b711b6a4c2418f773000ec9a985a90c8)] -> xpath: //select[@name='DateOfBirthYear']]<br>]]>
            </line>
            <line>
              <![CDATA[Entering Email ID : RogerCdfe@gmail.com On Email Field : [[ChromeDriver: chrome on WINDOWS (b711b6a4c2418f773000ec9a985a90c8)] -> xpath: //input[@name='Email']]<br>]]>
            </line>
            <line>
              <![CDATA[Entering Company Name : Roger Moore International On Company Name Field : [[ChromeDriver: chrome on WINDOWS (b711b6a4c2418f773000ec9a985a90c8)] -> xpath: //input[@name='Company']]<br>]]>
            </line>
            <line>
              <![CDATA[Entering Password : RogerglQ On Password Field : [[ChromeDriver: chrome on WINDOWS (b711b6a4c2418f773000ec9a985a90c8)] -> xpath: //input[@name='Password']]<br>]]>
            </line>
            <line>
              <![CDATA[Providing Wrong Confirm Password : Roger77777 On Confirm Password Field : [[ChromeDriver: chrome on WINDOWS (b711b6a4c2418f773000ec9a985a90c8)] -> xpath: //input[@name='ConfirmPassword']]<br>]]>
            </line>
            <line>
              <![CDATA[Clicking on Register Button  : [[ChromeDriver: chrome on WINDOWS (b711b6a4c2418f773000ec9a985a90c8)] -> xpath: //input[@name='register-button']]<br>]]>
            </line>
            <line>
              <![CDATA[Verifying Registration Error Message : [[ChromeDriver: chrome on WINDOWS (b711b6a4c2418f773000ec9a985a90c8)] -> xpath: //span[@id='ConfirmPassword-error']]<br>]]>
            </line>
            <line>
              <![CDATA[Getting Registration Error Message : [[ChromeDriver: chrome on WINDOWS (b711b6a4c2418f773000ec9a985a90c8)] -> xpath: //span[@id='ConfirmPassword-error']]<br>]]>
            </line>
          </reporter-output>
        </test-method> <!-- verifyUserisNotBeAbleToRegisterWithInvalidCredentials -->
        <test-method status="PASS" signature="tearDown()[pri:0, instance:com.demo.nopcommerce.testsuite.RegistrationTest@34cd072c]" name="tearDown" is-config="true" duration-ms="858" started-at="2020-04-22T12:23:36 BST" finished-at="2020-04-22T12:23:37 BST">
          <reporter-output>
          </reporter-output>
        </test-method> <!-- tearDown -->
      </class> <!-- com.demo.nopcommerce.testsuite.RegistrationTest -->
      <class name="com.demo.nopcommerce.testsuite.ComputerTest">
        <test-method status="PASS" signature="openBrowser()[pri:0, instance:com.demo.nopcommerce.testsuite.ComputerTest@458c1321]" name="openBrowser" is-config="true" duration-ms="14119" started-at="2020-04-22T12:14:49 BST" finished-at="2020-04-22T12:15:04 BST">
          <reporter-output>
            <line>
              <![CDATA[Launching Chrome Browser]]>
            </line>
          </reporter-output>
        </test-method> <!-- openBrowser -->
        <test-method status="PASS" signature="setUpMethod()[pri:0, instance:com.demo.nopcommerce.testsuite.ComputerTest@458c1321]" name="setUpMethod" is-config="true" duration-ms="101" started-at="2020-04-22T12:15:04 BST" finished-at="2020-04-22T12:15:04 BST">
          <reporter-output>
          </reporter-output>
        </test-method> <!-- setUpMethod -->
        <test-method status="PASS" signature="verifyUserAbleToNavigateToComputersPage()[pri:0, instance:com.demo.nopcommerce.testsuite.ComputerTest@458c1321]" name="verifyUserAbleToNavigateToComputersPage" duration-ms="2410" started-at="2020-04-22T12:15:04 BST" finished-at="2020-04-22T12:15:06 BST">
          <reporter-output>
            <line>
              <![CDATA[Clicking on Computer Link : [[ChromeDriver: chrome on WINDOWS (9c1ab20c3455bcd5b572865538faccc1)] -> xpath: //ul[@class='top-menu notmobile']//a[contains(text(),'Computers')]]<br>]]>
            </line>
            <line>
              <![CDATA[Getting Computer Text : Computers [[ChromeDriver: chrome on WINDOWS (9c1ab20c3455bcd5b572865538faccc1)] -> xpath: //div[@class='page-title']//h1]<br>]]>
            </line>
          </reporter-output>
        </test-method> <!-- verifyUserAbleToNavigateToComputersPage -->
        <test-method status="PASS" signature="tearDown()[pri:0, instance:com.demo.nopcommerce.testsuite.ComputerTest@458c1321]" name="tearDown" is-config="true" duration-ms="1638" started-at="2020-04-22T12:15:06 BST" finished-at="2020-04-22T12:15:08 BST">
          <reporter-output>
          </reporter-output>
        </test-method> <!-- tearDown -->
        <test-method status="PASS" signature="openBrowser()[pri:0, instance:com.demo.nopcommerce.testsuite.ComputerTest@458c1321]" name="openBrowser" is-config="true" duration-ms="18620" started-at="2020-04-22T12:15:08 BST" finished-at="2020-04-22T12:15:26 BST">
          <reporter-output>
            <line>
              <![CDATA[Launching Chrome Browser]]>
            </line>
          </reporter-output>
        </test-method> <!-- openBrowser -->
        <test-method status="PASS" signature="setUpMethod()[pri:0, instance:com.demo.nopcommerce.testsuite.ComputerTest@458c1321]" name="setUpMethod" is-config="true" duration-ms="42" started-at="2020-04-22T12:15:26 BST" finished-at="2020-04-22T12:15:26 BST">
          <reporter-output>
          </reporter-output>
        </test-method> <!-- setUpMethod -->
        <test-method status="PASS" signature="verifyUserIsAbleToNavigateToDesktopPageViaComputersPage()[pri:1, instance:com.demo.nopcommerce.testsuite.ComputerTest@458c1321]" name="verifyUserIsAbleToNavigateToDesktopPageViaComputersPage" duration-ms="55337" started-at="2020-04-22T12:15:26 BST" finished-at="2020-04-22T12:16:22 BST">
          <reporter-output>
            <line>
              <![CDATA[Clicking on Computer Link : [[ChromeDriver: chrome on WINDOWS (0c117c852ad12ef3aeb2b2b6c138bebc)] -> xpath: //ul[@class='top-menu notmobile']//a[contains(text(),'Computers')]]<br>]]>
            </line>
            <line>
              <![CDATA[Clicking on Desktop Link : [[ChromeDriver: chrome on WINDOWS (0c117c852ad12ef3aeb2b2b6c138bebc)] -> xpath: //h2[@class='title']//a[contains(text(),'Desktops')]]<br>]]>
            </line>
            <line>
              <![CDATA[Getting Desktop Text : [[ChromeDriver: chrome on WINDOWS (0c117c852ad12ef3aeb2b2b6c138bebc)] -> xpath: /html/body/div[6]/div[3]/div[2]/div[2]/div/div[1]/h1]<br>]]>
            </line>
          </reporter-output>
        </test-method> <!-- verifyUserIsAbleToNavigateToDesktopPageViaComputersPage -->
        <test-method status="PASS" signature="tearDown()[pri:0, instance:com.demo.nopcommerce.testsuite.ComputerTest@458c1321]" name="tearDown" is-config="true" duration-ms="929" started-at="2020-04-22T12:16:22 BST" finished-at="2020-04-22T12:16:23 BST">
          <reporter-output>
          </reporter-output>
        </test-method> <!-- tearDown -->
        <test-method status="PASS" signature="openBrowser()[pri:0, instance:com.demo.nopcommerce.testsuite.ComputerTest@458c1321]" name="openBrowser" is-config="true" duration-ms="14483" started-at="2020-04-22T12:16:23 BST" finished-at="2020-04-22T12:16:37 BST">
          <reporter-output>
            <line>
              <![CDATA[Launching Chrome Browser]]>
            </line>
          </reporter-output>
        </test-method> <!-- openBrowser -->
        <test-method status="PASS" signature="setUpMethod()[pri:0, instance:com.demo.nopcommerce.testsuite.ComputerTest@458c1321]" name="setUpMethod" is-config="true" duration-ms="16" started-at="2020-04-22T12:16:37 BST" finished-at="2020-04-22T12:16:37 BST">
          <reporter-output>
          </reporter-output>
        </test-method> <!-- setUpMethod -->
        <test-method status="FAIL" signature="verifyUserFailedTestToNavigateToDesktopPage()[pri:2, instance:com.demo.nopcommerce.testsuite.ComputerTest@458c1321]" name="verifyUserFailedTestToNavigateToDesktopPage" duration-ms="54364" started-at="2020-04-22T12:16:37 BST" finished-at="2020-04-22T12:17:32 BST">
          <exception class="java.lang.AssertionError">
            <message>
              <![CDATA[The following asserts failed:
expected [Desk] but found [Desktops]]]>
            </message>
            <full-stacktrace>
              <![CDATA[java.lang.AssertionError: The following asserts failed:
expected [Desk] but found [Desktops]
at org.testng.asserts.SoftAssert.assertAll(SoftAssert.java:47)
at org.testng.asserts.SoftAssert.assertAll(SoftAssert.java:31)
at com.demo.nopcommerce.testsuite.ComputerTest.verifyUserFailedTestToNavigateToDesktopPage(ComputerTest.java:61)
at sun.reflect.NativeMethodAccessorImpl.invoke0(Native Method)
at sun.reflect.NativeMethodAccessorImpl.invoke(NativeMethodAccessorImpl.java:62)
at sun.reflect.DelegatingMethodAccessorImpl.invoke(DelegatingMethodAccessorImpl.java:43)
at java.lang.reflect.Method.invoke(Method.java:498)
at org.testng.internal.MethodInvocationHelper.invokeMethod(MethodInvocationHelper.java:134)
at org.testng.internal.TestInvoker.invokeMethod(TestInvoker.java:597)
at org.testng.internal.TestInvoker.invokeTestMethod(TestInvoker.java:173)
at org.testng.internal.MethodRunner.runInSequence(MethodRunner.java:46)
at org.testng.internal.TestInvoker$MethodInvocationAgent.invoke(TestInvoker.java:816)
at org.testng.internal.TestInvoker.invokeTestMethods(TestInvoker.java:146)
at org.testng.internal.TestMethodWorker.invokeTestMethods(TestMethodWorker.java:146)
at org.testng.internal.TestMethodWorker.run(TestMethodWorker.java:128)
at java.util.ArrayList.forEach(ArrayList.java:1249)
at org.testng.TestRunner.privateRun(TestRunner.java:766)
at org.testng.TestRunner.run(TestRunner.java:587)
at org.testng.SuiteRunner.runTest(SuiteRunner.java:384)
at org.testng.SuiteRunner.runSequentially(SuiteRunner.java:378)
at org.testng.SuiteRunner.privateRun(SuiteRunner.java:337)
at org.testng.SuiteRunner.run(SuiteRunner.java:286)
at org.testng.SuiteRunnerWorker.runSuite(SuiteRunnerWorker.java:53)
at org.testng.SuiteRunnerWorker.run(SuiteRunnerWorker.java:96)
at org.testng.TestNG.runSuitesSequentially(TestNG.java:1187)
at org.testng.TestNG.runSuitesLocally(TestNG.java:1109)
at org.testng.TestNG.runSuites(TestNG.java:1039)
at org.testng.TestNG.run(TestNG.java:1007)
at org.apache.maven.surefire.testng.TestNGExecutor.run(TestNGExecutor.java:135)
at org.apache.maven.surefire.testng.TestNGDirectoryTestSuite.executeMulti(TestNGDirectoryTestSuite.java:193)
at org.apache.maven.surefire.testng.TestNGDirectoryTestSuite.execute(TestNGDirectoryTestSuite.java:94)
at org.apache.maven.surefire.testng.TestNGProvider.invoke(TestNGProvider.java:146)
at org.apache.maven.surefire.booter.ForkedBooter.invokeProviderInSameClassLoader(ForkedBooter.java:384)
at org.apache.maven.surefire.booter.ForkedBooter.runSuitesInProcess(ForkedBooter.java:345)
at org.apache.maven.surefire.booter.ForkedBooter.execute(ForkedBooter.java:126)
at org.apache.maven.surefire.booter.ForkedBooter.main(ForkedBooter.java:418)
]]>
            </full-stacktrace>
          </exception> <!-- java.lang.AssertionError -->
          <reporter-output>
            <line>
              <![CDATA[Clicking on Computer Link : [[ChromeDriver: chrome on WINDOWS (c962a8c4ce88e87fe2116664143f8633)] -> xpath: //ul[@class='top-menu notmobile']//a[contains(text(),'Computers')]]<br>]]>
            </line>
            <line>
              <![CDATA[Clicking on Desktop Link : [[ChromeDriver: chrome on WINDOWS (c962a8c4ce88e87fe2116664143f8633)] -> xpath: //h2[@class='title']//a[contains(text(),'Desktops')]]<br>]]>
            </line>
            <line>
              <![CDATA[Getting Desktop Text : [[ChromeDriver: chrome on WINDOWS (c962a8c4ce88e87fe2116664143f8633)] -> xpath: /html/body/div[6]/div[3]/div[2]/div[2]/div/div[1]/h1]<br>]]>
            </line>
          </reporter-output>
        </test-method> <!-- verifyUserFailedTestToNavigateToDesktopPage -->
        <test-method status="PASS" signature="tearDown()[pri:0, instance:com.demo.nopcommerce.testsuite.ComputerTest@458c1321]" name="tearDown" is-config="true" duration-ms="1123" started-at="2020-04-22T12:17:32 BST" finished-at="2020-04-22T12:17:33 BST">
          <reporter-output>
          </reporter-output>
        </test-method> <!-- tearDown -->
      </class> <!-- com.demo.nopcommerce.testsuite.ComputerTest -->
    </test> <!-- Surefire test -->
  </suite> <!-- Surefire suite -->
</testng-results>
