<?xml version="1.0" encoding="UTF-8"?>
<!-- Generated by org.testng.reporters.JUnitReportReporter -->
<testsuite skipped="0" hostname="LAPTOP-7HUNRUID" name="com.demo.nopcommerce.testsuite.LoginTest" tests="4" failures="1" timestamp="2020-04-22T12:23:38 BST" time="134.243" errors="0">
  <testcase name="verifyUserIsAbleToNavigatetoLoginPage" time="15.400" classname="com.demo.nopcommerce.testsuite.LoginTest"/>
  <system-out>
Clicking on Login Link : [[ChromeDriver: chrome on WINDOWS (5f6fa64bf6505d37e5d570889457342a)] -> link text: Log in]<br>  Getting Login Welcome Text Message : [[ChromeDriver: chrome on WINDOWS (5f6fa64bf6505d37e5d570889457342a)] -> xpath: //h1[contains(text(),'Welcome, Please Sign In!')]]<br>  </system-out>
  <testcase name="verifyUserIsAbleToLoginSuccessfully" time="69.113" classname="com.demo.nopcommerce.testsuite.LoginTest"/>
  <system-out>
Clicking on Login Link : [[ChromeDriver: chrome on WINDOWS (ae5c580a6281c72d0a4882dd8aa4be5e)] -> link text: Log in]<br> Entering Email Id : Roger123@gmail.com On Email Field [[ChromeDriver: chrome on WINDOWS (ae5c580a6281c72d0a4882dd8aa4be5e)] -> id: Email]<br> Entering Password : Roger1980 On Password Field [[ChromeDriver: chrome on WINDOWS (ae5c580a6281c72d0a4882dd8aa4be5e)] -> xpath: //input[@name='Password']]<br>  Clicking on Login Button : [[ChromeDriver: chrome on WINDOWS (ae5c580a6281c72d0a4882dd8aa4be5e)] -> xpath: //input[@class='button-1 login-button']]<br> Getting Welcome Store Text[[ChromeDriver: chrome on WINDOWS (ae5c580a6281c72d0a4882dd8aa4be5e)] -> xpath: //div[@class='topic-block-title']//h2]<br>  </system-out>
  <testcase name="verifyUserFailedLoginWithWrongDetails" time="20.568" classname="com.demo.nopcommerce.testsuite.LoginTest">
    <failure type="java.lang.AssertionError" message="expected [Wrong email] but found [About login / registration]">
      <![CDATA[java.lang.AssertionError: expected [Wrong email] but found [About login / registration]
at org.testng.Assert.fail(Assert.java:97)
at org.testng.Assert.assertEqualsImpl(Assert.java:136)
at org.testng.Assert.assertEquals(Assert.java:118)
at org.testng.Assert.assertEquals(Assert.java:575)
at org.testng.Assert.assertEquals(Assert.java:585)
at com.demo.nopcommerce.testsuite.LoginTest.verifyUserFailedLoginWithWrongDetails(LoginTest.java:78)
at sun.reflect.NativeMethodAccessorImpl.invoke0(Native Method)
at sun.reflect.NativeMethodAccessorImpl.invoke(NativeMethodAccessorImpl.java:62)
at sun.reflect.DelegatingMethodAccessorImpl.invoke(DelegatingMethodAccessorImpl.java:43)
at java.lang.reflect.Method.invoke(Method.java:498)
at org.testng.internal.MethodInvocationHelper.invokeMethod(MethodInvocationHelper.java:134)
at org.testng.internal.TestInvoker.invokeMethod(TestInvoker.java:597)
at org.testng.internal.TestInvoker.invokeTestMethod(TestInvoker.java:173)
at org.testng.internal.MethodRunner.runInSequence(MethodRunner.java:46)
at org.testng.internal.TestInvoker$MethodInvocationAgent.invoke(TestInvoker.java:816)
at org.testng.internal.TestInvoker.invokeTestMethods(TestInvoker.java:146)
at org.testng.internal.TestMethodWorker.invokeTestMethods(TestMethodWorker.java:146)
at org.testng.internal.TestMethodWorker.run(TestMethodWorker.java:128)
at java.util.ArrayList.forEach(ArrayList.java:1249)
at org.testng.TestRunner.privateRun(TestRunner.java:766)
at org.testng.TestRunner.run(TestRunner.java:587)
at org.testng.SuiteRunner.runTest(SuiteRunner.java:384)
at org.testng.SuiteRunner.runSequentially(SuiteRunner.java:378)
at org.testng.SuiteRunner.privateRun(SuiteRunner.java:337)
at org.testng.SuiteRunner.run(SuiteRunner.java:286)
at org.testng.SuiteRunnerWorker.runSuite(SuiteRunnerWorker.java:53)
at org.testng.SuiteRunnerWorker.run(SuiteRunnerWorker.java:96)
at org.testng.TestNG.runSuitesSequentially(TestNG.java:1187)
at org.testng.TestNG.runSuitesLocally(TestNG.java:1109)
at org.testng.TestNG.runSuites(TestNG.java:1039)
at org.testng.TestNG.run(TestNG.java:1007)
at org.apache.maven.surefire.testng.TestNGExecutor.run(TestNGExecutor.java:135)
at org.apache.maven.surefire.testng.TestNGDirectoryTestSuite.executeMulti(TestNGDirectoryTestSuite.java:193)
at org.apache.maven.surefire.testng.TestNGDirectoryTestSuite.execute(TestNGDirectoryTestSuite.java:94)
at org.apache.maven.surefire.testng.TestNGProvider.invoke(TestNGProvider.java:146)
at org.apache.maven.surefire.booter.ForkedBooter.invokeProviderInSameClassLoader(ForkedBooter.java:384)
at org.apache.maven.surefire.booter.ForkedBooter.runSuitesInProcess(ForkedBooter.java:345)
at org.apache.maven.surefire.booter.ForkedBooter.execute(ForkedBooter.java:126)
at org.apache.maven.surefire.booter.ForkedBooter.main(ForkedBooter.java:418)
]]>
    </failure>
  </testcase> <!-- verifyUserFailedLoginWithWrongDetails -->
  <system-out>
Clicking on Login Link : [[ChromeDriver: chrome on WINDOWS (e6bfae2452611ef93f1aa53c9ee30518)] -> link text: Log in]<br> Entering Email Id : Roger123@gmail.com On Email Field [[ChromeDriver: chrome on WINDOWS (e6bfae2452611ef93f1aa53c9ee30518)] -> id: Email]<br> Entering Password : Roger197777 On Password Field [[ChromeDriver: chrome on WINDOWS (e6bfae2452611ef93f1aa53c9ee30518)] -> xpath: //input[@name='Password']]<br>  Clicking on Login Button : [[ChromeDriver: chrome on WINDOWS (e6bfae2452611ef93f1aa53c9ee30518)] -> xpath: //input[@class='button-1 login-button']]<br> Getting Welcome Store Text[[ChromeDriver: chrome on WINDOWS (e6bfae2452611ef93f1aa53c9ee30518)] -> xpath: //div[@class='topic-block-title']//h2]<br>  </system-out>
  <testcase name="verifyUserIsNotAbleToLoginWithInvalidCredentials" time="29.162" classname="com.demo.nopcommerce.testsuite.LoginTest"/>
  <system-out>
Clicking on Login Link : [[ChromeDriver: chrome on WINDOWS (66f2ba0eb1346949e2f64ad59b9cc556)] -> link text: Log in]<br> Entering Email Id : Roger123@gmail.com On Email Field [[ChromeDriver: chrome on WINDOWS (66f2ba0eb1346949e2f64ad59b9cc556)] -> id: Email]<br> Entering A Wrong Password : Roger197777 On Password Field [[ChromeDriver: chrome on WINDOWS (66f2ba0eb1346949e2f64ad59b9cc556)] -> xpath: //input[@name='Password']]<br>  Clicking on Login Button : [[ChromeDriver: chrome on WINDOWS (66f2ba0eb1346949e2f64ad59b9cc556)] -> xpath: //input[@class='button-1 login-button']]<br>  Getting Error Message Text : [[ChromeDriver: chrome on WINDOWS (66f2ba0eb1346949e2f64ad59b9cc556)] -> xpath: //div[@class='message-error validation-summary-errors']]<br>  </system-out>
</testsuite> <!-- com.demo.nopcommerce.testsuite.LoginTest -->
