<?xml version="1.0" encoding="UTF-8"?>
<!-- Generated by org.testng.reporters.JUnitReportReporter -->
<testsuite skipped="0" hostname="LAPTOP-7HUNRUID" name="com.demo.nopcommerce.testsuite.RegistrationTest" tests="4" failures="1" timestamp="2020-04-22T12:23:38 BST" time="230.030" errors="0">
  <testcase name="verifyThatUserIsAbleToNavigateToRegisterPage" time="17.367" classname="com.demo.nopcommerce.testsuite.RegistrationTest"/>
  <system-out>
Clicking on Register Link : [[ChromeDriver: chrome on WINDOWS (ff83f14f2d4d00ac1ec51ee273d8b42d)] -> link text: Register]<br> Verifying Register Text : [[ChromeDriver: chrome on WINDOWS (ff83f14f2d4d00ac1ec51ee273d8b42d)] -> xpath: //h1[contains(text(),'Register')]]<br> Getting Register Text : [[ChromeDriver: chrome on WINDOWS (ff83f14f2d4d00ac1ec51ee273d8b42d)] -> xpath: //h1[contains(text(),'Register')]]<br>  </system-out>
  <testcase name="verifyThatNewUserIsAbleToRegisterSuccessfully" time="110.257" classname="com.demo.nopcommerce.testsuite.RegistrationTest"/>
  <system-out>
Clicking on Register Link : [[ChromeDriver: chrome on WINDOWS (4bc2ba91f84cba75419db56b5042db2e)] -> link text: Register]<br> Clicking on Male Gender Radio Button  : [[ChromeDriver: chrome on WINDOWS (4bc2ba91f84cba75419db56b5042db2e)] -> id: gender-male]<br> Entering First Name : Roger On First Name Field : [[ChromeDriver: chrome on WINDOWS (4bc2ba91f84cba75419db56b5042db2e)] -> xpath: //input[@name='FirstName']]<br> Entering Last Name : Moore On Last Name Field : [[ChromeDriver: chrome on WINDOWS (4bc2ba91f84cba75419db56b5042db2e)] -> xpath: //input[@name='LastName']]<br> Selecting Day of Birth : 1 On Day of Birth Field : [[ChromeDriver: chrome on WINDOWS (4bc2ba91f84cba75419db56b5042db2e)] -> xpath: //select[@name='DateOfBirthDay']]<br> Selecting Month of Birth : January On Month of Birth Field : [[ChromeDriver: chrome on WINDOWS (4bc2ba91f84cba75419db56b5042db2e)] -> xpath: //select[@name='DateOfBirthMonth']]<br> Selecting Year of Birth : 1980 On Year of Birth Field : [[ChromeDriver: chrome on WINDOWS (4bc2ba91f84cba75419db56b5042db2e)] -> xpath: //select[@name='DateOfBirthYear']]<br> Entering Email ID : RogerlEcl@gmail.com On Email Field : [[ChromeDriver: chrome on WINDOWS (4bc2ba91f84cba75419db56b5042db2e)] -> xpath: //input[@name='Email']]<br> Entering Company Name : Roger Moore International On Company Name Field : [[ChromeDriver: chrome on WINDOWS (4bc2ba91f84cba75419db56b5042db2e)] -> xpath: //input[@name='Company']]<br> Entering Password : Roger4R4 On Password Field : [[ChromeDriver: chrome on WINDOWS (4bc2ba91f84cba75419db56b5042db2e)] -> xpath: //input[@name='Password']]<br> Confirming Password : Roger4R4 On Confirm Password Field : [[ChromeDriver: chrome on WINDOWS (4bc2ba91f84cba75419db56b5042db2e)] -> xpath: //input[@name='ConfirmPassword']]<br> Clicking on Register Button  : [[ChromeDriver: chrome on WINDOWS (4bc2ba91f84cba75419db56b5042db2e)] -> xpath: //input[@name='register-button']]<br> Getting Registration Confirmation Text[[ChromeDriver: chrome on WINDOWS (4bc2ba91f84cba75419db56b5042db2e)] -> xpath: //div[@class='result']]<br>  </system-out>
  <testcase name="verifyThatNewUserFailedTestToRegister" time="76.069" classname="com.demo.nopcommerce.testsuite.RegistrationTest">
    <failure type="java.lang.AssertionError" message="expected [Your registration] but found [Your registration completed]">
      <![CDATA[java.lang.AssertionError: expected [Your registration] but found [Your registration completed]
at org.testng.Assert.fail(Assert.java:97)
at org.testng.Assert.assertEqualsImpl(Assert.java:136)
at org.testng.Assert.assertEquals(Assert.java:118)
at org.testng.Assert.assertEquals(Assert.java:575)
at org.testng.Assert.assertEquals(Assert.java:585)
at com.demo.nopcommerce.testsuite.RegistrationTest.verifyThatNewUserFailedTestToRegister(RegistrationTest.java:103)
at sun.reflect.NativeMethodAccessorImpl.invoke0(Native Method)
at sun.reflect.NativeMethodAccessorImpl.invoke(NativeMethodAccessorImpl.java:62)
at sun.reflect.DelegatingMethodAccessorImpl.invoke(DelegatingMethodAccessorImpl.java:43)
at java.lang.reflect.Method.invoke(Method.java:498)
at org.testng.internal.MethodInvocationHelper.invokeMethod(MethodInvocationHelper.java:134)
at org.testng.internal.TestInvoker.invokeMethod(TestInvoker.java:597)
at org.testng.internal.TestInvoker.invokeTestMethod(TestInvoker.java:173)
at org.testng.internal.MethodRunner.runInSequence(MethodRunner.java:46)
at org.testng.internal.TestInvoker$MethodInvocationAgent.invoke(TestInvoker.java:816)
at org.testng.internal.TestInvoker.invokeTestMethods(TestInvoker.java:146)
at org.testng.internal.TestMethodWorker.invokeTestMethods(TestMethodWorker.java:146)
at org.testng.internal.TestMethodWorker.run(TestMethodWorker.java:128)
at java.util.ArrayList.forEach(ArrayList.java:1249)
at org.testng.TestRunner.privateRun(TestRunner.java:766)
at org.testng.TestRunner.run(TestRunner.java:587)
at org.testng.SuiteRunner.runTest(SuiteRunner.java:384)
at org.testng.SuiteRunner.runSequentially(SuiteRunner.java:378)
at org.testng.SuiteRunner.privateRun(SuiteRunner.java:337)
at org.testng.SuiteRunner.run(SuiteRunner.java:286)
at org.testng.SuiteRunnerWorker.runSuite(SuiteRunnerWorker.java:53)
at org.testng.SuiteRunnerWorker.run(SuiteRunnerWorker.java:96)
at org.testng.TestNG.runSuitesSequentially(TestNG.java:1187)
at org.testng.TestNG.runSuitesLocally(TestNG.java:1109)
at org.testng.TestNG.runSuites(TestNG.java:1039)
at org.testng.TestNG.run(TestNG.java:1007)
at org.apache.maven.surefire.testng.TestNGExecutor.run(TestNGExecutor.java:135)
at org.apache.maven.surefire.testng.TestNGDirectoryTestSuite.executeMulti(TestNGDirectoryTestSuite.java:193)
at org.apache.maven.surefire.testng.TestNGDirectoryTestSuite.execute(TestNGDirectoryTestSuite.java:94)
at org.apache.maven.surefire.testng.TestNGProvider.invoke(TestNGProvider.java:146)
at org.apache.maven.surefire.booter.ForkedBooter.invokeProviderInSameClassLoader(ForkedBooter.java:384)
at org.apache.maven.surefire.booter.ForkedBooter.runSuitesInProcess(ForkedBooter.java:345)
at org.apache.maven.surefire.booter.ForkedBooter.execute(ForkedBooter.java:126)
at org.apache.maven.surefire.booter.ForkedBooter.main(ForkedBooter.java:418)
]]>
    </failure>
  </testcase> <!-- verifyThatNewUserFailedTestToRegister -->
  <system-out>
Clicking on Register Link : [[ChromeDriver: chrome on WINDOWS (054fb0066d5eb766d9070b798ea537cd)] -> link text: Register]<br> Clicking on Male Gender Radio Button  : [[ChromeDriver: chrome on WINDOWS (054fb0066d5eb766d9070b798ea537cd)] -> id: gender-male]<br> Entering First Name : Roger On First Name Field : [[ChromeDriver: chrome on WINDOWS (054fb0066d5eb766d9070b798ea537cd)] -> xpath: //input[@name='FirstName']]<br> Entering Last Name : Moore On Last Name Field : [[ChromeDriver: chrome on WINDOWS (054fb0066d5eb766d9070b798ea537cd)] -> xpath: //input[@name='LastName']]<br> Selecting Day of Birth : 1 On Day of Birth Field : [[ChromeDriver: chrome on WINDOWS (054fb0066d5eb766d9070b798ea537cd)] -> xpath: //select[@name='DateOfBirthDay']]<br> Selecting Month of Birth : January On Month of Birth Field : [[ChromeDriver: chrome on WINDOWS (054fb0066d5eb766d9070b798ea537cd)] -> xpath: //select[@name='DateOfBirthMonth']]<br> Selecting Year of Birth : 1980 On Year of Birth Field : [[ChromeDriver: chrome on WINDOWS (054fb0066d5eb766d9070b798ea537cd)] -> xpath: //select[@name='DateOfBirthYear']]<br> Entering Email ID : Roger0d3J@gmail.com On Email Field : [[ChromeDriver: chrome on WINDOWS (054fb0066d5eb766d9070b798ea537cd)] -> xpath: //input[@name='Email']]<br> Entering Company Name : Roger Moore International On Company Name Field : [[ChromeDriver: chrome on WINDOWS (054fb0066d5eb766d9070b798ea537cd)] -> xpath: //input[@name='Company']]<br> Entering Password : RogerSSb On Password Field : [[ChromeDriver: chrome on WINDOWS (054fb0066d5eb766d9070b798ea537cd)] -> xpath: //input[@name='Password']]<br> Confirming Password : RogerSSb On Confirm Password Field : [[ChromeDriver: chrome on WINDOWS (054fb0066d5eb766d9070b798ea537cd)] -> xpath: //input[@name='ConfirmPassword']]<br> Clicking on Register Button  : [[ChromeDriver: chrome on WINDOWS (054fb0066d5eb766d9070b798ea537cd)] -> xpath: //input[@name='register-button']]<br> Getting Registration Confirmation Text[[ChromeDriver: chrome on WINDOWS (054fb0066d5eb766d9070b798ea537cd)] -> xpath: //div[@class='result']]<br>  </system-out>
  <testcase name="verifyUserisNotBeAbleToRegisterWithInvalidCredentials" time="26.337" classname="com.demo.nopcommerce.testsuite.RegistrationTest"/>
  <system-out>
Clicking on Register Link : [[ChromeDriver: chrome on WINDOWS (b711b6a4c2418f773000ec9a985a90c8)] -> link text: Register]<br> Clicking on Male Gender Radio Button  : [[ChromeDriver: chrome on WINDOWS (b711b6a4c2418f773000ec9a985a90c8)] -> id: gender-male]<br> Entering First Name : Roger On First Name Field : [[ChromeDriver: chrome on WINDOWS (b711b6a4c2418f773000ec9a985a90c8)] -> xpath: //input[@name='FirstName']]<br> Entering Last Name : Moore On Last Name Field : [[ChromeDriver: chrome on WINDOWS (b711b6a4c2418f773000ec9a985a90c8)] -> xpath: //input[@name='LastName']]<br> Selecting Day of Birth : 1 On Day of Birth Field : [[ChromeDriver: chrome on WINDOWS (b711b6a4c2418f773000ec9a985a90c8)] -> xpath: //select[@name='DateOfBirthDay']]<br> Selecting Month of Birth : January On Month of Birth Field : [[ChromeDriver: chrome on WINDOWS (b711b6a4c2418f773000ec9a985a90c8)] -> xpath: //select[@name='DateOfBirthMonth']]<br> Selecting Year of Birth : 1980 On Year of Birth Field : [[ChromeDriver: chrome on WINDOWS (b711b6a4c2418f773000ec9a985a90c8)] -> xpath: //select[@name='DateOfBirthYear']]<br> Entering Email ID : RogerCdfe@gmail.com On Email Field : [[ChromeDriver: chrome on WINDOWS (b711b6a4c2418f773000ec9a985a90c8)] -> xpath: //input[@name='Email']]<br> Entering Company Name : Roger Moore International On Company Name Field : [[ChromeDriver: chrome on WINDOWS (b711b6a4c2418f773000ec9a985a90c8)] -> xpath: //input[@name='Company']]<br> Entering Password : RogerglQ On Password Field : [[ChromeDriver: chrome on WINDOWS (b711b6a4c2418f773000ec9a985a90c8)] -> xpath: //input[@name='Password']]<br> Providing Wrong Confirm Password : Roger77777 On Confirm Password Field : [[ChromeDriver: chrome on WINDOWS (b711b6a4c2418f773000ec9a985a90c8)] -> xpath: //input[@name='ConfirmPassword']]<br> Clicking on Register Button  : [[ChromeDriver: chrome on WINDOWS (b711b6a4c2418f773000ec9a985a90c8)] -> xpath: //input[@name='register-button']]<br> Verifying Registration Error Message : [[ChromeDriver: chrome on WINDOWS (b711b6a4c2418f773000ec9a985a90c8)] -> xpath: //span[@id='ConfirmPassword-error']]<br> Getting Registration Error Message : [[ChromeDriver: chrome on WINDOWS (b711b6a4c2418f773000ec9a985a90c8)] -> xpath: //span[@id='ConfirmPassword-error']]<br>  </system-out>
</testsuite> <!-- com.demo.nopcommerce.testsuite.RegistrationTest -->
