<?xml version="1.0" encoding="UTF-8"?>
<!-- Generated by org.testng.reporters.JUnitReportReporter -->
<testsuite skipped="0" hostname="LAPTOP-7HUNRUID" name="com.demo.nopcommerce.testsuite.ComputerTest" tests="3" failures="1" timestamp="2020-04-22T12:23:38 BST" time="163.182" errors="0">
  <testcase name="verifyUserAbleToNavigateToComputersPage" time="17.559" classname="com.demo.nopcommerce.testsuite.ComputerTest"/>
  <system-out>
Clicking on Computer Link : [[ChromeDriver: chrome on WINDOWS (9c1ab20c3455bcd5b572865538faccc1)] -> xpath: //ul[@class='top-menu notmobile']//a[contains(text(),'Computers')]]<br> Getting Computer Text : Computers [[ChromeDriver: chrome on WINDOWS (9c1ab20c3455bcd5b572865538faccc1)] -> xpath: //div[@class='page-title']//h1]<br>  </system-out>
  <testcase name="verifyUserIsAbleToNavigateToDesktopPageViaComputersPage" time="75.611" classname="com.demo.nopcommerce.testsuite.ComputerTest"/>
  <system-out>
Clicking on Computer Link : [[ChromeDriver: chrome on WINDOWS (0c117c852ad12ef3aeb2b2b6c138bebc)] -> xpath: //ul[@class='top-menu notmobile']//a[contains(text(),'Computers')]]<br> Clicking on Desktop Link : [[ChromeDriver: chrome on WINDOWS (0c117c852ad12ef3aeb2b2b6c138bebc)] -> xpath: //h2[@class='title']//a[contains(text(),'Desktops')]]<br> Getting Desktop Text : [[ChromeDriver: chrome on WINDOWS (0c117c852ad12ef3aeb2b2b6c138bebc)] -> xpath: /html/body/div[6]/div[3]/div[2]/div[2]/div/div[1]/h1]<br>  </system-out>
  <testcase name="verifyUserFailedTestToNavigateToDesktopPage" time="70.012" classname="com.demo.nopcommerce.testsuite.ComputerTest">
    <failure type="java.lang.AssertionError" message="The following asserts failed:
	expected [Desk] but found [Desktops]">
      <![CDATA[java.lang.AssertionError: The following asserts failed:
expected [Desk] but found [Desktops]
at org.testng.asserts.SoftAssert.assertAll(SoftAssert.java:47)
at org.testng.asserts.SoftAssert.assertAll(SoftAssert.java:31)
at com.demo.nopcommerce.testsuite.ComputerTest.verifyUserFailedTestToNavigateToDesktopPage(ComputerTest.java:61)
at sun.reflect.NativeMethodAccessorImpl.invoke0(Native Method)
at sun.reflect.NativeMethodAccessorImpl.invoke(NativeMethodAccessorImpl.java:62)
at sun.reflect.DelegatingMethodAccessorImpl.invoke(DelegatingMethodAccessorImpl.java:43)
at java.lang.reflect.Method.invoke(Method.java:498)
at org.testng.internal.MethodInvocationHelper.invokeMethod(MethodInvocationHelper.java:134)
at org.testng.internal.TestInvoker.invokeMethod(TestInvoker.java:597)
at org.testng.internal.TestInvoker.invokeTestMethod(TestInvoker.java:173)
at org.testng.internal.MethodRunner.runInSequence(MethodRunner.java:46)
at org.testng.internal.TestInvoker$MethodInvocationAgent.invoke(TestInvoker.java:816)
at org.testng.internal.TestInvoker.invokeTestMethods(TestInvoker.java:146)
at org.testng.internal.TestMethodWorker.invokeTestMethods(TestMethodWorker.java:146)
at org.testng.internal.TestMethodWorker.run(TestMethodWorker.java:128)
at java.util.ArrayList.forEach(ArrayList.java:1249)
at org.testng.TestRunner.privateRun(TestRunner.java:766)
at org.testng.TestRunner.run(TestRunner.java:587)
at org.testng.SuiteRunner.runTest(SuiteRunner.java:384)
at org.testng.SuiteRunner.runSequentially(SuiteRunner.java:378)
at org.testng.SuiteRunner.privateRun(SuiteRunner.java:337)
at org.testng.SuiteRunner.run(SuiteRunner.java:286)
at org.testng.SuiteRunnerWorker.runSuite(SuiteRunnerWorker.java:53)
at org.testng.SuiteRunnerWorker.run(SuiteRunnerWorker.java:96)
at org.testng.TestNG.runSuitesSequentially(TestNG.java:1187)
at org.testng.TestNG.runSuitesLocally(TestNG.java:1109)
at org.testng.TestNG.runSuites(TestNG.java:1039)
at org.testng.TestNG.run(TestNG.java:1007)
at org.apache.maven.surefire.testng.TestNGExecutor.run(TestNGExecutor.java:135)
at org.apache.maven.surefire.testng.TestNGDirectoryTestSuite.executeMulti(TestNGDirectoryTestSuite.java:193)
at org.apache.maven.surefire.testng.TestNGDirectoryTestSuite.execute(TestNGDirectoryTestSuite.java:94)
at org.apache.maven.surefire.testng.TestNGProvider.invoke(TestNGProvider.java:146)
at org.apache.maven.surefire.booter.ForkedBooter.invokeProviderInSameClassLoader(ForkedBooter.java:384)
at org.apache.maven.surefire.booter.ForkedBooter.runSuitesInProcess(ForkedBooter.java:345)
at org.apache.maven.surefire.booter.ForkedBooter.execute(ForkedBooter.java:126)
at org.apache.maven.surefire.booter.ForkedBooter.main(ForkedBooter.java:418)
]]>
    </failure>
  </testcase> <!-- verifyUserFailedTestToNavigateToDesktopPage -->
  <system-out>
Clicking on Computer Link : [[ChromeDriver: chrome on WINDOWS (c962a8c4ce88e87fe2116664143f8633)] -> xpath: //ul[@class='top-menu notmobile']//a[contains(text(),'Computers')]]<br> Clicking on Desktop Link : [[ChromeDriver: chrome on WINDOWS (c962a8c4ce88e87fe2116664143f8633)] -> xpath: //h2[@class='title']//a[contains(text(),'Desktops')]]<br> Getting Desktop Text : [[ChromeDriver: chrome on WINDOWS (c962a8c4ce88e87fe2116664143f8633)] -> xpath: /html/body/div[6]/div[3]/div[2]/div[2]/div/div[1]/h1]<br>  </system-out>
</testsuite> <!-- com.demo.nopcommerce.testsuite.ComputerTest -->
